[0.040s] Invoking command in '/home/agnella/banyu/tugas1/build/pubsub': /usr/bin/cmake /home/agnella/banyu/tugas1/src/pubsub -DCMAKE_INSTALL_PREFIX=/home/agnella/banyu/tugas1/install/pubsub
[0.394s] -- The C compiler identification is GNU 11.4.0
[0.560s] -- The CXX compiler identification is GNU 11.4.0
[0.576s] -- Detecting C compiler ABI info
[0.660s] -- Detecting C compiler ABI info - done
[0.669s] -- Check for working C compiler: /usr/bin/cc - skipped
[0.671s] -- Detecting C compile features
[0.673s] -- Detecting C compile features - done
[0.678s] -- Detecting CXX compiler ABI info
[0.751s] -- Detecting CXX compiler ABI info - done
[0.760s] -- Check for working CXX compiler: /usr/bin/c++ - skipped
[0.760s] -- Detecting CXX compile features
[0.761s] -- Detecting CXX compile features - done
[0.776s] [31mCMake Error at CMakeLists.txt:9 (find_package):
[0.776s]   By not providing "Findament_cmake.cmake" in CMAKE_MODULE_PATH this project
[0.776s]   has asked CMake to find a package configuration file provided by
[0.777s]   "ament_cmake", but CMake did not find one.
[0.777s] 
[0.777s]   Could not find a package configuration file provided by "ament_cmake" with
[0.777s]   any of the following names:
[0.777s] 
[0.777s]     ament_cmakeConfig.cmake
[0.777s]     ament_cmake-config.cmake
[0.777s] 
[0.777s]   Add the installation prefix of "ament_cmake" to CMAKE_PREFIX_PATH or set
[0.777s]   "ament_cmake_DIR" to a directory containing one of the above files.  If
[0.777s]   "ament_cmake" provides a separate development package or SDK, be sure it
[0.777s]   has been installed.
[0.777s] 
[0.777s] [0m
[0.777s] -- Configuring incomplete, errors occurred!
[0.777s] See also "/home/agnella/banyu/tugas1/build/pubsub/CMakeFiles/CMakeOutput.log".
[0.781s] Invoked command in '/home/agnella/banyu/tugas1/build/pubsub' returned '1': /usr/bin/cmake /home/agnella/banyu/tugas1/src/pubsub -DCMAKE_INSTALL_PREFIX=/home/agnella/banyu/tugas1/install/pubsub
