[0.150s] DEBUG:colcon:Command line arguments: ['/usr/bin/colcon', 'build']
[0.150s] DEBUG:colcon:Parsed command line arguments: Namespace(log_base=None, log_level=None, verb_name='build', build_base='build', install_base='install', merge_install=False, symlink_install=False, test_result_base=None, continue_on_error=False, executor='parallel', parallel_workers=4, event_handlers=None, ignore_user_meta=False, metas=['./colcon.meta'], base_paths=['.'], packages_ignore=None, packages_ignore_regex=None, paths=None, packages_up_to=None, packages_up_to_regex=None, packages_above=None, packages_above_and_dependencies=None, packages_above_depth=None, packages_select_by_dep=None, packages_skip_by_dep=None, packages_skip_up_to=None, packages_select_build_failed=False, packages_skip_build_finished=False, packages_select_test_failures=False, packages_skip_test_passed=False, packages_select=None, packages_skip=None, packages_select_regex=None, packages_skip_regex=None, packages_start=None, packages_end=None, allow_overriding=[], cmake_args=None, cmake_target=None, cmake_target_skip_unavailable=False, cmake_clean_cache=False, cmake_clean_first=False, cmake_force_configure=False, ament_cmake_args=None, catkin_cmake_args=None, catkin_skip_building_tests=False, verb_parser=<colcon_defaults.argument_parser.defaults.DefaultArgumentsDecorator object at 0xffff86404340>, verb_extension=<colcon_core.verb.build.BuildVerb object at 0xffff865f4fa0>, main=<bound method BuildVerb.main of <colcon_core.verb.build.BuildVerb object at 0xffff865f4fa0>>)
[0.345s] Level 1:colcon.colcon_core.package_discovery:discover_packages(colcon_meta) check parameters
[0.345s] Level 1:colcon.colcon_core.package_discovery:discover_packages(recursive) check parameters
[0.345s] Level 1:colcon.colcon_core.package_discovery:discover_packages(ignore) check parameters
[0.345s] Level 1:colcon.colcon_core.package_discovery:discover_packages(path) check parameters
[0.345s] Level 1:colcon.colcon_core.package_discovery:discover_packages(colcon_meta) discover
[0.345s] Level 1:colcon.colcon_core.package_discovery:discover_packages(recursive) discover
[0.345s] INFO:colcon.colcon_core.package_discovery:Crawling recursively for packages in '/home/agnella/banyu/tugas1'
[0.346s] Level 1:colcon.colcon_core.package_identification:_identify(.) by extensions ['ignore', 'ignore_ament_install']
[0.346s] Level 1:colcon.colcon_core.package_identification:_identify(.) by extension 'ignore'
[0.346s] Level 1:colcon.colcon_core.package_identification:_identify(.) by extension 'ignore_ament_install'
[0.346s] Level 1:colcon.colcon_core.package_identification:_identify(.) by extensions ['colcon_pkg']
[0.346s] Level 1:colcon.colcon_core.package_identification:_identify(.) by extension 'colcon_pkg'
[0.346s] Level 1:colcon.colcon_core.package_identification:_identify(.) by extensions ['colcon_meta']
[0.346s] Level 1:colcon.colcon_core.package_identification:_identify(.) by extension 'colcon_meta'
[0.346s] Level 1:colcon.colcon_core.package_identification:_identify(.) by extensions ['ros']
[0.346s] Level 1:colcon.colcon_core.package_identification:_identify(.) by extension 'ros'
[0.359s] Level 1:colcon.colcon_core.package_identification:_identify(.) by extensions ['cmake', 'python']
[0.359s] Level 1:colcon.colcon_core.package_identification:_identify(.) by extension 'cmake'
[0.359s] Level 1:colcon.colcon_core.package_identification:_identify(.) by extension 'python'
[0.359s] Level 1:colcon.colcon_core.package_identification:_identify(.) by extensions ['python_setup_py']
[0.359s] Level 1:colcon.colcon_core.package_identification:_identify(.) by extension 'python_setup_py'
[0.359s] Level 1:colcon.colcon_core.package_identification:_identify(build) by extensions ['ignore', 'ignore_ament_install']
[0.359s] Level 1:colcon.colcon_core.package_identification:_identify(build) by extension 'ignore'
[0.359s] Level 1:colcon.colcon_core.package_identification:_identify(build) ignored
[0.360s] Level 1:colcon.colcon_core.package_identification:_identify(install) by extensions ['ignore', 'ignore_ament_install']
[0.360s] Level 1:colcon.colcon_core.package_identification:_identify(install) by extension 'ignore'
[0.360s] Level 1:colcon.colcon_core.package_identification:_identify(install) ignored
[0.360s] Level 1:colcon.colcon_core.package_identification:_identify(log) by extensions ['ignore', 'ignore_ament_install']
[0.360s] Level 1:colcon.colcon_core.package_identification:_identify(log) by extension 'ignore'
[0.360s] Level 1:colcon.colcon_core.package_identification:_identify(log) ignored
[0.360s] Level 1:colcon.colcon_core.package_identification:_identify(src) by extensions ['ignore', 'ignore_ament_install']
[0.360s] Level 1:colcon.colcon_core.package_identification:_identify(src) by extension 'ignore'
[0.360s] Level 1:colcon.colcon_core.package_identification:_identify(src) by extension 'ignore_ament_install'
[0.360s] Level 1:colcon.colcon_core.package_identification:_identify(src) by extensions ['colcon_pkg']
[0.360s] Level 1:colcon.colcon_core.package_identification:_identify(src) by extension 'colcon_pkg'
[0.360s] Level 1:colcon.colcon_core.package_identification:_identify(src) by extensions ['colcon_meta']
[0.360s] Level 1:colcon.colcon_core.package_identification:_identify(src) by extension 'colcon_meta'
[0.360s] Level 1:colcon.colcon_core.package_identification:_identify(src) by extensions ['ros']
[0.360s] Level 1:colcon.colcon_core.package_identification:_identify(src) by extension 'ros'
[0.360s] Level 1:colcon.colcon_core.package_identification:_identify(src) by extensions ['cmake', 'python']
[0.360s] Level 1:colcon.colcon_core.package_identification:_identify(src) by extension 'cmake'
[0.360s] Level 1:colcon.colcon_core.package_identification:_identify(src) by extension 'python'
[0.360s] Level 1:colcon.colcon_core.package_identification:_identify(src) by extensions ['python_setup_py']
[0.360s] Level 1:colcon.colcon_core.package_identification:_identify(src) by extension 'python_setup_py'
[0.361s] Level 1:colcon.colcon_core.package_identification:_identify(src/interfaces) by extensions ['ignore', 'ignore_ament_install']
[0.361s] Level 1:colcon.colcon_core.package_identification:_identify(src/interfaces) by extension 'ignore'
[0.361s] Level 1:colcon.colcon_core.package_identification:_identify(src/interfaces) by extension 'ignore_ament_install'
[0.361s] Level 1:colcon.colcon_core.package_identification:_identify(src/interfaces) by extensions ['colcon_pkg']
[0.361s] Level 1:colcon.colcon_core.package_identification:_identify(src/interfaces) by extension 'colcon_pkg'
[0.361s] Level 1:colcon.colcon_core.package_identification:_identify(src/interfaces) by extensions ['colcon_meta']
[0.361s] Level 1:colcon.colcon_core.package_identification:_identify(src/interfaces) by extension 'colcon_meta'
[0.361s] Level 1:colcon.colcon_core.package_identification:_identify(src/interfaces) by extensions ['ros']
[0.361s] Level 1:colcon.colcon_core.package_identification:_identify(src/interfaces) by extension 'ros'
[0.363s] DEBUG:colcon.colcon_core.package_identification:Package 'src/interfaces' with type 'ros.ament_cmake' and name 'interfaces'
[0.363s] Level 1:colcon.colcon_core.package_identification:_identify(src/pubsub) by extensions ['ignore', 'ignore_ament_install']
[0.363s] Level 1:colcon.colcon_core.package_identification:_identify(src/pubsub) by extension 'ignore'
[0.363s] Level 1:colcon.colcon_core.package_identification:_identify(src/pubsub) by extension 'ignore_ament_install'
[0.363s] Level 1:colcon.colcon_core.package_identification:_identify(src/pubsub) by extensions ['colcon_pkg']
[0.363s] Level 1:colcon.colcon_core.package_identification:_identify(src/pubsub) by extension 'colcon_pkg'
[0.363s] Level 1:colcon.colcon_core.package_identification:_identify(src/pubsub) by extensions ['colcon_meta']
[0.363s] Level 1:colcon.colcon_core.package_identification:_identify(src/pubsub) by extension 'colcon_meta'
[0.363s] Level 1:colcon.colcon_core.package_identification:_identify(src/pubsub) by extensions ['ros']
[0.364s] Level 1:colcon.colcon_core.package_identification:_identify(src/pubsub) by extension 'ros'
[0.364s] DEBUG:colcon.colcon_core.package_identification:Package 'src/pubsub' with type 'ros.ament_cmake' and name 'pubsub'
[0.364s] Level 1:colcon.colcon_core.package_discovery:discover_packages(recursive) using defaults
[0.364s] Level 1:colcon.colcon_core.package_discovery:discover_packages(ignore) discover
[0.364s] Level 1:colcon.colcon_core.package_discovery:discover_packages(ignore) using defaults
[0.364s] Level 1:colcon.colcon_core.package_discovery:discover_packages(path) discover
[0.364s] Level 1:colcon.colcon_core.package_discovery:discover_packages(path) using defaults
[0.384s] Level 1:colcon.colcon_core.package_discovery:discover_packages(prefix_path) check parameters
[0.384s] Level 1:colcon.colcon_core.package_discovery:discover_packages(prefix_path) discover
[0.386s] DEBUG:colcon.colcon_installed_package_information.package_discovery:Found 2 installed packages in /home/agnella/banyu/tugas1/install
[0.389s] DEBUG:colcon.colcon_installed_package_information.package_discovery:Found 270 installed packages in /opt/ros/humble
[0.403s] Level 1:colcon.colcon_core.package_discovery:discover_packages(prefix_path) using defaults
[0.518s] Level 5:colcon.colcon_core.verb:set package 'interfaces' build argument 'cmake_args' from command line to 'None'
[0.519s] Level 5:colcon.colcon_core.verb:set package 'interfaces' build argument 'cmake_target' from command line to 'None'
[0.519s] Level 5:colcon.colcon_core.verb:set package 'interfaces' build argument 'cmake_target_skip_unavailable' from command line to 'False'
[0.519s] Level 5:colcon.colcon_core.verb:set package 'interfaces' build argument 'cmake_clean_cache' from command line to 'False'
[0.519s] Level 5:colcon.colcon_core.verb:set package 'interfaces' build argument 'cmake_clean_first' from command line to 'False'
[0.521s] Level 5:colcon.colcon_core.verb:set package 'interfaces' build argument 'cmake_force_configure' from command line to 'False'
[0.521s] Level 5:colcon.colcon_core.verb:set package 'interfaces' build argument 'ament_cmake_args' from command line to 'None'
[0.521s] Level 5:colcon.colcon_core.verb:set package 'interfaces' build argument 'catkin_cmake_args' from command line to 'None'
[0.521s] Level 5:colcon.colcon_core.verb:set package 'interfaces' build argument 'catkin_skip_building_tests' from command line to 'False'
[0.522s] DEBUG:colcon.colcon_core.verb:Building package 'interfaces' with the following arguments: {'ament_cmake_args': None, 'build_base': '/home/agnella/banyu/tugas1/build/interfaces', 'catkin_cmake_args': None, 'catkin_skip_building_tests': False, 'cmake_args': None, 'cmake_clean_cache': False, 'cmake_clean_first': False, 'cmake_force_configure': False, 'cmake_target': None, 'cmake_target_skip_unavailable': False, 'install_base': '/home/agnella/banyu/tugas1/install/interfaces', 'merge_install': False, 'path': '/home/agnella/banyu/tugas1/src/interfaces', 'symlink_install': False, 'test_result_base': None}
[0.522s] Level 5:colcon.colcon_core.verb:set package 'pubsub' build argument 'cmake_args' from command line to 'None'
[0.522s] Level 5:colcon.colcon_core.verb:set package 'pubsub' build argument 'cmake_target' from command line to 'None'
[0.523s] Level 5:colcon.colcon_core.verb:set package 'pubsub' build argument 'cmake_target_skip_unavailable' from command line to 'False'
[0.523s] Level 5:colcon.colcon_core.verb:set package 'pubsub' build argument 'cmake_clean_cache' from command line to 'False'
[0.523s] Level 5:colcon.colcon_core.verb:set package 'pubsub' build argument 'cmake_clean_first' from command line to 'False'
[0.523s] Level 5:colcon.colcon_core.verb:set package 'pubsub' build argument 'cmake_force_configure' from command line to 'False'
[0.523s] Level 5:colcon.colcon_core.verb:set package 'pubsub' build argument 'ament_cmake_args' from command line to 'None'
[0.523s] Level 5:colcon.colcon_core.verb:set package 'pubsub' build argument 'catkin_cmake_args' from command line to 'None'
[0.524s] Level 5:colcon.colcon_core.verb:set package 'pubsub' build argument 'catkin_skip_building_tests' from command line to 'False'
[0.524s] DEBUG:colcon.colcon_core.verb:Building package 'pubsub' with the following arguments: {'ament_cmake_args': None, 'build_base': '/home/agnella/banyu/tugas1/build/pubsub', 'catkin_cmake_args': None, 'catkin_skip_building_tests': False, 'cmake_args': None, 'cmake_clean_cache': False, 'cmake_clean_first': False, 'cmake_force_configure': False, 'cmake_target': None, 'cmake_target_skip_unavailable': False, 'install_base': '/home/agnella/banyu/tugas1/install/pubsub', 'merge_install': False, 'path': '/home/agnella/banyu/tugas1/src/pubsub', 'symlink_install': False, 'test_result_base': None}
[0.524s] INFO:colcon.colcon_core.executor:Executing jobs using 'parallel' executor
[0.526s] DEBUG:colcon.colcon_parallel_executor.executor.parallel:run_until_complete
[0.526s] INFO:colcon.colcon_ros.task.ament_cmake.build:Building ROS package in '/home/agnella/banyu/tugas1/src/interfaces' with build type 'ament_cmake'
[0.526s] INFO:colcon.colcon_cmake.task.cmake.build:Building CMake package in '/home/agnella/banyu/tugas1/src/interfaces'
[0.529s] INFO:colcon.colcon_core.plugin_system:Skipping extension 'colcon_core.shell.bat': Not used on non-Windows systems
[0.529s] INFO:colcon.colcon_core.shell:Skip shell extension 'powershell' for command environment: Not usable outside of PowerShell
[0.529s] DEBUG:colcon.colcon_core.shell:Skip shell extension 'dsv' for command environment
[0.553s] INFO:colcon.colcon_ros.task.ament_cmake.build:Building ROS package in '/home/agnella/banyu/tugas1/src/pubsub' with build type 'ament_cmake'
[0.553s] INFO:colcon.colcon_cmake.task.cmake.build:Building CMake package in '/home/agnella/banyu/tugas1/src/pubsub'
[0.553s] INFO:colcon.colcon_core.shell:Skip shell extension 'powershell' for command environment: Not usable outside of PowerShell
[0.553s] DEBUG:colcon.colcon_core.shell:Skip shell extension 'dsv' for command environment
[0.563s] DEBUG:colcon.colcon_core.event_handler.log_command:Invoking command in '/home/agnella/banyu/tugas1/build/interfaces': CMAKE_PREFIX_PATH=${CMAKE_PREFIX_PATH}:/opt/ros/humble /usr/bin/cmake --build /home/agnella/banyu/tugas1/build/interfaces -- -j4 -l4
[0.598s] DEBUG:colcon.colcon_core.event_handler.log_command:Invoking command in '/home/agnella/banyu/tugas1/build/pubsub': CMAKE_PREFIX_PATH=${CMAKE_PREFIX_PATH}:/opt/ros/humble /usr/bin/cmake --build /home/agnella/banyu/tugas1/build/pubsub -- -j4 -l4
[1.326s] DEBUG:colcon.colcon_core.event_handler.log_command:Invoked command in '/home/agnella/banyu/tugas1/build/interfaces' returned '0': CMAKE_PREFIX_PATH=${CMAKE_PREFIX_PATH}:/opt/ros/humble /usr/bin/cmake --build /home/agnella/banyu/tugas1/build/interfaces -- -j4 -l4
[1.420s] DEBUG:colcon.colcon_core.event_handler.log_command:Invoking command in '/home/agnella/banyu/tugas1/build/interfaces': CMAKE_PREFIX_PATH=${CMAKE_PREFIX_PATH}:/opt/ros/humble /usr/bin/cmake --install /home/agnella/banyu/tugas1/build/interfaces
[1.606s] Level 1:colcon.colcon_core.environment:create_environment_scripts_only(interfaces)
[1.615s] Level 1:colcon.colcon_core.environment:checking '/home/agnella/banyu/tugas1/install/interfaces' for CMake module files
[1.616s] Level 1:colcon.colcon_core.environment:checking '/home/agnella/banyu/tugas1/install/interfaces' for CMake config files
[1.617s] DEBUG:colcon.colcon_core.event_handler.log_command:Invoked command in '/home/agnella/banyu/tugas1/build/interfaces' returned '0': CMAKE_PREFIX_PATH=${CMAKE_PREFIX_PATH}:/opt/ros/humble /usr/bin/cmake --install /home/agnella/banyu/tugas1/build/interfaces
[1.620s] Level 1:colcon.colcon_core.shell:create_environment_hook('interfaces', 'cmake_prefix_path')
[1.620s] INFO:colcon.colcon_core.shell:Creating environment hook '/home/agnella/banyu/tugas1/install/interfaces/share/interfaces/hook/cmake_prefix_path.ps1'
[1.624s] INFO:colcon.colcon_core.shell:Creating environment descriptor '/home/agnella/banyu/tugas1/install/interfaces/share/interfaces/hook/cmake_prefix_path.dsv'
[1.626s] INFO:colcon.colcon_core.shell:Creating environment hook '/home/agnella/banyu/tugas1/install/interfaces/share/interfaces/hook/cmake_prefix_path.sh'
[1.628s] Level 1:colcon.colcon_core.environment:checking '/home/agnella/banyu/tugas1/install/interfaces/lib'
[1.629s] Level 1:colcon.colcon_core.shell:create_environment_hook('interfaces', 'ld_library_path_lib')
[1.630s] INFO:colcon.colcon_core.shell:Creating environment hook '/home/agnella/banyu/tugas1/install/interfaces/share/interfaces/hook/ld_library_path_lib.ps1'
[1.631s] INFO:colcon.colcon_core.shell:Creating environment descriptor '/home/agnella/banyu/tugas1/install/interfaces/share/interfaces/hook/ld_library_path_lib.dsv'
[1.636s] INFO:colcon.colcon_core.shell:Creating environment hook '/home/agnella/banyu/tugas1/install/interfaces/share/interfaces/hook/ld_library_path_lib.sh'
[1.639s] Level 1:colcon.colcon_core.environment:checking '/home/agnella/banyu/tugas1/install/interfaces/bin'
[1.640s] Level 1:colcon.colcon_core.environment:checking '/home/agnella/banyu/tugas1/install/interfaces/lib/pkgconfig/interfaces.pc'
[1.641s] Level 1:colcon.colcon_core.environment:checking '/home/agnella/banyu/tugas1/install/interfaces/lib/python3.10/site-packages'
[1.645s] Level 1:colcon.colcon_core.environment:checking '/home/agnella/banyu/tugas1/install/interfaces/bin'
[1.646s] INFO:colcon.colcon_core.shell:Creating package script '/home/agnella/banyu/tugas1/install/interfaces/share/interfaces/package.ps1'
[1.652s] INFO:colcon.colcon_core.shell:Creating package descriptor '/home/agnella/banyu/tugas1/install/interfaces/share/interfaces/package.dsv'
[1.654s] INFO:colcon.colcon_core.shell:Creating package script '/home/agnella/banyu/tugas1/install/interfaces/share/interfaces/package.sh'
[1.673s] INFO:colcon.colcon_core.shell:Creating package script '/home/agnella/banyu/tugas1/install/interfaces/share/interfaces/package.bash'
[1.674s] INFO:colcon.colcon_core.shell:Creating package script '/home/agnella/banyu/tugas1/install/interfaces/share/interfaces/package.zsh'
[1.676s] Level 1:colcon.colcon_core.environment:create_file_with_runtime_dependencies(/home/agnella/banyu/tugas1/install/interfaces/share/colcon-core/packages/interfaces)
[1.813s] Level 1:colcon.colcon_core.environment:create_environment_scripts_only(interfaces)
[1.814s] Level 1:colcon.colcon_core.environment:checking '/home/agnella/banyu/tugas1/install/interfaces' for CMake module files
[1.815s] Level 1:colcon.colcon_core.environment:checking '/home/agnella/banyu/tugas1/install/interfaces' for CMake config files
[1.815s] Level 1:colcon.colcon_core.shell:create_environment_hook('interfaces', 'cmake_prefix_path')
[1.816s] INFO:colcon.colcon_core.shell:Creating environment hook '/home/agnella/banyu/tugas1/install/interfaces/share/interfaces/hook/cmake_prefix_path.ps1'
[1.817s] INFO:colcon.colcon_core.shell:Creating environment descriptor '/home/agnella/banyu/tugas1/install/interfaces/share/interfaces/hook/cmake_prefix_path.dsv'
[1.818s] INFO:colcon.colcon_core.shell:Creating environment hook '/home/agnella/banyu/tugas1/install/interfaces/share/interfaces/hook/cmake_prefix_path.sh'
[1.820s] Level 1:colcon.colcon_core.environment:checking '/home/agnella/banyu/tugas1/install/interfaces/lib'
[1.820s] Level 1:colcon.colcon_core.shell:create_environment_hook('interfaces', 'ld_library_path_lib')
[1.821s] INFO:colcon.colcon_core.shell:Creating environment hook '/home/agnella/banyu/tugas1/install/interfaces/share/interfaces/hook/ld_library_path_lib.ps1'
[1.822s] INFO:colcon.colcon_core.shell:Creating environment descriptor '/home/agnella/banyu/tugas1/install/interfaces/share/interfaces/hook/ld_library_path_lib.dsv'
[1.826s] INFO:colcon.colcon_core.shell:Creating environment hook '/home/agnella/banyu/tugas1/install/interfaces/share/interfaces/hook/ld_library_path_lib.sh'
[1.827s] Level 1:colcon.colcon_core.environment:checking '/home/agnella/banyu/tugas1/install/interfaces/bin'
[1.827s] Level 1:colcon.colcon_core.environment:checking '/home/agnella/banyu/tugas1/install/interfaces/lib/pkgconfig/interfaces.pc'
[1.828s] Level 1:colcon.colcon_core.environment:checking '/home/agnella/banyu/tugas1/install/interfaces/lib/python3.10/site-packages'
[1.828s] Level 1:colcon.colcon_core.environment:checking '/home/agnella/banyu/tugas1/install/interfaces/bin'
[1.829s] INFO:colcon.colcon_core.shell:Creating package script '/home/agnella/banyu/tugas1/install/interfaces/share/interfaces/package.ps1'
[1.834s] INFO:colcon.colcon_core.shell:Creating package descriptor '/home/agnella/banyu/tugas1/install/interfaces/share/interfaces/package.dsv'
[1.836s] INFO:colcon.colcon_core.shell:Creating package script '/home/agnella/banyu/tugas1/install/interfaces/share/interfaces/package.sh'
[1.837s] INFO:colcon.colcon_core.shell:Creating package script '/home/agnella/banyu/tugas1/install/interfaces/share/interfaces/package.bash'
[1.838s] INFO:colcon.colcon_core.shell:Creating package script '/home/agnella/banyu/tugas1/install/interfaces/share/interfaces/package.zsh'
[1.842s] Level 1:colcon.colcon_core.environment:create_file_with_runtime_dependencies(/home/agnella/banyu/tugas1/install/interfaces/share/colcon-core/packages/interfaces)
[6.730s] DEBUG:colcon.colcon_core.event_handler.log_command:Invoked command in '/home/agnella/banyu/tugas1/build/pubsub' returned '2': CMAKE_PREFIX_PATH=${CMAKE_PREFIX_PATH}:/opt/ros/humble /usr/bin/cmake --build /home/agnella/banyu/tugas1/build/pubsub -- -j4 -l4
[6.769s] Level 1:colcon.colcon_core.environment:create_environment_scripts_only(pubsub)
[6.770s] Level 1:colcon.colcon_core.environment:checking '/home/agnella/banyu/tugas1/install/pubsub' for CMake module files
[6.770s] Level 1:colcon.colcon_core.environment:checking '/home/agnella/banyu/tugas1/install/pubsub' for CMake config files
[6.771s] Level 1:colcon.colcon_core.shell:create_environment_hook('pubsub', 'cmake_prefix_path')
[6.771s] INFO:colcon.colcon_core.shell:Creating environment hook '/home/agnella/banyu/tugas1/install/pubsub/share/pubsub/hook/cmake_prefix_path.ps1'
[6.772s] INFO:colcon.colcon_core.shell:Creating environment descriptor '/home/agnella/banyu/tugas1/install/pubsub/share/pubsub/hook/cmake_prefix_path.dsv'
[6.773s] INFO:colcon.colcon_core.shell:Creating environment hook '/home/agnella/banyu/tugas1/install/pubsub/share/pubsub/hook/cmake_prefix_path.sh'
[6.774s] Level 1:colcon.colcon_core.environment:checking '/home/agnella/banyu/tugas1/install/pubsub/lib'
[6.774s] Level 1:colcon.colcon_core.environment:checking '/home/agnella/banyu/tugas1/install/pubsub/bin'
[6.774s] Level 1:colcon.colcon_core.environment:checking '/home/agnella/banyu/tugas1/install/pubsub/lib/pkgconfig/pubsub.pc'
[6.774s] Level 1:colcon.colcon_core.environment:checking '/home/agnella/banyu/tugas1/install/pubsub/lib/python3.10/site-packages'
[6.774s] Level 1:colcon.colcon_core.environment:checking '/home/agnella/banyu/tugas1/install/pubsub/bin'
[6.775s] INFO:colcon.colcon_core.shell:Creating package script '/home/agnella/banyu/tugas1/install/pubsub/share/pubsub/package.ps1'
[6.775s] INFO:colcon.colcon_core.shell:Creating package descriptor '/home/agnella/banyu/tugas1/install/pubsub/share/pubsub/package.dsv'
[6.776s] INFO:colcon.colcon_core.shell:Creating package script '/home/agnella/banyu/tugas1/install/pubsub/share/pubsub/package.sh'
[6.776s] INFO:colcon.colcon_core.shell:Creating package script '/home/agnella/banyu/tugas1/install/pubsub/share/pubsub/package.bash'
[6.777s] INFO:colcon.colcon_core.shell:Creating package script '/home/agnella/banyu/tugas1/install/pubsub/share/pubsub/package.zsh'
[6.778s] Level 1:colcon.colcon_core.environment:create_file_with_runtime_dependencies(/home/agnella/banyu/tugas1/install/pubsub/share/colcon-core/packages/pubsub)
[6.788s] DEBUG:colcon.colcon_parallel_executor.executor.parallel:closing loop
[6.791s] DEBUG:colcon.colcon_parallel_executor.executor.parallel:loop closed
[6.791s] DEBUG:colcon.colcon_parallel_executor.executor.parallel:run_until_complete finished with '2'
[6.791s] DEBUG:colcon.colcon_core.event_reactor:joining thread
[6.801s] INFO:colcon.colcon_core.plugin_system:Skipping extension 'colcon_notification.desktop_notification.terminal_notifier': Not used on non-Darwin systems
[6.802s] INFO:colcon.colcon_core.plugin_system:Skipping extension 'colcon_notification.desktop_notification.win32': Not used on non-Windows systems
[6.802s] INFO:colcon.colcon_notification.desktop_notification:Sending desktop notification using 'notify2'
[6.862s] DEBUG:colcon.colcon_core.event_reactor:joined thread
[6.863s] INFO:colcon.colcon_core.shell:Creating prefix script '/home/agnella/banyu/tugas1/install/local_setup.ps1'
[6.864s] INFO:colcon.colcon_core.shell:Creating prefix util module '/home/agnella/banyu/tugas1/install/_local_setup_util_ps1.py'
[6.866s] INFO:colcon.colcon_core.shell:Creating prefix chain script '/home/agnella/banyu/tugas1/install/setup.ps1'
[6.867s] INFO:colcon.colcon_core.shell:Creating prefix script '/home/agnella/banyu/tugas1/install/local_setup.sh'
[6.868s] INFO:colcon.colcon_core.shell:Creating prefix util module '/home/agnella/banyu/tugas1/install/_local_setup_util_sh.py'
[6.869s] INFO:colcon.colcon_core.shell:Creating prefix chain script '/home/agnella/banyu/tugas1/install/setup.sh'
[6.874s] INFO:colcon.colcon_core.shell:Creating prefix script '/home/agnella/banyu/tugas1/install/local_setup.bash'
[6.875s] INFO:colcon.colcon_core.shell:Creating prefix chain script '/home/agnella/banyu/tugas1/install/setup.bash'
[6.876s] INFO:colcon.colcon_core.shell:Creating prefix script '/home/agnella/banyu/tugas1/install/local_setup.zsh'
[6.877s] INFO:colcon.colcon_core.shell:Creating prefix chain script '/home/agnella/banyu/tugas1/install/setup.zsh'
