[01m[K/home/agnella/banyu/tugas1/src/pubsub/src/node.cpp:[m[K In member function ‘[01m[Kvoid Publisher::fungsi_subscribe(const Joy&)[m[K’:
[01m[K/home/agnella/banyu/tugas1/src/pubsub/src/node.cpp:78:44:[m[K [01;31m[Kerror: [m[Kno matching function for call to ‘[01m[Kmin(int, interfaces::msg::Command_<std::allocator<void> >::_x_cmd_type&)[m[K’
   78 |         cmd.x_cmd = std::max(-250, [01;31m[Kstd::min(250, cmd.x_cmd)[m[K);
      |                                    [01;31m[K~~~~~~~~^~~~~~~~~~~~~~~~[m[K
In file included from [01m[K/usr/include/c++/11/array:40[m[K,
                 from [01m[K/usr/include/c++/11/tuple:39[m[K,
                 from [01m[K/usr/include/c++/11/functional:54[m[K,
                 from [01m[K/home/agnella/banyu/tugas1/src/pubsub/src/node.cpp:2[m[K:
[01m[K/usr/include/c++/11/bits/stl_algobase.h:230:5:[m[K [01;36m[Knote: [m[Kcandidate: ‘[01m[Ktemplate<class _Tp> constexpr const _Tp& std::min(const _Tp&, const _Tp&)[m[K’
  230 |     [01;36m[Kmin[m[K(const _Tp& __a, const _Tp& __b)
      |     [01;36m[K^~~[m[K
[01m[K/usr/include/c++/11/bits/stl_algobase.h:230:5:[m[K [01;36m[Knote: [m[K  template argument deduction/substitution failed:
[01m[K/home/agnella/banyu/tugas1/src/pubsub/src/node.cpp:78:44:[m[K [01;36m[Knote: [m[K  deduced conflicting types for parameter ‘[01m[Kconst _Tp[m[K’ (‘[01m[Kint[m[K’ and ‘[01m[Kinterfaces::msg::Command_<std::allocator<void> >::_x_cmd_type[m[K’ {aka ‘[01m[Kfloat[m[K’})
   78 |         cmd.x_cmd = std::max(-250, [01;36m[Kstd::min(250, cmd.x_cmd)[m[K);
      |                                    [01;36m[K~~~~~~~~^~~~~~~~~~~~~~~~[m[K
In file included from [01m[K/usr/include/c++/11/array:40[m[K,
                 from [01m[K/usr/include/c++/11/tuple:39[m[K,
                 from [01m[K/usr/include/c++/11/functional:54[m[K,
                 from [01m[K/home/agnella/banyu/tugas1/src/pubsub/src/node.cpp:2[m[K:
[01m[K/usr/include/c++/11/bits/stl_algobase.h:278:5:[m[K [01;36m[Knote: [m[Kcandidate: ‘[01m[Ktemplate<class _Tp, class _Compare> constexpr const _Tp& std::min(const _Tp&, const _Tp&, _Compare)[m[K’
  278 |     [01;36m[Kmin[m[K(const _Tp& __a, const _Tp& __b, _Compare __comp)
      |     [01;36m[K^~~[m[K
[01m[K/usr/include/c++/11/bits/stl_algobase.h:278:5:[m[K [01;36m[Knote: [m[K  template argument deduction/substitution failed:
[01m[K/home/agnella/banyu/tugas1/src/pubsub/src/node.cpp:78:44:[m[K [01;36m[Knote: [m[K  deduced conflicting types for parameter ‘[01m[Kconst _Tp[m[K’ (‘[01m[Kint[m[K’ and ‘[01m[Kinterfaces::msg::Command_<std::allocator<void> >::_x_cmd_type[m[K’ {aka ‘[01m[Kfloat[m[K’})
   78 |         cmd.x_cmd = std::max(-250, [01;36m[Kstd::min(250, cmd.x_cmd)[m[K);
      |                                    [01;36m[K~~~~~~~~^~~~~~~~~~~~~~~~[m[K
In file included from [01m[K/usr/include/c++/11/functional:65[m[K,
                 from [01m[K/home/agnella/banyu/tugas1/src/pubsub/src/node.cpp:2[m[K:
[01m[K/usr/include/c++/11/bits/stl_algo.h:3449:5:[m[K [01;36m[Knote: [m[Kcandidate: ‘[01m[Ktemplate<class _Tp> constexpr _Tp std::min(std::initializer_list<_Tp>)[m[K’
 3449 |     [01;36m[Kmin[m[K(initializer_list<_Tp> __l)
      |     [01;36m[K^~~[m[K
[01m[K/usr/include/c++/11/bits/stl_algo.h:3449:5:[m[K [01;36m[Knote: [m[K  template argument deduction/substitution failed:
[01m[K/home/agnella/banyu/tugas1/src/pubsub/src/node.cpp:78:44:[m[K [01;36m[Knote: [m[K  mismatched types ‘[01m[Kstd::initializer_list<_Tp>[m[K’ and ‘[01m[Kint[m[K’
   78 |         cmd.x_cmd = std::max(-250, [01;36m[Kstd::min(250, cmd.x_cmd)[m[K);
      |                                    [01;36m[K~~~~~~~~^~~~~~~~~~~~~~~~[m[K
In file included from [01m[K/usr/include/c++/11/functional:65[m[K,
                 from [01m[K/home/agnella/banyu/tugas1/src/pubsub/src/node.cpp:2[m[K:
[01m[K/usr/include/c++/11/bits/stl_algo.h:3455:5:[m[K [01;36m[Knote: [m[Kcandidate: ‘[01m[Ktemplate<class _Tp, class _Compare> constexpr _Tp std::min(std::initializer_list<_Tp>, _Compare)[m[K’
 3455 |     [01;36m[Kmin[m[K(initializer_list<_Tp> __l, _Compare __comp)
      |     [01;36m[K^~~[m[K
[01m[K/usr/include/c++/11/bits/stl_algo.h:3455:5:[m[K [01;36m[Knote: [m[K  template argument deduction/substitution failed:
[01m[K/home/agnella/banyu/tugas1/src/pubsub/src/node.cpp:78:44:[m[K [01;36m[Knote: [m[K  mismatched types ‘[01m[Kstd::initializer_list<_Tp>[m[K’ and ‘[01m[Kint[m[K’
   78 |         cmd.x_cmd = std::max(-250, [01;36m[Kstd::min(250, cmd.x_cmd)[m[K);
      |                                    [01;36m[K~~~~~~~~^~~~~~~~~~~~~~~~[m[K
[01m[K/home/agnella/banyu/tugas1/src/pubsub/src/node.cpp:79:44:[m[K [01;31m[Kerror: [m[Kno matching function for call to ‘[01m[Kmin(int, interfaces::msg::Command_<std::allocator<void> >::_y_cmd_type&)[m[K’
   79 |         cmd.y_cmd = std::max(-250, [01;31m[Kstd::min(250, cmd.y_cmd)[m[K);
      |                                    [01;31m[K~~~~~~~~^~~~~~~~~~~~~~~~[m[K
In file included from [01m[K/usr/include/c++/11/array:40[m[K,
                 from [01m[K/usr/include/c++/11/tuple:39[m[K,
                 from [01m[K/usr/include/c++/11/functional:54[m[K,
                 from [01m[K/home/agnella/banyu/tugas1/src/pubsub/src/node.cpp:2[m[K:
[01m[K/usr/include/c++/11/bits/stl_algobase.h:230:5:[m[K [01;36m[Knote: [m[Kcandidate: ‘[01m[Ktemplate<class _Tp> constexpr const _Tp& std::min(const _Tp&, const _Tp&)[m[K’
  230 |     [01;36m[Kmin[m[K(const _Tp& __a, const _Tp& __b)
      |     [01;36m[K^~~[m[K
[01m[K/usr/include/c++/11/bits/stl_algobase.h:230:5:[m[K [01;36m[Knote: [m[K  template argument deduction/substitution failed:
[01m[K/home/agnella/banyu/tugas1/src/pubsub/src/node.cpp:79:44:[m[K [01;36m[Knote: [m[K  deduced conflicting types for parameter ‘[01m[Kconst _Tp[m[K’ (‘[01m[Kint[m[K’ and ‘[01m[Kinterfaces::msg::Command_<std::allocator<void> >::_y_cmd_type[m[K’ {aka ‘[01m[Kfloat[m[K’})
   79 |         cmd.y_cmd = std::max(-250, [01;36m[Kstd::min(250, cmd.y_cmd)[m[K);
      |                                    [01;36m[K~~~~~~~~^~~~~~~~~~~~~~~~[m[K
In file included from [01m[K/usr/include/c++/11/array:40[m[K,
                 from [01m[K/usr/include/c++/11/tuple:39[m[K,
                 from [01m[K/usr/include/c++/11/functional:54[m[K,
                 from [01m[K/home/agnella/banyu/tugas1/src/pubsub/src/node.cpp:2[m[K:
[01m[K/usr/include/c++/11/bits/stl_algobase.h:278:5:[m[K [01;36m[Knote: [m[Kcandidate: ‘[01m[Ktemplate<class _Tp, class _Compare> constexpr const _Tp& std::min(const _Tp&, const _Tp&, _Compare)[m[K’
  278 |     [01;36m[Kmin[m[K(const _Tp& __a, const _Tp& __b, _Compare __comp)
      |     [01;36m[K^~~[m[K
[01m[K/usr/include/c++/11/bits/stl_algobase.h:278:5:[m[K [01;36m[Knote: [m[K  template argument deduction/substitution failed:
[01m[K/home/agnella/banyu/tugas1/src/pubsub/src/node.cpp:79:44:[m[K [01;36m[Knote: [m[K  deduced conflicting types for parameter ‘[01m[Kconst _Tp[m[K’ (‘[01m[Kint[m[K’ and ‘[01m[Kinterfaces::msg::Command_<std::allocator<void> >::_y_cmd_type[m[K’ {aka ‘[01m[Kfloat[m[K’})
   79 |         cmd.y_cmd = std::max(-250, [01;36m[Kstd::min(250, cmd.y_cmd)[m[K);
      |                                    [01;36m[K~~~~~~~~^~~~~~~~~~~~~~~~[m[K
In file included from [01m[K/usr/include/c++/11/functional:65[m[K,
                 from [01m[K/home/agnella/banyu/tugas1/src/pubsub/src/node.cpp:2[m[K:
[01m[K/usr/include/c++/11/bits/stl_algo.h:3449:5:[m[K [01;36m[Knote: [m[Kcandidate: ‘[01m[Ktemplate<class _Tp> constexpr _Tp std::min(std::initializer_list<_Tp>)[m[K’
 3449 |     [01;36m[Kmin[m[K(initializer_list<_Tp> __l)
      |     [01;36m[K^~~[m[K
[01m[K/usr/include/c++/11/bits/stl_algo.h:3449:5:[m[K [01;36m[Knote: [m[K  template argument deduction/substitution failed:
[01m[K/home/agnella/banyu/tugas1/src/pubsub/src/node.cpp:79:44:[m[K [01;36m[Knote: [m[K  mismatched types ‘[01m[Kstd::initializer_list<_Tp>[m[K’ and ‘[01m[Kint[m[K’
   79 |         cmd.y_cmd = std::max(-250, [01;36m[Kstd::min(250, cmd.y_cmd)[m[K);
      |                                    [01;36m[K~~~~~~~~^~~~~~~~~~~~~~~~[m[K
In file included from [01m[K/usr/include/c++/11/functional:65[m[K,
                 from [01m[K/home/agnella/banyu/tugas1/src/pubsub/src/node.cpp:2[m[K:
[01m[K/usr/include/c++/11/bits/stl_algo.h:3455:5:[m[K [01;36m[Knote: [m[Kcandidate: ‘[01m[Ktemplate<class _Tp, class _Compare> constexpr _Tp std::min(std::initializer_list<_Tp>, _Compare)[m[K’
 3455 |     [01;36m[Kmin[m[K(initializer_list<_Tp> __l, _Compare __comp)
      |     [01;36m[K^~~[m[K
[01m[K/usr/include/c++/11/bits/stl_algo.h:3455:5:[m[K [01;36m[Knote: [m[K  template argument deduction/substitution failed:
[01m[K/home/agnella/banyu/tugas1/src/pubsub/src/node.cpp:79:44:[m[K [01;36m[Knote: [m[K  mismatched types ‘[01m[Kstd::initializer_list<_Tp>[m[K’ and ‘[01m[Kint[m[K’
   79 |         cmd.y_cmd = std::max(-250, [01;36m[Kstd::min(250, cmd.y_cmd)[m[K);
      |                                    [01;36m[K~~~~~~~~^~~~~~~~~~~~~~~~[m[K
[01m[K/home/agnella/banyu/tugas1/src/pubsub/src/node.cpp:80:42:[m[K [01;31m[Kerror: [m[Kno matching function for call to ‘[01m[Kmin(int, interfaces::msg::Command_<std::allocator<void> >::_yaw_type&)[m[K’
   80 |         cmd.yaw = std::max(-180, [01;31m[Kstd::min(180, cmd.yaw)[m[K);
      |                                  [01;31m[K~~~~~~~~^~~~~~~~~~~~~~[m[K
In file included from [01m[K/usr/include/c++/11/array:40[m[K,
                 from [01m[K/usr/include/c++/11/tuple:39[m[K,
                 from [01m[K/usr/include/c++/11/functional:54[m[K,
                 from [01m[K/home/agnella/banyu/tugas1/src/pubsub/src/node.cpp:2[m[K:
[01m[K/usr/include/c++/11/bits/stl_algobase.h:230:5:[m[K [01;36m[Knote: [m[Kcandidate: ‘[01m[Ktemplate<class _Tp> constexpr const _Tp& std::min(const _Tp&, const _Tp&)[m[K’
  230 |     [01;36m[Kmin[m[K(const _Tp& __a, const _Tp& __b)
      |     [01;36m[K^~~[m[K
[01m[K/usr/include/c++/11/bits/stl_algobase.h:230:5:[m[K [01;36m[Knote: [m[K  template argument deduction/substitution failed:
[01m[K/home/agnella/banyu/tugas1/src/pubsub/src/node.cpp:80:42:[m[K [01;36m[Knote: [m[K  deduced conflicting types for parameter ‘[01m[Kconst _Tp[m[K’ (‘[01m[Kint[m[K’ and ‘[01m[Kinterfaces::msg::Command_<std::allocator<void> >::_yaw_type[m[K’ {aka ‘[01m[Kfloat[m[K’})
   80 |         cmd.yaw = std::max(-180, [01;36m[Kstd::min(180, cmd.yaw)[m[K);
      |                                  [01;36m[K~~~~~~~~^~~~~~~~~~~~~~[m[K
In file included from [01m[K/usr/include/c++/11/array:40[m[K,
                 from [01m[K/usr/include/c++/11/tuple:39[m[K,
                 from [01m[K/usr/include/c++/11/functional:54[m[K,
                 from [01m[K/home/agnella/banyu/tugas1/src/pubsub/src/node.cpp:2[m[K:
[01m[K/usr/include/c++/11/bits/stl_algobase.h:278:5:[m[K [01;36m[Knote: [m[Kcandidate: ‘[01m[Ktemplate<class _Tp, class _Compare> constexpr const _Tp& std::min(const _Tp&, const _Tp&, _Compare)[m[K’
  278 |     [01;36m[Kmin[m[K(const _Tp& __a, const _Tp& __b, _Compare __comp)
      |     [01;36m[K^~~[m[K
[01m[K/usr/include/c++/11/bits/stl_algobase.h:278:5:[m[K [01;36m[Knote: [m[K  template argument deduction/substitution failed:
[01m[K/home/agnella/banyu/tugas1/src/pubsub/src/node.cpp:80:42:[m[K [01;36m[Knote: [m[K  deduced conflicting types for parameter ‘[01m[Kconst _Tp[m[K’ (‘[01m[Kint[m[K’ and ‘[01m[Kinterfaces::msg::Command_<std::allocator<void> >::_yaw_type[m[K’ {aka ‘[01m[Kfloat[m[K’})
   80 |         cmd.yaw = std::max(-180, [01;36m[Kstd::min(180, cmd.yaw)[m[K);
      |                                  [01;36m[K~~~~~~~~^~~~~~~~~~~~~~[m[K
In file included from [01m[K/usr/include/c++/11/functional:65[m[K,
                 from [01m[K/home/agnella/banyu/tugas1/src/pubsub/src/node.cpp:2[m[K:
[01m[K/usr/include/c++/11/bits/stl_algo.h:3449:5:[m[K [01;36m[Knote: [m[Kcandidate: ‘[01m[Ktemplate<class _Tp> constexpr _Tp std::min(std::initializer_list<_Tp>)[m[K’
 3449 |     [01;36m[Kmin[m[K(initializer_list<_Tp> __l)
      |     [01;36m[K^~~[m[K
[01m[K/usr/include/c++/11/bits/stl_algo.h:3449:5:[m[K [01;36m[Knote: [m[K  template argument deduction/substitution failed:
[01m[K/home/agnella/banyu/tugas1/src/pubsub/src/node.cpp:80:42:[m[K [01;36m[Knote: [m[K  mismatched types ‘[01m[Kstd::initializer_list<_Tp>[m[K’ and ‘[01m[Kint[m[K’
   80 |         cmd.yaw = std::max(-180, [01;36m[Kstd::min(180, cmd.yaw)[m[K);
      |                                  [01;36m[K~~~~~~~~^~~~~~~~~~~~~~[m[K
In file included from [01m[K/usr/include/c++/11/functional:65[m[K,
                 from [01m[K/home/agnella/banyu/tugas1/src/pubsub/src/node.cpp:2[m[K:
[01m[K/usr/include/c++/11/bits/stl_algo.h:3455:5:[m[K [01;36m[Knote: [m[Kcandidate: ‘[01m[Ktemplate<class _Tp, class _Compare> constexpr _Tp std::min(std::initializer_list<_Tp>, _Compare)[m[K’
 3455 |     [01;36m[Kmin[m[K(initializer_list<_Tp> __l, _Compare __comp)
      |     [01;36m[K^~~[m[K
[01m[K/usr/include/c++/11/bits/stl_algo.h:3455:5:[m[K [01;36m[Knote: [m[K  template argument deduction/substitution failed:
[01m[K/home/agnella/banyu/tugas1/src/pubsub/src/node.cpp:80:42:[m[K [01;36m[Knote: [m[K  mismatched types ‘[01m[Kstd::initializer_list<_Tp>[m[K’ and ‘[01m[Kint[m[K’
   80 |         cmd.yaw = std::max(-180, [01;36m[Kstd::min(180, cmd.yaw)[m[K);
      |                                  [01;36m[K~~~~~~~~^~~~~~~~~~~~~~[m[K
[01m[K/home/agnella/banyu/tugas1/src/pubsub/src/node.cpp:81:41:[m[K [01;31m[Kerror: [m[Kno matching function for call to ‘[01m[Kmin(int, interfaces::msg::Command_<std::allocator<void> >::_depth_type&)[m[K’
   81 |         cmd.depth = std::max(0, [01;31m[Kstd::min(10, cmd.depth)[m[K);
      |                                 [01;31m[K~~~~~~~~^~~~~~~~~~~~~~~[m[K
In file included from [01m[K/usr/include/c++/11/array:40[m[K,
                 from [01m[K/usr/include/c++/11/tuple:39[m[K,
                 from [01m[K/usr/include/c++/11/functional:54[m[K,
                 from [01m[K/home/agnella/banyu/tugas1/src/pubsub/src/node.cpp:2[m[K:
[01m[K/usr/include/c++/11/bits/stl_algobase.h:230:5:[m[K [01;36m[Knote: [m[Kcandidate: ‘[01m[Ktemplate<class _Tp> constexpr const _Tp& std::min(const _Tp&, const _Tp&)[m[K’
  230 |     [01;36m[Kmin[m[K(const _Tp& __a, const _Tp& __b)
      |     [01;36m[K^~~[m[K
[01m[K/usr/include/c++/11/bits/stl_algobase.h:230:5:[m[K [01;36m[Knote: [m[K  template argument deduction/substitution failed:
[01m[K/home/agnella/banyu/tugas1/src/pubsub/src/node.cpp:81:41:[m[K [01;36m[Knote: [m[K  deduced conflicting types for parameter ‘[01m[Kconst _Tp[m[K’ (‘[01m[Kint[m[K’ and ‘[01m[Kinterfaces::msg::Command_<std::allocator<void> >::_depth_type[m[K’ {aka ‘[01m[Kfloat[m[K’})
   81 |         cmd.depth = std::max(0, [01;36m[Kstd::min(10, cmd.depth)[m[K);
      |                                 [01;36m[K~~~~~~~~^~~~~~~~~~~~~~~[m[K
In file included from [01m[K/usr/include/c++/11/array:40[m[K,
                 from [01m[K/usr/include/c++/11/tuple:39[m[K,
                 from [01m[K/usr/include/c++/11/functional:54[m[K,
                 from [01m[K/home/agnella/banyu/tugas1/src/pubsub/src/node.cpp:2[m[K:
[01m[K/usr/include/c++/11/bits/stl_algobase.h:278:5:[m[K [01;36m[Knote: [m[Kcandidate: ‘[01m[Ktemplate<class _Tp, class _Compare> constexpr const _Tp& std::min(const _Tp&, const _Tp&, _Compare)[m[K’
  278 |     [01;36m[Kmin[m[K(const _Tp& __a, const _Tp& __b, _Compare __comp)
      |     [01;36m[K^~~[m[K
[01m[K/usr/include/c++/11/bits/stl_algobase.h:278:5:[m[K [01;36m[Knote: [m[K  template argument deduction/substitution failed:
[01m[K/home/agnella/banyu/tugas1/src/pubsub/src/node.cpp:81:41:[m[K [01;36m[Knote: [m[K  deduced conflicting types for parameter ‘[01m[Kconst _Tp[m[K’ (‘[01m[Kint[m[K’ and ‘[01m[Kinterfaces::msg::Command_<std::allocator<void> >::_depth_type[m[K’ {aka ‘[01m[Kfloat[m[K’})
   81 |         cmd.depth = std::max(0, [01;36m[Kstd::min(10, cmd.depth)[m[K);
      |                                 [01;36m[K~~~~~~~~^~~~~~~~~~~~~~~[m[K
In file included from [01m[K/usr/include/c++/11/functional:65[m[K,
                 from [01m[K/home/agnella/banyu/tugas1/src/pubsub/src/node.cpp:2[m[K:
[01m[K/usr/include/c++/11/bits/stl_algo.h:3449:5:[m[K [01;36m[Knote: [m[Kcandidate: ‘[01m[Ktemplate<class _Tp> constexpr _Tp std::min(std::initializer_list<_Tp>)[m[K’
 3449 |     [01;36m[Kmin[m[K(initializer_list<_Tp> __l)
      |     [01;36m[K^~~[m[K
[01m[K/usr/include/c++/11/bits/stl_algo.h:3449:5:[m[K [01;36m[Knote: [m[K  template argument deduction/substitution failed:
[01m[K/home/agnella/banyu/tugas1/src/pubsub/src/node.cpp:81:41:[m[K [01;36m[Knote: [m[K  mismatched types ‘[01m[Kstd::initializer_list<_Tp>[m[K’ and ‘[01m[Kint[m[K’
   81 |         cmd.depth = std::max(0, [01;36m[Kstd::min(10, cmd.depth)[m[K);
      |                                 [01;36m[K~~~~~~~~^~~~~~~~~~~~~~~[m[K
In file included from [01m[K/usr/include/c++/11/functional:65[m[K,
                 from [01m[K/home/agnella/banyu/tugas1/src/pubsub/src/node.cpp:2[m[K:
[01m[K/usr/include/c++/11/bits/stl_algo.h:3455:5:[m[K [01;36m[Knote: [m[Kcandidate: ‘[01m[Ktemplate<class _Tp, class _Compare> constexpr _Tp std::min(std::initializer_list<_Tp>, _Compare)[m[K’
 3455 |     [01;36m[Kmin[m[K(initializer_list<_Tp> __l, _Compare __comp)
      |     [01;36m[K^~~[m[K
[01m[K/usr/include/c++/11/bits/stl_algo.h:3455:5:[m[K [01;36m[Knote: [m[K  template argument deduction/substitution failed:
[01m[K/home/agnella/banyu/tugas1/src/pubsub/src/node.cpp:81:41:[m[K [01;36m[Knote: [m[K  mismatched types ‘[01m[Kstd::initializer_list<_Tp>[m[K’ and ‘[01m[Kint[m[K’
   81 |         cmd.depth = std::max(0, [01;36m[Kstd::min(10, cmd.depth)[m[K);
      |                                 [01;36m[K~~~~~~~~^~~~~~~~~~~~~~~[m[K
[01m[K/home/agnella/banyu/tugas1/src/pubsub/src/node.cpp:25:56:[m[K [01;35m[Kwarning: [m[Kunused parameter ‘[01m[Kmsg[m[K’ [[01;35m[K]8;;https://gcc.gnu.org/onlinedocs/gcc/Warning-Options.html#index-Wunused-parameter-Wunused-parameter]8;;[m[K]
   25 |     void fungsi_subscribe([01;35m[Kconst sensor_msgs::msg::Joy &msg[m[K)
      |                           [01;35m[K~~~~~~~~~~~~~~~~~~~~~~~~~~~~~^~~[m[K
[01m[K/home/agnella/banyu/tugas1/src/pubsub/src/node.cpp:[m[K At global scope:
[01m[K/home/agnella/banyu/tugas1/src/pubsub/src/node.cpp:13:1:[m[K [01;31m[Kerror: [m[Kmultiple types in one declaration
   13 | [01;31m[Kvoid[m[K
      | [01;31m[K^~~~[m[K
[01m[K/home/agnella/banyu/tugas1/src/pubsub/src/node.cpp:93:2:[m[K [01;31m[Kerror: [m[Kdeclaration does not declare anything [[01;31m[K]8;;https://gcc.gnu.org/onlinedocs/gcc/Warning-Options.html#index-fpermissive-fpermissive]8;;[m[K]
   93 | }[01;31m[K;[m[K
      |  [01;31m[K^[m[K
gmake[2]: *** [CMakeFiles/node.dir/build.make:76: CMakeFiles/node.dir/src/node.cpp.o] Error 1
gmake[1]: *** [CMakeFiles/Makefile2:137: CMakeFiles/node.dir/all] Error 2
gmake: *** [Makefile:146: all] Error 2
