[0.017s] Invoking command in '/home/agnella/banyu/tugas1/build/pubsub': CMAKE_PREFIX_PATH=${CMAKE_PREFIX_PATH}:/opt/ros/humble /usr/bin/cmake /home/agnella/banyu/tugas1/src/pubsub -DCMAKE_INSTALL_PREFIX=/home/agnella/banyu/tugas1/install/pubsub
[0.068s] -- Found ament_cmake: 1.3.10 (/opt/ros/humble/share/ament_cmake/cmake)
[0.270s] -- Found rclcpp: 16.0.10 (/opt/ros/humble/share/rclcpp/cmake)
[0.330s] -- Found rosidl_generator_c: 3.1.5 (/opt/ros/humble/share/rosidl_generator_c/cmake)
[0.333s] -- Found rosidl_adapter: 3.1.5 (/opt/ros/humble/share/rosidl_adapter/cmake)
[0.343s] -- Found rosidl_generator_cpp: 3.1.5 (/opt/ros/humble/share/rosidl_generator_cpp/cmake)
[0.366s] -- Using all available rosidl_typesupport_c: rosidl_typesupport_fastrtps_c;rosidl_typesupport_introspection_c
[0.396s] -- Using all available rosidl_typesupport_cpp: rosidl_typesupport_fastrtps_cpp;rosidl_typesupport_introspection_cpp
[0.437s] -- Found rmw_implementation_cmake: 6.1.2 (/opt/ros/humble/share/rmw_implementation_cmake/cmake)
[0.438s] -- Found rmw_fastrtps_cpp: 6.2.7 (/opt/ros/humble/share/rmw_fastrtps_cpp/cmake)
[0.602s] -- Using RMW implementation 'rmw_fastrtps_cpp' as default
[0.693s] -- Found sensor_msgs: 4.2.4 (/opt/ros/humble/share/sensor_msgs/cmake)
[0.734s] -- Found interfaces: 0.0.0 (/home/agnella/banyu/tugas1/install/interfaces/share/interfaces/cmake)
[0.749s] -- Found ament_lint_auto: 0.12.11 (/opt/ros/humble/share/ament_lint_auto/cmake)
[0.834s] -- Added test 'cppcheck' to perform static code analysis on C / C++ code
[0.835s] -- Configured cppcheck include dirs: 
[0.835s] -- Configured cppcheck exclude dirs and/or files: 
[0.835s] -- Added test 'lint_cmake' to check CMake code style
[0.836s] -- Added test 'uncrustify' to check C / C++ code style
[0.836s] -- Configured uncrustify additional arguments: 
[0.836s] -- Added test 'xmllint' to check XML markup files
[0.837s] -- Configuring done
[0.853s] -- Generating done
[0.854s] -- Build files have been written to: /home/agnella/banyu/tugas1/build/pubsub
[0.865s] Invoked command in '/home/agnella/banyu/tugas1/build/pubsub' returned '0': CMAKE_PREFIX_PATH=${CMAKE_PREFIX_PATH}:/opt/ros/humble /usr/bin/cmake /home/agnella/banyu/tugas1/src/pubsub -DCMAKE_INSTALL_PREFIX=/home/agnella/banyu/tugas1/install/pubsub
[0.867s] Invoking command in '/home/agnella/banyu/tugas1/build/pubsub': CMAKE_PREFIX_PATH=${CMAKE_PREFIX_PATH}:/opt/ros/humble /usr/bin/cmake --build /home/agnella/banyu/tugas1/build/pubsub -- -j4 -l4
[0.915s] [ 50%] [32mBuilding CXX object CMakeFiles/node.dir/src/node.cpp.o[0m
[4.655s] [01m[K/home/agnella/banyu/tugas1/src/pubsub/src/node.cpp:[m[K In member function ‘[01m[Kvoid Publisher::fungsi_subscribe(const Joy&)[m[K’:
[4.656s] [01m[K/home/agnella/banyu/tugas1/src/pubsub/src/node.cpp:78:44:[m[K [01;31m[Kerror: [m[Kno matching function for call to ‘[01m[Kmin(int, interfaces::msg::Command_<std::allocator<void> >::_x_cmd_type&)[m[K’
[4.656s]    78 |         cmd.x_cmd = std::max(-250, [01;31m[Kstd::min(250, cmd.x_cmd)[m[K);
[4.656s]       |                                    [01;31m[K~~~~~~~~^~~~~~~~~~~~~~~~[m[K
[4.658s] In file included from [01m[K/usr/include/c++/11/array:40[m[K,
[4.658s]                  from [01m[K/usr/include/c++/11/tuple:39[m[K,
[4.658s]                  from [01m[K/usr/include/c++/11/functional:54[m[K,
[4.660s]                  from [01m[K/home/agnella/banyu/tugas1/src/pubsub/src/node.cpp:2[m[K:
[4.660s] [01m[K/usr/include/c++/11/bits/stl_algobase.h:230:5:[m[K [01;36m[Knote: [m[Kcandidate: ‘[01m[Ktemplate<class _Tp> constexpr const _Tp& std::min(const _Tp&, const _Tp&)[m[K’
[4.660s]   230 |     [01;36m[Kmin[m[K(const _Tp& __a, const _Tp& __b)
[4.660s]       |     [01;36m[K^~~[m[K
[4.661s] [01m[K/usr/include/c++/11/bits/stl_algobase.h:230:5:[m[K [01;36m[Knote: [m[K  template argument deduction/substitution failed:
[4.661s] [01m[K/home/agnella/banyu/tugas1/src/pubsub/src/node.cpp:78:44:[m[K [01;36m[Knote: [m[K  deduced conflicting types for parameter ‘[01m[Kconst _Tp[m[K’ (‘[01m[Kint[m[K’ and ‘[01m[Kinterfaces::msg::Command_<std::allocator<void> >::_x_cmd_type[m[K’ {aka ‘[01m[Kfloat[m[K’})
[4.661s]    78 |         cmd.x_cmd = std::max(-250, [01;36m[Kstd::min(250, cmd.x_cmd)[m[K);
[4.661s]       |                                    [01;36m[K~~~~~~~~^~~~~~~~~~~~~~~~[m[K
[4.661s] In file included from [01m[K/usr/include/c++/11/array:40[m[K,
[4.661s]                  from [01m[K/usr/include/c++/11/tuple:39[m[K,
[4.661s]                  from [01m[K/usr/include/c++/11/functional:54[m[K,
[4.661s]                  from [01m[K/home/agnella/banyu/tugas1/src/pubsub/src/node.cpp:2[m[K:
[4.661s] [01m[K/usr/include/c++/11/bits/stl_algobase.h:278:5:[m[K [01;36m[Knote: [m[Kcandidate: ‘[01m[Ktemplate<class _Tp, class _Compare> constexpr const _Tp& std::min(const _Tp&, const _Tp&, _Compare)[m[K’
[4.661s]   278 |     [01;36m[Kmin[m[K(const _Tp& __a, const _Tp& __b, _Compare __comp)
[4.661s]       |     [01;36m[K^~~[m[K
[4.661s] [01m[K/usr/include/c++/11/bits/stl_algobase.h:278:5:[m[K [01;36m[Knote: [m[K  template argument deduction/substitution failed:
[4.661s] [01m[K/home/agnella/banyu/tugas1/src/pubsub/src/node.cpp:78:44:[m[K [01;36m[Knote: [m[K  deduced conflicting types for parameter ‘[01m[Kconst _Tp[m[K’ (‘[01m[Kint[m[K’ and ‘[01m[Kinterfaces::msg::Command_<std::allocator<void> >::_x_cmd_type[m[K’ {aka ‘[01m[Kfloat[m[K’})
[4.661s]    78 |         cmd.x_cmd = std::max(-250, [01;36m[Kstd::min(250, cmd.x_cmd)[m[K);
[4.661s]       |                                    [01;36m[K~~~~~~~~^~~~~~~~~~~~~~~~[m[K
[4.661s] In file included from [01m[K/usr/include/c++/11/functional:65[m[K,
[4.661s]                  from [01m[K/home/agnella/banyu/tugas1/src/pubsub/src/node.cpp:2[m[K:
[4.661s] [01m[K/usr/include/c++/11/bits/stl_algo.h:3449:5:[m[K [01;36m[Knote: [m[Kcandidate: ‘[01m[Ktemplate<class _Tp> constexpr _Tp std::min(std::initializer_list<_Tp>)[m[K’
[4.661s]  3449 |     [01;36m[Kmin[m[K(initializer_list<_Tp> __l)
[4.662s]       |     [01;36m[K^~~[m[K
[4.662s] [01m[K/usr/include/c++/11/bits/stl_algo.h:3449:5:[m[K [01;36m[Knote: [m[K  template argument deduction/substitution failed:
[4.662s] [01m[K/home/agnella/banyu/tugas1/src/pubsub/src/node.cpp:78:44:[m[K [01;36m[Knote: [m[K  mismatched types ‘[01m[Kstd::initializer_list<_Tp>[m[K’ and ‘[01m[Kint[m[K’
[4.662s]    78 |         cmd.x_cmd = std::max(-250, [01;36m[Kstd::min(250, cmd.x_cmd)[m[K);
[4.662s]       |                                    [01;36m[K~~~~~~~~^~~~~~~~~~~~~~~~[m[K
[4.662s] In file included from [01m[K/usr/include/c++/11/functional:65[m[K,
[4.662s]                  from [01m[K/home/agnella/banyu/tugas1/src/pubsub/src/node.cpp:2[m[K:
[4.662s] [01m[K/usr/include/c++/11/bits/stl_algo.h:3455:5:[m[K [01;36m[Knote: [m[Kcandidate: ‘[01m[Ktemplate<class _Tp, class _Compare> constexpr _Tp std::min(std::initializer_list<_Tp>, _Compare)[m[K’
[4.662s]  3455 |     [01;36m[Kmin[m[K(initializer_list<_Tp> __l, _Compare __comp)
[4.662s]       |     [01;36m[K^~~[m[K
[4.662s] [01m[K/usr/include/c++/11/bits/stl_algo.h:3455:5:[m[K [01;36m[Knote: [m[K  template argument deduction/substitution failed:
[4.662s] [01m[K/home/agnella/banyu/tugas1/src/pubsub/src/node.cpp:78:44:[m[K [01;36m[Knote: [m[K  mismatched types ‘[01m[Kstd::initializer_list<_Tp>[m[K’ and ‘[01m[Kint[m[K’
[4.662s]    78 |         cmd.x_cmd = std::max(-250, [01;36m[Kstd::min(250, cmd.x_cmd)[m[K);
[4.662s]       |                                    [01;36m[K~~~~~~~~^~~~~~~~~~~~~~~~[m[K
[4.662s] [01m[K/home/agnella/banyu/tugas1/src/pubsub/src/node.cpp:79:44:[m[K [01;31m[Kerror: [m[Kno matching function for call to ‘[01m[Kmin(int, interfaces::msg::Command_<std::allocator<void> >::_y_cmd_type&)[m[K’
[4.662s]    79 |         cmd.y_cmd = std::max(-250, [01;31m[Kstd::min(250, cmd.y_cmd)[m[K);
[4.662s]       |                                    [01;31m[K~~~~~~~~^~~~~~~~~~~~~~~~[m[K
[4.663s] In file included from [01m[K/usr/include/c++/11/array:40[m[K,
[4.663s]                  from [01m[K/usr/include/c++/11/tuple:39[m[K,
[4.663s]                  from [01m[K/usr/include/c++/11/functional:54[m[K,
[4.663s]                  from [01m[K/home/agnella/banyu/tugas1/src/pubsub/src/node.cpp:2[m[K:
[4.663s] [01m[K/usr/include/c++/11/bits/stl_algobase.h:230:5:[m[K [01;36m[Knote: [m[Kcandidate: ‘[01m[Ktemplate<class _Tp> constexpr const _Tp& std::min(const _Tp&, const _Tp&)[m[K’
[4.663s]   230 |     [01;36m[Kmin[m[K(const _Tp& __a, const _Tp& __b)
[4.663s]       |     [01;36m[K^~~[m[K
[4.663s] [01m[K/usr/include/c++/11/bits/stl_algobase.h:230:5:[m[K [01;36m[Knote: [m[K  template argument deduction/substitution failed:
[4.663s] [01m[K/home/agnella/banyu/tugas1/src/pubsub/src/node.cpp:79:44:[m[K [01;36m[Knote: [m[K  deduced conflicting types for parameter ‘[01m[Kconst _Tp[m[K’ (‘[01m[Kint[m[K’ and ‘[01m[Kinterfaces::msg::Command_<std::allocator<void> >::_y_cmd_type[m[K’ {aka ‘[01m[Kfloat[m[K’})
[4.663s]    79 |         cmd.y_cmd = std::max(-250, [01;36m[Kstd::min(250, cmd.y_cmd)[m[K);
[4.663s]       |                                    [01;36m[K~~~~~~~~^~~~~~~~~~~~~~~~[m[K
[4.663s] In file included from [01m[K/usr/include/c++/11/array:40[m[K,
[4.663s]                  from [01m[K/usr/include/c++/11/tuple:39[m[K,
[4.664s]                  from [01m[K/usr/include/c++/11/functional:54[m[K,
[4.664s]                  from [01m[K/home/agnella/banyu/tugas1/src/pubsub/src/node.cpp:2[m[K:
[4.664s] [01m[K/usr/include/c++/11/bits/stl_algobase.h:278:5:[m[K [01;36m[Knote: [m[Kcandidate: ‘[01m[Ktemplate<class _Tp, class _Compare> constexpr const _Tp& std::min(const _Tp&, const _Tp&, _Compare)[m[K’
[4.664s]   278 |     [01;36m[Kmin[m[K(const _Tp& __a, const _Tp& __b, _Compare __comp)
[4.664s]       |     [01;36m[K^~~[m[K
[4.664s] [01m[K/usr/include/c++/11/bits/stl_algobase.h:278:5:[m[K [01;36m[Knote: [m[K  template argument deduction/substitution failed:
[4.664s] [01m[K/home/agnella/banyu/tugas1/src/pubsub/src/node.cpp:79:44:[m[K [01;36m[Knote: [m[K  deduced conflicting types for parameter ‘[01m[Kconst _Tp[m[K’ (‘[01m[Kint[m[K’ and ‘[01m[Kinterfaces::msg::Command_<std::allocator<void> >::_y_cmd_type[m[K’ {aka ‘[01m[Kfloat[m[K’})
[4.664s]    79 |         cmd.y_cmd = std::max(-250, [01;36m[Kstd::min(250, cmd.y_cmd)[m[K);
[4.664s]       |                                    [01;36m[K~~~~~~~~^~~~~~~~~~~~~~~~[m[K
[4.664s] In file included from [01m[K/usr/include/c++/11/functional:65[m[K,
[4.664s]                  from [01m[K/home/agnella/banyu/tugas1/src/pubsub/src/node.cpp:2[m[K:
[4.664s] [01m[K/usr/include/c++/11/bits/stl_algo.h:3449:5:[m[K [01;36m[Knote: [m[Kcandidate: ‘[01m[Ktemplate<class _Tp> constexpr _Tp std::min(std::initializer_list<_Tp>)[m[K’
[4.664s]  3449 |     [01;36m[Kmin[m[K(initializer_list<_Tp> __l)
[4.664s]       |     [01;36m[K^~~[m[K
[4.664s] [01m[K/usr/include/c++/11/bits/stl_algo.h:3449:5:[m[K [01;36m[Knote: [m[K  template argument deduction/substitution failed:
[4.664s] [01m[K/home/agnella/banyu/tugas1/src/pubsub/src/node.cpp:79:44:[m[K [01;36m[Knote: [m[K  mismatched types ‘[01m[Kstd::initializer_list<_Tp>[m[K’ and ‘[01m[Kint[m[K’
[4.664s]    79 |         cmd.y_cmd = std::max(-250, [01;36m[Kstd::min(250, cmd.y_cmd)[m[K);
[4.664s]       |                                    [01;36m[K~~~~~~~~^~~~~~~~~~~~~~~~[m[K
[4.664s] In file included from [01m[K/usr/include/c++/11/functional:65[m[K,
[4.665s]                  from [01m[K/home/agnella/banyu/tugas1/src/pubsub/src/node.cpp:2[m[K:
[4.665s] [01m[K/usr/include/c++/11/bits/stl_algo.h:3455:5:[m[K [01;36m[Knote: [m[Kcandidate: ‘[01m[Ktemplate<class _Tp, class _Compare> constexpr _Tp std::min(std::initializer_list<_Tp>, _Compare)[m[K’
[4.665s]  3455 |     [01;36m[Kmin[m[K(initializer_list<_Tp> __l, _Compare __comp)
[4.665s]       |     [01;36m[K^~~[m[K
[4.665s] [01m[K/usr/include/c++/11/bits/stl_algo.h:3455:5:[m[K [01;36m[Knote: [m[K  template argument deduction/substitution failed:
[4.665s] [01m[K/home/agnella/banyu/tugas1/src/pubsub/src/node.cpp:79:44:[m[K [01;36m[Knote: [m[K  mismatched types ‘[01m[Kstd::initializer_list<_Tp>[m[K’ and ‘[01m[Kint[m[K’
[4.665s]    79 |         cmd.y_cmd = std::max(-250, [01;36m[Kstd::min(250, cmd.y_cmd)[m[K);
[4.665s]       |                                    [01;36m[K~~~~~~~~^~~~~~~~~~~~~~~~[m[K
[4.665s] [01m[K/home/agnella/banyu/tugas1/src/pubsub/src/node.cpp:80:42:[m[K [01;31m[Kerror: [m[Kno matching function for call to ‘[01m[Kmin(int, interfaces::msg::Command_<std::allocator<void> >::_yaw_type&)[m[K’
[4.665s]    80 |         cmd.yaw = std::max(-180, [01;31m[Kstd::min(180, cmd.yaw)[m[K);
[4.665s]       |                                  [01;31m[K~~~~~~~~^~~~~~~~~~~~~~[m[K
[4.665s] In file included from [01m[K/usr/include/c++/11/array:40[m[K,
[4.665s]                  from [01m[K/usr/include/c++/11/tuple:39[m[K,
[4.665s]                  from [01m[K/usr/include/c++/11/functional:54[m[K,
[4.665s]                  from [01m[K/home/agnella/banyu/tugas1/src/pubsub/src/node.cpp:2[m[K:
[4.665s] [01m[K/usr/include/c++/11/bits/stl_algobase.h:230:5:[m[K [01;36m[Knote: [m[Kcandidate: ‘[01m[Ktemplate<class _Tp> constexpr const _Tp& std::min(const _Tp&, const _Tp&)[m[K’
[4.665s]   230 |     [01;36m[Kmin[m[K(const _Tp& __a, const _Tp& __b)
[4.665s]       |     [01;36m[K^~~[m[K
[4.665s] [01m[K/usr/include/c++/11/bits/stl_algobase.h:230:5:[m[K [01;36m[Knote: [m[K  template argument deduction/substitution failed:
[4.665s] [01m[K/home/agnella/banyu/tugas1/src/pubsub/src/node.cpp:80:42:[m[K [01;36m[Knote: [m[K  deduced conflicting types for parameter ‘[01m[Kconst _Tp[m[K’ (‘[01m[Kint[m[K’ and ‘[01m[Kinterfaces::msg::Command_<std::allocator<void> >::_yaw_type[m[K’ {aka ‘[01m[Kfloat[m[K’})
[4.666s]    80 |         cmd.yaw = std::max(-180, [01;36m[Kstd::min(180, cmd.yaw)[m[K);
[4.666s]       |                                  [01;36m[K~~~~~~~~^~~~~~~~~~~~~~[m[K
[4.666s] In file included from [01m[K/usr/include/c++/11/array:40[m[K,
[4.666s]                  from [01m[K/usr/include/c++/11/tuple:39[m[K,
[4.666s]                  from [01m[K/usr/include/c++/11/functional:54[m[K,
[4.666s]                  from [01m[K/home/agnella/banyu/tugas1/src/pubsub/src/node.cpp:2[m[K:
[4.666s] [01m[K/usr/include/c++/11/bits/stl_algobase.h:278:5:[m[K [01;36m[Knote: [m[Kcandidate: ‘[01m[Ktemplate<class _Tp, class _Compare> constexpr const _Tp& std::min(const _Tp&, const _Tp&, _Compare)[m[K’
[4.666s]   278 |     [01;36m[Kmin[m[K(const _Tp& __a, const _Tp& __b, _Compare __comp)
[4.666s]       |     [01;36m[K^~~[m[K
[4.666s] [01m[K/usr/include/c++/11/bits/stl_algobase.h:278:5:[m[K [01;36m[Knote: [m[K  template argument deduction/substitution failed:
[4.666s] [01m[K/home/agnella/banyu/tugas1/src/pubsub/src/node.cpp:80:42:[m[K [01;36m[Knote: [m[K  deduced conflicting types for parameter ‘[01m[Kconst _Tp[m[K’ (‘[01m[Kint[m[K’ and ‘[01m[Kinterfaces::msg::Command_<std::allocator<void> >::_yaw_type[m[K’ {aka ‘[01m[Kfloat[m[K’})
[4.666s]    80 |         cmd.yaw = std::max(-180, [01;36m[Kstd::min(180, cmd.yaw)[m[K);
[4.666s]       |                                  [01;36m[K~~~~~~~~^~~~~~~~~~~~~~[m[K
[4.666s] In file included from [01m[K/usr/include/c++/11/functional:65[m[K,
[4.666s]                  from [01m[K/home/agnella/banyu/tugas1/src/pubsub/src/node.cpp:2[m[K:
[4.666s] [01m[K/usr/include/c++/11/bits/stl_algo.h:3449:5:[m[K [01;36m[Knote: [m[Kcandidate: ‘[01m[Ktemplate<class _Tp> constexpr _Tp std::min(std::initializer_list<_Tp>)[m[K’
[4.666s]  3449 |     [01;36m[Kmin[m[K(initializer_list<_Tp> __l)
[4.667s]       |     [01;36m[K^~~[m[K
[4.667s] [01m[K/usr/include/c++/11/bits/stl_algo.h:3449:5:[m[K [01;36m[Knote: [m[K  template argument deduction/substitution failed:
[4.667s] [01m[K/home/agnella/banyu/tugas1/src/pubsub/src/node.cpp:80:42:[m[K [01;36m[Knote: [m[K  mismatched types ‘[01m[Kstd::initializer_list<_Tp>[m[K’ and ‘[01m[Kint[m[K’
[4.667s]    80 |         cmd.yaw = std::max(-180, [01;36m[Kstd::min(180, cmd.yaw)[m[K);
[4.667s]       |                                  [01;36m[K~~~~~~~~^~~~~~~~~~~~~~[m[K
[4.667s] In file included from [01m[K/usr/include/c++/11/functional:65[m[K,
[4.667s]                  from [01m[K/home/agnella/banyu/tugas1/src/pubsub/src/node.cpp:2[m[K:
[4.667s] [01m[K/usr/include/c++/11/bits/stl_algo.h:3455:5:[m[K [01;36m[Knote: [m[Kcandidate: ‘[01m[Ktemplate<class _Tp, class _Compare> constexpr _Tp std::min(std::initializer_list<_Tp>, _Compare)[m[K’
[4.667s]  3455 |     [01;36m[Kmin[m[K(initializer_list<_Tp> __l, _Compare __comp)
[4.667s]       |     [01;36m[K^~~[m[K
[4.667s] [01m[K/usr/include/c++/11/bits/stl_algo.h:3455:5:[m[K [01;36m[Knote: [m[K  template argument deduction/substitution failed:
[4.667s] [01m[K/home/agnella/banyu/tugas1/src/pubsub/src/node.cpp:80:42:[m[K [01;36m[Knote: [m[K  mismatched types ‘[01m[Kstd::initializer_list<_Tp>[m[K’ and ‘[01m[Kint[m[K’
[4.667s]    80 |         cmd.yaw = std::max(-180, [01;36m[Kstd::min(180, cmd.yaw)[m[K);
[4.667s]       |                                  [01;36m[K~~~~~~~~^~~~~~~~~~~~~~[m[K
[4.667s] [01m[K/home/agnella/banyu/tugas1/src/pubsub/src/node.cpp:81:41:[m[K [01;31m[Kerror: [m[Kno matching function for call to ‘[01m[Kmin(int, interfaces::msg::Command_<std::allocator<void> >::_depth_type&)[m[K’
[4.667s]    81 |         cmd.depth = std::max(0, [01;31m[Kstd::min(10, cmd.depth)[m[K);
[4.667s]       |                                 [01;31m[K~~~~~~~~^~~~~~~~~~~~~~~[m[K
[4.668s] In file included from [01m[K/usr/include/c++/11/array:40[m[K,
[4.668s]                  from [01m[K/usr/include/c++/11/tuple:39[m[K,
[4.668s]                  from [01m[K/usr/include/c++/11/functional:54[m[K,
[4.668s]                  from [01m[K/home/agnella/banyu/tugas1/src/pubsub/src/node.cpp:2[m[K:
[4.668s] [01m[K/usr/include/c++/11/bits/stl_algobase.h:230:5:[m[K [01;36m[Knote: [m[Kcandidate: ‘[01m[Ktemplate<class _Tp> constexpr const _Tp& std::min(const _Tp&, const _Tp&)[m[K’
[4.668s]   230 |     [01;36m[Kmin[m[K(const _Tp& __a, const _Tp& __b)
[4.668s]       |     [01;36m[K^~~[m[K
[4.668s] [01m[K/usr/include/c++/11/bits/stl_algobase.h:230:5:[m[K [01;36m[Knote: [m[K  template argument deduction/substitution failed:
[4.668s] [01m[K/home/agnella/banyu/tugas1/src/pubsub/src/node.cpp:81:41:[m[K [01;36m[Knote: [m[K  deduced conflicting types for parameter ‘[01m[Kconst _Tp[m[K’ (‘[01m[Kint[m[K’ and ‘[01m[Kinterfaces::msg::Command_<std::allocator<void> >::_depth_type[m[K’ {aka ‘[01m[Kfloat[m[K’})
[4.668s]    81 |         cmd.depth = std::max(0, [01;36m[Kstd::min(10, cmd.depth)[m[K);
[4.668s]       |                                 [01;36m[K~~~~~~~~^~~~~~~~~~~~~~~[m[K
[4.668s] In file included from [01m[K/usr/include/c++/11/array:40[m[K,
[4.668s]                  from [01m[K/usr/include/c++/11/tuple:39[m[K,
[4.668s]                  from [01m[K/usr/include/c++/11/functional:54[m[K,
[4.668s]                  from [01m[K/home/agnella/banyu/tugas1/src/pubsub/src/node.cpp:2[m[K:
[4.668s] [01m[K/usr/include/c++/11/bits/stl_algobase.h:278:5:[m[K [01;36m[Knote: [m[Kcandidate: ‘[01m[Ktemplate<class _Tp, class _Compare> constexpr const _Tp& std::min(const _Tp&, const _Tp&, _Compare)[m[K’
[4.668s]   278 |     [01;36m[Kmin[m[K(const _Tp& __a, const _Tp& __b, _Compare __comp)
[4.668s]       |     [01;36m[K^~~[m[K
[4.668s] [01m[K/usr/include/c++/11/bits/stl_algobase.h:278:5:[m[K [01;36m[Knote: [m[K  template argument deduction/substitution failed:
[4.669s] [01m[K/home/agnella/banyu/tugas1/src/pubsub/src/node.cpp:81:41:[m[K [01;36m[Knote: [m[K  deduced conflicting types for parameter ‘[01m[Kconst _Tp[m[K’ (‘[01m[Kint[m[K’ and ‘[01m[Kinterfaces::msg::Command_<std::allocator<void> >::_depth_type[m[K’ {aka ‘[01m[Kfloat[m[K’})
[4.669s]    81 |         cmd.depth = std::max(0, [01;36m[Kstd::min(10, cmd.depth)[m[K);
[4.669s]       |                                 [01;36m[K~~~~~~~~^~~~~~~~~~~~~~~[m[K
[4.669s] In file included from [01m[K/usr/include/c++/11/functional:65[m[K,
[4.669s]                  from [01m[K/home/agnella/banyu/tugas1/src/pubsub/src/node.cpp:2[m[K:
[4.669s] [01m[K/usr/include/c++/11/bits/stl_algo.h:3449:5:[m[K [01;36m[Knote: [m[Kcandidate: ‘[01m[Ktemplate<class _Tp> constexpr _Tp std::min(std::initializer_list<_Tp>)[m[K’
[4.669s]  3449 |     [01;36m[Kmin[m[K(initializer_list<_Tp> __l)
[4.669s]       |     [01;36m[K^~~[m[K
[4.669s] [01m[K/usr/include/c++/11/bits/stl_algo.h:3449:5:[m[K [01;36m[Knote: [m[K  template argument deduction/substitution failed:
[4.669s] [01m[K/home/agnella/banyu/tugas1/src/pubsub/src/node.cpp:81:41:[m[K [01;36m[Knote: [m[K  mismatched types ‘[01m[Kstd::initializer_list<_Tp>[m[K’ and ‘[01m[Kint[m[K’
[4.669s]    81 |         cmd.depth = std::max(0, [01;36m[Kstd::min(10, cmd.depth)[m[K);
[4.669s]       |                                 [01;36m[K~~~~~~~~^~~~~~~~~~~~~~~[m[K
[4.669s] In file included from [01m[K/usr/include/c++/11/functional:65[m[K,
[4.669s]                  from [01m[K/home/agnella/banyu/tugas1/src/pubsub/src/node.cpp:2[m[K:
[4.669s] [01m[K/usr/include/c++/11/bits/stl_algo.h:3455:5:[m[K [01;36m[Knote: [m[Kcandidate: ‘[01m[Ktemplate<class _Tp, class _Compare> constexpr _Tp std::min(std::initializer_list<_Tp>, _Compare)[m[K’
[4.669s]  3455 |     [01;36m[Kmin[m[K(initializer_list<_Tp> __l, _Compare __comp)
[4.670s]       |     [01;36m[K^~~[m[K
[4.670s] [01m[K/usr/include/c++/11/bits/stl_algo.h:3455:5:[m[K [01;36m[Knote: [m[K  template argument deduction/substitution failed:
[4.670s] [01m[K/home/agnella/banyu/tugas1/src/pubsub/src/node.cpp:81:41:[m[K [01;36m[Knote: [m[K  mismatched types ‘[01m[Kstd::initializer_list<_Tp>[m[K’ and ‘[01m[Kint[m[K’
[4.670s]    81 |         cmd.depth = std::max(0, [01;36m[Kstd::min(10, cmd.depth)[m[K);
[4.670s]       |                                 [01;36m[K~~~~~~~~^~~~~~~~~~~~~~~[m[K
[4.670s] [01m[K/home/agnella/banyu/tugas1/src/pubsub/src/node.cpp:25:56:[m[K [01;35m[Kwarning: [m[Kunused parameter ‘[01m[Kmsg[m[K’ [[01;35m[K]8;;https://gcc.gnu.org/onlinedocs/gcc/Warning-Options.html#index-Wunused-parameter-Wunused-parameter]8;;[m[K]
[4.670s]    25 |     void fungsi_subscribe([01;35m[Kconst sensor_msgs::msg::Joy &msg[m[K)
[4.670s]       |                           [01;35m[K~~~~~~~~~~~~~~~~~~~~~~~~~~~~~^~~[m[K
[4.670s] [01m[K/home/agnella/banyu/tugas1/src/pubsub/src/node.cpp:[m[K At global scope:
[4.670s] [01m[K/home/agnella/banyu/tugas1/src/pubsub/src/node.cpp:13:1:[m[K [01;31m[Kerror: [m[Kmultiple types in one declaration
[4.670s]    13 | [01;31m[Kvoid[m[K
[4.670s]       | [01;31m[K^~~~[m[K
[4.670s] [01m[K/home/agnella/banyu/tugas1/src/pubsub/src/node.cpp:93:2:[m[K [01;31m[Kerror: [m[Kdeclaration does not declare anything [[01;31m[K]8;;https://gcc.gnu.org/onlinedocs/gcc/Warning-Options.html#index-fpermissive-fpermissive]8;;[m[K]
[4.670s]    93 | }[01;31m[K;[m[K
[4.670s]       |  [01;31m[K^[m[K
[8.252s] gmake[2]: *** [CMakeFiles/node.dir/build.make:76: CMakeFiles/node.dir/src/node.cpp.o] Error 1
[8.252s] gmake[1]: *** [CMakeFiles/Makefile2:137: CMakeFiles/node.dir/all] Error 2
[8.253s] gmake: *** [Makefile:146: all] Error 2
[8.266s] Invoked command in '/home/agnella/banyu/tugas1/build/pubsub' returned '2': CMAKE_PREFIX_PATH=${CMAKE_PREFIX_PATH}:/opt/ros/humble /usr/bin/cmake --build /home/agnella/banyu/tugas1/build/pubsub -- -j4 -l4
