[0.021s] Invoking command in '/home/agnella/banyu/tugas1/build/interfaces': CMAKE_PREFIX_PATH=${CMAKE_PREFIX_PATH}:/opt/ros/humble /usr/bin/cmake --build /home/agnella/banyu/tugas1/build/interfaces -- -j4 -l4
[0.090s] [  3%] Built target interfaces__cpp
[0.094s] [ 12%] Built target interfaces__rosidl_generator_c
[0.098s] [ 12%] Built target ament_cmake_python_copy_interfaces
[0.117s] [ 22%] Built target interfaces__rosidl_typesupport_cpp
[0.119s] [ 32%] Built target interfaces__rosidl_typesupport_fastrtps_cpp
[0.126s] [ 41%] Built target interfaces__rosidl_typesupport_introspection_cpp
[0.134s] [ 51%] Built target interfaces__rosidl_typesupport_fastrtps_c
[0.147s] [ 61%] Built target interfaces__rosidl_typesupport_introspection_c
[0.164s] [ 70%] Built target interfaces__rosidl_typesupport_c
[0.187s] [ 70%] Built target interfaces
[0.205s] [ 74%] Built target interfaces__py
[0.231s] [ 80%] Built target interfaces__rosidl_generator_py
[0.254s] [ 96%] Built target interfaces__rosidl_typesupport_fastrtps_c__pyext
[0.254s] [ 96%] Built target interfaces__rosidl_typesupport_c__pyext
[0.255s] [100%] Built target interfaces__rosidl_typesupport_introspection_c__pyext
[0.411s] running egg_info
[0.412s] writing interfaces.egg-info/PKG-INFO
[0.415s] writing dependency_links to interfaces.egg-info/dependency_links.txt
[0.417s] writing top-level names to interfaces.egg-info/top_level.txt
[0.422s] reading manifest file 'interfaces.egg-info/SOURCES.txt'
[0.423s] writing manifest file 'interfaces.egg-info/SOURCES.txt'
[0.458s] [100%] Built target ament_cmake_python_build_interfaces_egg
