[0.017s] Invoking command in '/home/agnella/banyu/tugas1/build/pubsub': CMAKE_PREFIX_PATH=${CMAKE_PREFIX_PATH}:/opt/ros/humble /usr/bin/cmake /home/agnella/banyu/tugas1/src/pubsub -DCMAKE_INSTALL_PREFIX=/home/agnella/banyu/tugas1/install/pubsub
[0.039s] -- Found ament_cmake: 1.3.10 (/opt/ros/humble/share/ament_cmake/cmake)
[0.208s] -- Found rclcpp: 16.0.10 (/opt/ros/humble/share/rclcpp/cmake)
[0.251s] -- Found rosidl_generator_c: 3.1.5 (/opt/ros/humble/share/rosidl_generator_c/cmake)
[0.254s] -- Found rosidl_adapter: 3.1.5 (/opt/ros/humble/share/rosidl_adapter/cmake)
[0.262s] -- Found rosidl_generator_cpp: 3.1.5 (/opt/ros/humble/share/rosidl_generator_cpp/cmake)
[0.274s] -- Using all available rosidl_typesupport_c: rosidl_typesupport_fastrtps_c;rosidl_typesupport_introspection_c
[0.287s] -- Using all available rosidl_typesupport_cpp: rosidl_typesupport_fastrtps_cpp;rosidl_typesupport_introspection_cpp
[0.330s] -- Found rmw_implementation_cmake: 6.1.2 (/opt/ros/humble/share/rmw_implementation_cmake/cmake)
[0.332s] -- Found rmw_fastrtps_cpp: 6.2.7 (/opt/ros/humble/share/rmw_fastrtps_cpp/cmake)
[0.504s] -- Using RMW implementation 'rmw_fastrtps_cpp' as default
[0.576s] -- Found sensor_msgs: 4.2.4 (/opt/ros/humble/share/sensor_msgs/cmake)
[0.618s] -- Found interfaces: 0.0.0 (/home/agnella/banyu/tugas1/install/interfaces/share/interfaces/cmake)
[0.632s] -- Found ament_lint_auto: 0.12.11 (/opt/ros/humble/share/ament_lint_auto/cmake)
[0.714s] -- Added test 'cppcheck' to perform static code analysis on C / C++ code
[0.714s] -- Configured cppcheck include dirs: 
[0.714s] -- Configured cppcheck exclude dirs and/or files: 
[0.715s] -- Added test 'lint_cmake' to check CMake code style
[0.716s] -- Added test 'uncrustify' to check C / C++ code style
[0.716s] -- Configured uncrustify additional arguments: 
[0.716s] -- Added test 'xmllint' to check XML markup files
[0.720s] -- Configuring done
[0.724s] [31mCMake Error at CMakeLists.txt:14 (add_executable):
[0.724s]   Cannot find source file:
[0.724s] 
[0.724s]     src/node.cpp
[0.725s] 
[0.725s]   Tried extensions .c .C .c++ .cc .cpp .cxx .cu .mpp .m .M .mm .ixx .cppm .h
[0.725s]   .hh .h++ .hm .hpp .hxx .in .txx .f .F .for .f77 .f90 .f95 .f03 .hip .ispc
[0.725s] 
[0.725s] [0m
[0.725s] [31mCMake Error at CMakeLists.txt:14 (add_executable):
[0.725s]   No SOURCES given to target: node
[0.725s] 
[0.725s] [0m
[0.725s] [0mCMake Generate step failed.  Build files cannot be regenerated correctly.[0m
[0.730s] Invoked command in '/home/agnella/banyu/tugas1/build/pubsub' returned '1': CMAKE_PREFIX_PATH=${CMAKE_PREFIX_PATH}:/opt/ros/humble /usr/bin/cmake /home/agnella/banyu/tugas1/src/pubsub -DCMAKE_INSTALL_PREFIX=/home/agnella/banyu/tugas1/install/pubsub
