[0.013s] Invoking command in '/home/agnella/banyu/tugas1/build/interfaces': CMAKE_PREFIX_PATH=/opt/ros/humble /usr/bin/cmake /home/agnella/banyu/tugas1/src/interfaces -DCMAKE_INSTALL_PREFIX=/home/agnella/banyu/tugas1/install/interfaces
[0.034s] -- Found ament_cmake: 1.3.10 (/opt/ros/humble/share/ament_cmake/cmake)
[0.161s] -- Found rosidl_default_generators: 1.2.0 (/opt/ros/humble/share/rosidl_default_generators/cmake)
[0.163s] -- Using all available rosidl_typesupport_c: rosidl_typesupport_fastrtps_c;rosidl_typesupport_introspection_c
[0.169s] -- Found rosidl_adapter: 3.1.5 (/opt/ros/humble/share/rosidl_adapter/cmake)
[0.223s] -- Using all available rosidl_typesupport_cpp: rosidl_typesupport_fastrtps_cpp;rosidl_typesupport_introspection_cpp
[0.488s] -- Found ament_cmake_ros: 0.10.0 (/opt/ros/humble/share/ament_cmake_ros/cmake)
[0.693s] -- Using all available rosidl_typesupport_c: rosidl_typesupport_fastrtps_c;rosidl_typesupport_introspection_c
[0.915s] -- Using all available rosidl_typesupport_cpp: rosidl_typesupport_fastrtps_cpp;rosidl_typesupport_introspection_cpp
[0.941s] -- Found PythonInterp: /usr/bin/python3 (found suitable version "3.10.12", minimum required is "3.6") 
[0.946s] -- Found python_cmake_module: 0.10.0 (/opt/ros/humble/share/python_cmake_module/cmake)
[0.974s] -- Found PythonLibs: /usr/lib/aarch64-linux-gnu/libpython3.10.so (found suitable version "3.10.12", minimum required is "3.5") 
[0.974s] -- Using PYTHON_EXECUTABLE: /usr/bin/python3
[0.974s] -- Using PYTHON_INCLUDE_DIRS: /usr/include/python3.10
[0.974s] -- Using PYTHON_LIBRARIES: /usr/lib/aarch64-linux-gnu/libpython3.10.so
[0.992s] -- Found PythonExtra: .so  
[1.028s] -- Found ament_lint_auto: 0.12.11 (/opt/ros/humble/share/ament_lint_auto/cmake)
[1.072s] -- Added test 'lint_cmake' to check CMake code style
[1.073s] -- Added test 'xmllint' to check XML markup files
[1.078s] -- Configuring done
[1.111s] -- Generating done
[1.116s] -- Build files have been written to: /home/agnella/banyu/tugas1/build/interfaces
[1.125s] Invoked command in '/home/agnella/banyu/tugas1/build/interfaces' returned '0': CMAKE_PREFIX_PATH=/opt/ros/humble /usr/bin/cmake /home/agnella/banyu/tugas1/src/interfaces -DCMAKE_INSTALL_PREFIX=/home/agnella/banyu/tugas1/install/interfaces
[1.125s] Invoking command in '/home/agnella/banyu/tugas1/build/interfaces': CMAKE_PREFIX_PATH=/opt/ros/humble /usr/bin/cmake --build /home/agnella/banyu/tugas1/build/interfaces -- -j4 -l4
[1.158s] [  3%] [34m[1mGenerating C code for ROS interfaces[0m
[1.165s] [  6%] [34m[1mGenerating C++ code for ROS interfaces[0m
[1.173s] [  6%] Built target ament_cmake_python_copy_interfaces
[1.439s] running egg_info
[1.440s] creating interfaces.egg-info
[1.440s] writing interfaces.egg-info/PKG-INFO
[1.441s] writing dependency_links to interfaces.egg-info/dependency_links.txt
[1.441s] writing top-level names to interfaces.egg-info/top_level.txt
[1.441s] writing manifest file 'interfaces.egg-info/SOURCES.txt'
[1.446s] reading manifest file 'interfaces.egg-info/SOURCES.txt'
[1.447s] writing manifest file 'interfaces.egg-info/SOURCES.txt'
[1.485s] [  9%] [32mBuilding C object CMakeFiles/interfaces__rosidl_generator_c.dir/rosidl_generator_c/interfaces/msg/detail/command__functions.c.o[0m
[1.485s] [  9%] Built target ament_cmake_python_build_interfaces_egg
[1.491s] [  9%] Built target interfaces__cpp
[1.499s] [ 16%] [34m[1mGenerating C++ type support dispatch for ROS interfaces[0m
[1.499s] [ 16%] [34m[1mGenerating C++ introspection for ROS interfaces[0m
[1.505s] [ 19%] [34m[1mGenerating C++ type support for eProsima Fast-RTPS[0m
[1.616s] [ 22%] [32m[1mLinking C shared library libinterfaces__rosidl_generator_c.so[0m
[1.689s] [ 22%] Built target interfaces__rosidl_generator_c
[1.708s] [ 25%] [34m[1mGenerating C type support for eProsima Fast-RTPS[0m
[1.875s] [ 29%] [32mBuilding CXX object CMakeFiles/interfaces__rosidl_typesupport_introspection_cpp.dir/rosidl_typesupport_introspection_cpp/interfaces/msg/detail/command__type_support.cpp.o[0m
[1.902s] [ 32%] [32mBuilding CXX object CMakeFiles/interfaces__rosidl_typesupport_cpp.dir/rosidl_typesupport_cpp/interfaces/msg/command__type_support.cpp.o[0m
[1.907s] [ 35%] [32mBuilding CXX object CMakeFiles/interfaces__rosidl_typesupport_fastrtps_cpp.dir/rosidl_typesupport_fastrtps_cpp/interfaces/msg/detail/dds_fastrtps/command__type_support.cpp.o[0m
[2.177s] [ 38%] [32mBuilding CXX object CMakeFiles/interfaces__rosidl_typesupport_fastrtps_c.dir/rosidl_typesupport_fastrtps_c/interfaces/msg/detail/command__type_support_c.cpp.o[0m
[2.521s] [ 41%] [32m[1mLinking CXX shared library libinterfaces__rosidl_typesupport_cpp.so[0m
[2.568s] [ 41%] Built target interfaces__rosidl_typesupport_cpp
[2.577s] [ 45%] [34m[1mGenerating C introspection for ROS interfaces[0m
[2.669s] [ 48%] [32m[1mLinking CXX shared library libinterfaces__rosidl_typesupport_introspection_cpp.so[0m
[2.675s] [ 51%] [32m[1mLinking CXX shared library libinterfaces__rosidl_typesupport_fastrtps_cpp.so[0m
[2.714s] [ 51%] Built target interfaces__rosidl_typesupport_introspection_cpp
[2.754s] [ 54%] [34m[1mGenerating C type support dispatch for ROS interfaces[0m
[2.785s] [ 54%] Built target interfaces__rosidl_typesupport_fastrtps_cpp
[2.795s] [ 58%] [32m[1mLinking CXX shared library libinterfaces__rosidl_typesupport_fastrtps_c.so[0m
[2.875s] [ 58%] Built target interfaces__rosidl_typesupport_fastrtps_c
[2.895s] [ 61%] [32mBuilding C object CMakeFiles/interfaces__rosidl_typesupport_introspection_c.dir/rosidl_typesupport_introspection_c/interfaces/msg/detail/command__type_support.c.o[0m
[2.936s] [ 64%] [32m[1mLinking C shared library libinterfaces__rosidl_typesupport_introspection_c.so[0m
[2.967s] [ 64%] Built target interfaces__rosidl_typesupport_introspection_c
[3.006s] [ 67%] [32mBuilding CXX object CMakeFiles/interfaces__rosidl_typesupport_c.dir/rosidl_typesupport_c/interfaces/msg/command__type_support.cpp.o[0m
[3.037s] [ 70%] [32m[1mLinking CXX shared library libinterfaces__rosidl_typesupport_c.so[0m
[3.073s] [ 70%] Built target interfaces__rosidl_typesupport_c
[3.088s] [ 70%] Built target interfaces
[3.100s] [ 74%] [34m[1mGenerating Python code for ROS interfaces[0m
[3.368s] [ 74%] Built target interfaces__py
[3.381s] [ 77%] [32mBuilding C object CMakeFiles/interfaces__rosidl_generator_py.dir/rosidl_generator_py/interfaces/msg/_command_s.c.o[0m
[3.615s] [ 80%] [32m[1mLinking C shared library rosidl_generator_py/interfaces/libinterfaces__rosidl_generator_py.so[0m
[3.652s] [ 80%] Built target interfaces__rosidl_generator_py
[3.667s] [ 90%] [32mBuilding C object CMakeFiles/interfaces__rosidl_typesupport_fastrtps_c__pyext.dir/rosidl_generator_py/interfaces/_interfaces_s.ep.rosidl_typesupport_fastrtps_c.c.o[0m
[3.667s] [ 90%] [32mBuilding C object CMakeFiles/interfaces__rosidl_typesupport_c__pyext.dir/rosidl_generator_py/interfaces/_interfaces_s.ep.rosidl_typesupport_c.c.o[0m
[3.667s] [ 90%] [32mBuilding C object CMakeFiles/interfaces__rosidl_typesupport_introspection_c__pyext.dir/rosidl_generator_py/interfaces/_interfaces_s.ep.rosidl_typesupport_introspection_c.c.o[0m
[3.764s] [ 93%] [32m[1mLinking C shared library rosidl_generator_py/interfaces/interfaces_s__rosidl_typesupport_c.cpython-310-aarch64-linux-gnu.so[0m
[3.765s] [ 96%] [32m[1mLinking C shared library rosidl_generator_py/interfaces/interfaces_s__rosidl_typesupport_fastrtps_c.cpython-310-aarch64-linux-gnu.so[0m
[3.766s] [100%] [32m[1mLinking C shared library rosidl_generator_py/interfaces/interfaces_s__rosidl_typesupport_introspection_c.cpython-310-aarch64-linux-gnu.so[0m
[3.790s] [100%] Built target interfaces__rosidl_typesupport_c__pyext
[3.790s] [100%] Built target interfaces__rosidl_typesupport_introspection_c__pyext
[3.791s] [100%] Built target interfaces__rosidl_typesupport_fastrtps_c__pyext
[3.804s] Invoked command in '/home/agnella/banyu/tugas1/build/interfaces' returned '0': CMAKE_PREFIX_PATH=/opt/ros/humble /usr/bin/cmake --build /home/agnella/banyu/tugas1/build/interfaces -- -j4 -l4
[3.868s] Invoking command in '/home/agnella/banyu/tugas1/build/interfaces': CMAKE_PREFIX_PATH=/opt/ros/humble /usr/bin/cmake --install /home/agnella/banyu/tugas1/build/interfaces
[3.874s] -- Install configuration: ""
[3.874s] -- Installing: /home/agnella/banyu/tugas1/install/interfaces/share/ament_index/resource_index/rosidl_interfaces/interfaces
[3.875s] -- Installing: /home/agnella/banyu/tugas1/install/interfaces/include/interfaces/interfaces
[3.875s] -- Installing: /home/agnella/banyu/tugas1/install/interfaces/include/interfaces/interfaces/msg
[3.875s] -- Installing: /home/agnella/banyu/tugas1/install/interfaces/include/interfaces/interfaces/msg/command.h
[3.875s] -- Installing: /home/agnella/banyu/tugas1/install/interfaces/include/interfaces/interfaces/msg/rosidl_generator_c__visibility_control.h
[3.875s] -- Installing: /home/agnella/banyu/tugas1/install/interfaces/include/interfaces/interfaces/msg/detail
[3.876s] -- Installing: /home/agnella/banyu/tugas1/install/interfaces/include/interfaces/interfaces/msg/detail/command__type_support.h
[3.876s] -- Installing: /home/agnella/banyu/tugas1/install/interfaces/include/interfaces/interfaces/msg/detail/command__struct.h
[3.876s] -- Installing: /home/agnella/banyu/tugas1/install/interfaces/include/interfaces/interfaces/msg/detail/command__functions.h
[3.876s] -- Installing: /home/agnella/banyu/tugas1/install/interfaces/include/interfaces/interfaces/msg/detail/command__functions.c
[3.876s] -- Installing: /home/agnella/banyu/tugas1/install/interfaces/share/interfaces/environment/library_path.sh
[3.876s] -- Installing: /home/agnella/banyu/tugas1/install/interfaces/share/interfaces/environment/library_path.dsv
[3.876s] -- Installing: /home/agnella/banyu/tugas1/install/interfaces/lib/libinterfaces__rosidl_generator_c.so
[3.877s] -- Set runtime path of "/home/agnella/banyu/tugas1/install/interfaces/lib/libinterfaces__rosidl_generator_c.so" to ""
[3.877s] -- Up-to-date: /home/agnella/banyu/tugas1/install/interfaces/include/interfaces/interfaces
[3.877s] -- Up-to-date: /home/agnella/banyu/tugas1/install/interfaces/include/interfaces/interfaces/msg
[3.877s] -- Installing: /home/agnella/banyu/tugas1/install/interfaces/include/interfaces/interfaces/msg/rosidl_typesupport_fastrtps_c__visibility_control.h
[3.877s] -- Up-to-date: /home/agnella/banyu/tugas1/install/interfaces/include/interfaces/interfaces/msg/detail
[3.877s] -- Installing: /home/agnella/banyu/tugas1/install/interfaces/include/interfaces/interfaces/msg/detail/command__rosidl_typesupport_fastrtps_c.h
[3.877s] -- Installing: /home/agnella/banyu/tugas1/install/interfaces/lib/libinterfaces__rosidl_typesupport_fastrtps_c.so
[3.877s] -- Set runtime path of "/home/agnella/banyu/tugas1/install/interfaces/lib/libinterfaces__rosidl_typesupport_fastrtps_c.so" to ""
[3.877s] -- Up-to-date: /home/agnella/banyu/tugas1/install/interfaces/include/interfaces/interfaces
[3.878s] -- Up-to-date: /home/agnella/banyu/tugas1/install/interfaces/include/interfaces/interfaces/msg
[3.878s] -- Up-to-date: /home/agnella/banyu/tugas1/install/interfaces/include/interfaces/interfaces/msg/detail
[3.878s] -- Installing: /home/agnella/banyu/tugas1/install/interfaces/include/interfaces/interfaces/msg/detail/command__type_support.c
[3.878s] -- Installing: /home/agnella/banyu/tugas1/install/interfaces/include/interfaces/interfaces/msg/detail/command__rosidl_typesupport_introspection_c.h
[3.878s] -- Installing: /home/agnella/banyu/tugas1/install/interfaces/include/interfaces/interfaces/msg/rosidl_typesupport_introspection_c__visibility_control.h
[3.878s] -- Installing: /home/agnella/banyu/tugas1/install/interfaces/lib/libinterfaces__rosidl_typesupport_introspection_c.so
[3.878s] -- Set runtime path of "/home/agnella/banyu/tugas1/install/interfaces/lib/libinterfaces__rosidl_typesupport_introspection_c.so" to ""
[3.878s] -- Installing: /home/agnella/banyu/tugas1/install/interfaces/lib/libinterfaces__rosidl_typesupport_c.so
[3.879s] -- Set runtime path of "/home/agnella/banyu/tugas1/install/interfaces/lib/libinterfaces__rosidl_typesupport_c.so" to ""
[3.879s] -- Up-to-date: /home/agnella/banyu/tugas1/install/interfaces/include/interfaces/interfaces
[3.879s] -- Up-to-date: /home/agnella/banyu/tugas1/install/interfaces/include/interfaces/interfaces/msg
[3.879s] -- Installing: /home/agnella/banyu/tugas1/install/interfaces/include/interfaces/interfaces/msg/command.hpp
[3.879s] -- Up-to-date: /home/agnella/banyu/tugas1/install/interfaces/include/interfaces/interfaces/msg/detail
[3.879s] -- Installing: /home/agnella/banyu/tugas1/install/interfaces/include/interfaces/interfaces/msg/detail/command__traits.hpp
[3.879s] -- Installing: /home/agnella/banyu/tugas1/install/interfaces/include/interfaces/interfaces/msg/detail/command__struct.hpp
[3.879s] -- Installing: /home/agnella/banyu/tugas1/install/interfaces/include/interfaces/interfaces/msg/detail/command__builder.hpp
[3.879s] -- Up-to-date: /home/agnella/banyu/tugas1/install/interfaces/include/interfaces/interfaces
[3.880s] -- Up-to-date: /home/agnella/banyu/tugas1/install/interfaces/include/interfaces/interfaces/msg
[3.880s] -- Up-to-date: /home/agnella/banyu/tugas1/install/interfaces/include/interfaces/interfaces/msg/detail
[3.880s] -- Installing: /home/agnella/banyu/tugas1/install/interfaces/include/interfaces/interfaces/msg/detail/command__rosidl_typesupport_fastrtps_cpp.hpp
[3.880s] -- Installing: /home/agnella/banyu/tugas1/install/interfaces/include/interfaces/interfaces/msg/detail/dds_fastrtps
[3.880s] -- Installing: /home/agnella/banyu/tugas1/install/interfaces/include/interfaces/interfaces/msg/rosidl_typesupport_fastrtps_cpp__visibility_control.h
[3.880s] -- Installing: /home/agnella/banyu/tugas1/install/interfaces/lib/libinterfaces__rosidl_typesupport_fastrtps_cpp.so
[3.880s] -- Set runtime path of "/home/agnella/banyu/tugas1/install/interfaces/lib/libinterfaces__rosidl_typesupport_fastrtps_cpp.so" to ""
[3.880s] -- Up-to-date: /home/agnella/banyu/tugas1/install/interfaces/include/interfaces/interfaces
[3.880s] -- Up-to-date: /home/agnella/banyu/tugas1/install/interfaces/include/interfaces/interfaces/msg
[3.880s] -- Up-to-date: /home/agnella/banyu/tugas1/install/interfaces/include/interfaces/interfaces/msg/detail
[3.881s] -- Installing: /home/agnella/banyu/tugas1/install/interfaces/include/interfaces/interfaces/msg/detail/command__type_support.cpp
[3.881s] -- Installing: /home/agnella/banyu/tugas1/install/interfaces/include/interfaces/interfaces/msg/detail/command__rosidl_typesupport_introspection_cpp.hpp
[3.881s] -- Installing: /home/agnella/banyu/tugas1/install/interfaces/lib/libinterfaces__rosidl_typesupport_introspection_cpp.so
[3.881s] -- Set runtime path of "/home/agnella/banyu/tugas1/install/interfaces/lib/libinterfaces__rosidl_typesupport_introspection_cpp.so" to ""
[3.881s] -- Installing: /home/agnella/banyu/tugas1/install/interfaces/lib/libinterfaces__rosidl_typesupport_cpp.so
[3.881s] -- Set runtime path of "/home/agnella/banyu/tugas1/install/interfaces/lib/libinterfaces__rosidl_typesupport_cpp.so" to ""
[3.881s] -- Installing: /home/agnella/banyu/tugas1/install/interfaces/share/interfaces/environment/pythonpath.sh
[3.881s] -- Installing: /home/agnella/banyu/tugas1/install/interfaces/share/interfaces/environment/pythonpath.dsv
[3.882s] -- Installing: /home/agnella/banyu/tugas1/install/interfaces/local/lib/python3.10/dist-packages/interfaces-0.0.0-py3.10.egg-info
[3.882s] -- Installing: /home/agnella/banyu/tugas1/install/interfaces/local/lib/python3.10/dist-packages/interfaces-0.0.0-py3.10.egg-info/dependency_links.txt
[3.882s] -- Installing: /home/agnella/banyu/tugas1/install/interfaces/local/lib/python3.10/dist-packages/interfaces-0.0.0-py3.10.egg-info/PKG-INFO
[3.882s] -- Installing: /home/agnella/banyu/tugas1/install/interfaces/local/lib/python3.10/dist-packages/interfaces-0.0.0-py3.10.egg-info/SOURCES.txt
[3.882s] -- Installing: /home/agnella/banyu/tugas1/install/interfaces/local/lib/python3.10/dist-packages/interfaces-0.0.0-py3.10.egg-info/top_level.txt
[3.882s] -- Installing: /home/agnella/banyu/tugas1/install/interfaces/local/lib/python3.10/dist-packages/interfaces
[3.883s] -- Installing: /home/agnella/banyu/tugas1/install/interfaces/local/lib/python3.10/dist-packages/interfaces/libinterfaces__rosidl_generator_py.so
[3.883s] -- Installing: /home/agnella/banyu/tugas1/install/interfaces/local/lib/python3.10/dist-packages/interfaces/msg
[3.883s] -- Installing: /home/agnella/banyu/tugas1/install/interfaces/local/lib/python3.10/dist-packages/interfaces/msg/__init__.py
[3.883s] -- Installing: /home/agnella/banyu/tugas1/install/interfaces/local/lib/python3.10/dist-packages/interfaces/msg/_command_s.c
[3.883s] -- Installing: /home/agnella/banyu/tugas1/install/interfaces/local/lib/python3.10/dist-packages/interfaces/msg/_command.py
[3.883s] -- Installing: /home/agnella/banyu/tugas1/install/interfaces/local/lib/python3.10/dist-packages/interfaces/__init__.py
[3.883s] -- Installing: /home/agnella/banyu/tugas1/install/interfaces/local/lib/python3.10/dist-packages/interfaces/_interfaces_s.ep.rosidl_typesupport_c.c
[3.883s] -- Installing: /home/agnella/banyu/tugas1/install/interfaces/local/lib/python3.10/dist-packages/interfaces/_interfaces_s.ep.rosidl_typesupport_introspection_c.c
[3.883s] -- Installing: /home/agnella/banyu/tugas1/install/interfaces/local/lib/python3.10/dist-packages/interfaces/_interfaces_s.ep.rosidl_typesupport_fastrtps_c.c
[3.883s] -- Installing: /home/agnella/banyu/tugas1/install/interfaces/local/lib/python3.10/dist-packages/interfaces/interfaces_s__rosidl_typesupport_introspection_c.cpython-310-aarch64-linux-gnu.so
[3.884s] -- Installing: /home/agnella/banyu/tugas1/install/interfaces/local/lib/python3.10/dist-packages/interfaces/interfaces_s__rosidl_typesupport_fastrtps_c.cpython-310-aarch64-linux-gnu.so
[3.884s] -- Installing: /home/agnella/banyu/tugas1/install/interfaces/local/lib/python3.10/dist-packages/interfaces/interfaces_s__rosidl_typesupport_c.cpython-310-aarch64-linux-gnu.so
[3.914s] Listing '/home/agnella/banyu/tugas1/install/interfaces/local/lib/python3.10/dist-packages/interfaces'...
[3.914s] Compiling '/home/agnella/banyu/tugas1/install/interfaces/local/lib/python3.10/dist-packages/interfaces/__init__.py'...
[3.914s] Listing '/home/agnella/banyu/tugas1/install/interfaces/local/lib/python3.10/dist-packages/interfaces/msg'...
[3.914s] Compiling '/home/agnella/banyu/tugas1/install/interfaces/local/lib/python3.10/dist-packages/interfaces/msg/__init__.py'...
[3.914s] Compiling '/home/agnella/banyu/tugas1/install/interfaces/local/lib/python3.10/dist-packages/interfaces/msg/_command.py'...
[3.918s] -- Installing: /home/agnella/banyu/tugas1/install/interfaces/local/lib/python3.10/dist-packages/interfaces/interfaces_s__rosidl_typesupport_fastrtps_c.cpython-310-aarch64-linux-gnu.so
[3.918s] -- Set runtime path of "/home/agnella/banyu/tugas1/install/interfaces/local/lib/python3.10/dist-packages/interfaces/interfaces_s__rosidl_typesupport_fastrtps_c.cpython-310-aarch64-linux-gnu.so" to ""
[3.919s] -- Installing: /home/agnella/banyu/tugas1/install/interfaces/local/lib/python3.10/dist-packages/interfaces/interfaces_s__rosidl_typesupport_introspection_c.cpython-310-aarch64-linux-gnu.so
[3.919s] -- Set runtime path of "/home/agnella/banyu/tugas1/install/interfaces/local/lib/python3.10/dist-packages/interfaces/interfaces_s__rosidl_typesupport_introspection_c.cpython-310-aarch64-linux-gnu.so" to ""
[3.919s] -- Installing: /home/agnella/banyu/tugas1/install/interfaces/local/lib/python3.10/dist-packages/interfaces/interfaces_s__rosidl_typesupport_c.cpython-310-aarch64-linux-gnu.so
[3.919s] -- Set runtime path of "/home/agnella/banyu/tugas1/install/interfaces/local/lib/python3.10/dist-packages/interfaces/interfaces_s__rosidl_typesupport_c.cpython-310-aarch64-linux-gnu.so" to ""
[3.919s] -- Installing: /home/agnella/banyu/tugas1/install/interfaces/lib/libinterfaces__rosidl_generator_py.so
[3.920s] -- Set runtime path of "/home/agnella/banyu/tugas1/install/interfaces/lib/libinterfaces__rosidl_generator_py.so" to ""
[3.920s] -- Installing: /home/agnella/banyu/tugas1/install/interfaces/share/interfaces/msg/Command.idl
[3.920s] -- Installing: /home/agnella/banyu/tugas1/install/interfaces/share/interfaces/msg/Command.msg
[3.920s] -- Installing: /home/agnella/banyu/tugas1/install/interfaces/share/ament_index/resource_index/package_run_dependencies/interfaces
[3.921s] -- Installing: /home/agnella/banyu/tugas1/install/interfaces/share/ament_index/resource_index/parent_prefix_path/interfaces
[3.921s] -- Installing: /home/agnella/banyu/tugas1/install/interfaces/share/interfaces/environment/ament_prefix_path.sh
[3.921s] -- Installing: /home/agnella/banyu/tugas1/install/interfaces/share/interfaces/environment/ament_prefix_path.dsv
[3.921s] -- Installing: /home/agnella/banyu/tugas1/install/interfaces/share/interfaces/environment/path.sh
[3.921s] -- Installing: /home/agnella/banyu/tugas1/install/interfaces/share/interfaces/environment/path.dsv
[3.921s] -- Installing: /home/agnella/banyu/tugas1/install/interfaces/share/interfaces/local_setup.bash
[3.921s] -- Installing: /home/agnella/banyu/tugas1/install/interfaces/share/interfaces/local_setup.sh
[3.922s] -- Installing: /home/agnella/banyu/tugas1/install/interfaces/share/interfaces/local_setup.zsh
[3.922s] -- Installing: /home/agnella/banyu/tugas1/install/interfaces/share/interfaces/local_setup.dsv
[3.922s] -- Installing: /home/agnella/banyu/tugas1/install/interfaces/share/interfaces/package.dsv
[3.922s] -- Installing: /home/agnella/banyu/tugas1/install/interfaces/share/ament_index/resource_index/packages/interfaces
[3.922s] -- Installing: /home/agnella/banyu/tugas1/install/interfaces/share/interfaces/cmake/export_interfaces__rosidl_generator_cExport.cmake
[3.922s] -- Installing: /home/agnella/banyu/tugas1/install/interfaces/share/interfaces/cmake/export_interfaces__rosidl_generator_cExport-noconfig.cmake
[3.923s] -- Installing: /home/agnella/banyu/tugas1/install/interfaces/share/interfaces/cmake/export_interfaces__rosidl_typesupport_fastrtps_cExport.cmake
[3.923s] -- Installing: /home/agnella/banyu/tugas1/install/interfaces/share/interfaces/cmake/export_interfaces__rosidl_typesupport_fastrtps_cExport-noconfig.cmake
[3.923s] -- Installing: /home/agnella/banyu/tugas1/install/interfaces/share/interfaces/cmake/interfaces__rosidl_typesupport_introspection_cExport.cmake
[3.923s] -- Installing: /home/agnella/banyu/tugas1/install/interfaces/share/interfaces/cmake/interfaces__rosidl_typesupport_introspection_cExport-noconfig.cmake
[3.923s] -- Installing: /home/agnella/banyu/tugas1/install/interfaces/share/interfaces/cmake/interfaces__rosidl_typesupport_cExport.cmake
[3.923s] -- Installing: /home/agnella/banyu/tugas1/install/interfaces/share/interfaces/cmake/interfaces__rosidl_typesupport_cExport-noconfig.cmake
[3.926s] -- Installing: /home/agnella/banyu/tugas1/install/interfaces/share/interfaces/cmake/export_interfaces__rosidl_generator_cppExport.cmake
[3.926s] -- Installing: /home/agnella/banyu/tugas1/install/interfaces/share/interfaces/cmake/export_interfaces__rosidl_typesupport_fastrtps_cppExport.cmake
[3.926s] -- Installing: /home/agnella/banyu/tugas1/install/interfaces/share/interfaces/cmake/export_interfaces__rosidl_typesupport_fastrtps_cppExport-noconfig.cmake
[3.927s] -- Installing: /home/agnella/banyu/tugas1/install/interfaces/share/interfaces/cmake/interfaces__rosidl_typesupport_introspection_cppExport.cmake
[3.927s] -- Installing: /home/agnella/banyu/tugas1/install/interfaces/share/interfaces/cmake/interfaces__rosidl_typesupport_introspection_cppExport-noconfig.cmake
[3.927s] -- Installing: /home/agnella/banyu/tugas1/install/interfaces/share/interfaces/cmake/interfaces__rosidl_typesupport_cppExport.cmake
[3.927s] -- Installing: /home/agnella/banyu/tugas1/install/interfaces/share/interfaces/cmake/interfaces__rosidl_typesupport_cppExport-noconfig.cmake
[3.927s] -- Installing: /home/agnella/banyu/tugas1/install/interfaces/share/interfaces/cmake/export_interfaces__rosidl_generator_pyExport.cmake
[3.927s] -- Installing: /home/agnella/banyu/tugas1/install/interfaces/share/interfaces/cmake/export_interfaces__rosidl_generator_pyExport-noconfig.cmake
[3.927s] -- Installing: /home/agnella/banyu/tugas1/install/interfaces/share/interfaces/cmake/rosidl_cmake-extras.cmake
[3.927s] -- Installing: /home/agnella/banyu/tugas1/install/interfaces/share/interfaces/cmake/ament_cmake_export_include_directories-extras.cmake
[3.927s] -- Installing: /home/agnella/banyu/tugas1/install/interfaces/share/interfaces/cmake/ament_cmake_export_libraries-extras.cmake
[3.927s] -- Installing: /home/agnella/banyu/tugas1/install/interfaces/share/interfaces/cmake/ament_cmake_export_targets-extras.cmake
[3.927s] -- Installing: /home/agnella/banyu/tugas1/install/interfaces/share/interfaces/cmake/rosidl_cmake_export_typesupport_targets-extras.cmake
[3.927s] -- Installing: /home/agnella/banyu/tugas1/install/interfaces/share/interfaces/cmake/ament_cmake_export_dependencies-extras.cmake
[3.927s] -- Installing: /home/agnella/banyu/tugas1/install/interfaces/share/interfaces/cmake/rosidl_cmake_export_typesupport_libraries-extras.cmake
[3.928s] -- Installing: /home/agnella/banyu/tugas1/install/interfaces/share/interfaces/cmake/interfacesConfig.cmake
[3.928s] -- Installing: /home/agnella/banyu/tugas1/install/interfaces/share/interfaces/cmake/interfacesConfig-version.cmake
[3.928s] -- Installing: /home/agnella/banyu/tugas1/install/interfaces/share/interfaces/package.xml
[3.930s] Invoked command in '/home/agnella/banyu/tugas1/build/interfaces' returned '0': CMAKE_PREFIX_PATH=/opt/ros/humble /usr/bin/cmake --install /home/agnella/banyu/tugas1/build/interfaces
