[0.027s] Invoking command in '/home/agnella/banyu/tugas1/build/interfaces': CMAKE_PREFIX_PATH=${CMAKE_PREFIX_PATH}:/opt/ros/humble /usr/bin/cmake --build /home/agnella/banyu/tugas1/build/interfaces -- -j4 -l4
[0.096s] [  9%] Built target interfaces__rosidl_generator_c
[0.098s] [ 12%] Built target interfaces__cpp
[0.103s] [ 12%] Built target ament_cmake_python_copy_interfaces
[0.131s] [ 22%] Built target interfaces__rosidl_typesupport_c
[0.136s] [ 32%] Built target interfaces__rosidl_typesupport_introspection_c
[0.145s] [ 41%] Built target interfaces__rosidl_typesupport_fastrtps_cpp
[0.155s] [ 51%] Built target interfaces__rosidl_typesupport_fastrtps_c
[0.162s] [ 61%] Built target interfaces__rosidl_typesupport_introspection_cpp
[0.170s] [ 70%] Built target interfaces__rosidl_typesupport_cpp
[0.187s] [ 70%] Built target interfaces
[0.208s] [ 74%] Built target interfaces__py
[0.231s] [ 80%] Built target interfaces__rosidl_generator_py
[0.264s] [ 87%] Built target interfaces__rosidl_typesupport_fastrtps_c__pyext
[0.278s] [ 93%] Built target interfaces__rosidl_typesupport_c__pyext
[0.281s] [100%] Built target interfaces__rosidl_typesupport_introspection_c__pyext
[0.390s] running egg_info
[0.390s] writing interfaces.egg-info/PKG-INFO
[0.391s] writing dependency_links to interfaces.egg-info/dependency_links.txt
[0.391s] writing top-level names to interfaces.egg-info/top_level.txt
[0.394s] reading manifest file 'interfaces.egg-info/SOURCES.txt'
[0.395s] writing manifest file 'interfaces.egg-info/SOURCES.txt'
[0.419s] [100%] Built target ament_cmake_python_build_interfaces_egg
[0.432s] Invoked command in '/home/agnella/banyu/tugas1/build/interfaces' returned '0': CMAKE_PREFIX_PATH=${CMAKE_PREFIX_PATH}:/opt/ros/humble /usr/bin/cmake --build /home/agnella/banyu/tugas1/build/interfaces -- -j4 -l4
[0.507s] Invoking command in '/home/agnella/banyu/tugas1/build/interfaces': CMAKE_PREFIX_PATH=${CMAKE_PREFIX_PATH}:/opt/ros/humble /usr/bin/cmake --install /home/agnella/banyu/tugas1/build/interfaces
[0.522s] -- Install configuration: ""
[0.522s] -- Up-to-date: /home/agnella/banyu/tugas1/install/interfaces/share/ament_index/resource_index/rosidl_interfaces/interfaces
[0.523s] -- Up-to-date: /home/agnella/banyu/tugas1/install/interfaces/include/interfaces/interfaces
[0.523s] -- Up-to-date: /home/agnella/banyu/tugas1/install/interfaces/include/interfaces/interfaces/msg
[0.523s] -- Up-to-date: /home/agnella/banyu/tugas1/install/interfaces/include/interfaces/interfaces/msg/command.h
[0.523s] -- Up-to-date: /home/agnella/banyu/tugas1/install/interfaces/include/interfaces/interfaces/msg/rosidl_generator_c__visibility_control.h
[0.523s] -- Up-to-date: /home/agnella/banyu/tugas1/install/interfaces/include/interfaces/interfaces/msg/detail
[0.523s] -- Up-to-date: /home/agnella/banyu/tugas1/install/interfaces/include/interfaces/interfaces/msg/detail/command__type_support.h
[0.523s] -- Up-to-date: /home/agnella/banyu/tugas1/install/interfaces/include/interfaces/interfaces/msg/detail/command__struct.h
[0.523s] -- Up-to-date: /home/agnella/banyu/tugas1/install/interfaces/include/interfaces/interfaces/msg/detail/command__functions.h
[0.523s] -- Up-to-date: /home/agnella/banyu/tugas1/install/interfaces/include/interfaces/interfaces/msg/detail/command__functions.c
[0.523s] -- Up-to-date: /home/agnella/banyu/tugas1/install/interfaces/share/interfaces/environment/library_path.sh
[0.523s] -- Up-to-date: /home/agnella/banyu/tugas1/install/interfaces/share/interfaces/environment/library_path.dsv
[0.524s] -- Up-to-date: /home/agnella/banyu/tugas1/install/interfaces/lib/libinterfaces__rosidl_generator_c.so
[0.524s] -- Up-to-date: /home/agnella/banyu/tugas1/install/interfaces/include/interfaces/interfaces
[0.524s] -- Up-to-date: /home/agnella/banyu/tugas1/install/interfaces/include/interfaces/interfaces/msg
[0.524s] -- Up-to-date: /home/agnella/banyu/tugas1/install/interfaces/include/interfaces/interfaces/msg/rosidl_typesupport_fastrtps_c__visibility_control.h
[0.524s] -- Up-to-date: /home/agnella/banyu/tugas1/install/interfaces/include/interfaces/interfaces/msg/detail
[0.524s] -- Up-to-date: /home/agnella/banyu/tugas1/install/interfaces/include/interfaces/interfaces/msg/detail/command__rosidl_typesupport_fastrtps_c.h
[0.524s] -- Up-to-date: /home/agnella/banyu/tugas1/install/interfaces/lib/libinterfaces__rosidl_typesupport_fastrtps_c.so
[0.524s] -- Up-to-date: /home/agnella/banyu/tugas1/install/interfaces/include/interfaces/interfaces
[0.524s] -- Up-to-date: /home/agnella/banyu/tugas1/install/interfaces/include/interfaces/interfaces/msg
[0.524s] -- Up-to-date: /home/agnella/banyu/tugas1/install/interfaces/include/interfaces/interfaces/msg/detail
[0.524s] -- Up-to-date: /home/agnella/banyu/tugas1/install/interfaces/include/interfaces/interfaces/msg/detail/command__type_support.c
[0.524s] -- Up-to-date: /home/agnella/banyu/tugas1/install/interfaces/include/interfaces/interfaces/msg/detail/command__rosidl_typesupport_introspection_c.h
[0.524s] -- Up-to-date: /home/agnella/banyu/tugas1/install/interfaces/include/interfaces/interfaces/msg/rosidl_typesupport_introspection_c__visibility_control.h
[0.526s] -- Up-to-date: /home/agnella/banyu/tugas1/install/interfaces/lib/libinterfaces__rosidl_typesupport_introspection_c.so
[0.526s] -- Up-to-date: /home/agnella/banyu/tugas1/install/interfaces/lib/libinterfaces__rosidl_typesupport_c.so
[0.526s] -- Up-to-date: /home/agnella/banyu/tugas1/install/interfaces/include/interfaces/interfaces
[0.526s] -- Up-to-date: /home/agnella/banyu/tugas1/install/interfaces/include/interfaces/interfaces/msg
[0.526s] -- Up-to-date: /home/agnella/banyu/tugas1/install/interfaces/include/interfaces/interfaces/msg/command.hpp
[0.526s] -- Up-to-date: /home/agnella/banyu/tugas1/install/interfaces/include/interfaces/interfaces/msg/detail
[0.526s] -- Up-to-date: /home/agnella/banyu/tugas1/install/interfaces/include/interfaces/interfaces/msg/detail/command__traits.hpp
[0.526s] -- Up-to-date: /home/agnella/banyu/tugas1/install/interfaces/include/interfaces/interfaces/msg/detail/command__struct.hpp
[0.526s] -- Up-to-date: /home/agnella/banyu/tugas1/install/interfaces/include/interfaces/interfaces/msg/detail/command__builder.hpp
[0.526s] -- Up-to-date: /home/agnella/banyu/tugas1/install/interfaces/include/interfaces/interfaces
[0.526s] -- Up-to-date: /home/agnella/banyu/tugas1/install/interfaces/include/interfaces/interfaces/msg
[0.526s] -- Up-to-date: /home/agnella/banyu/tugas1/install/interfaces/include/interfaces/interfaces/msg/detail
[0.526s] -- Up-to-date: /home/agnella/banyu/tugas1/install/interfaces/include/interfaces/interfaces/msg/detail/command__rosidl_typesupport_fastrtps_cpp.hpp
[0.526s] -- Up-to-date: /home/agnella/banyu/tugas1/install/interfaces/include/interfaces/interfaces/msg/detail/dds_fastrtps
[0.526s] -- Up-to-date: /home/agnella/banyu/tugas1/install/interfaces/include/interfaces/interfaces/msg/rosidl_typesupport_fastrtps_cpp__visibility_control.h
[0.527s] -- Up-to-date: /home/agnella/banyu/tugas1/install/interfaces/lib/libinterfaces__rosidl_typesupport_fastrtps_cpp.so
[0.527s] -- Up-to-date: /home/agnella/banyu/tugas1/install/interfaces/include/interfaces/interfaces
[0.527s] -- Up-to-date: /home/agnella/banyu/tugas1/install/interfaces/include/interfaces/interfaces/msg
[0.527s] -- Up-to-date: /home/agnella/banyu/tugas1/install/interfaces/include/interfaces/interfaces/msg/detail
[0.527s] -- Up-to-date: /home/agnella/banyu/tugas1/install/interfaces/include/interfaces/interfaces/msg/detail/command__type_support.cpp
[0.528s] -- Up-to-date: /home/agnella/banyu/tugas1/install/interfaces/include/interfaces/interfaces/msg/detail/command__rosidl_typesupport_introspection_cpp.hpp
[0.528s] -- Up-to-date: /home/agnella/banyu/tugas1/install/interfaces/lib/libinterfaces__rosidl_typesupport_introspection_cpp.so
[0.528s] -- Up-to-date: /home/agnella/banyu/tugas1/install/interfaces/lib/libinterfaces__rosidl_typesupport_cpp.so
[0.528s] -- Up-to-date: /home/agnella/banyu/tugas1/install/interfaces/share/interfaces/environment/pythonpath.sh
[0.528s] -- Up-to-date: /home/agnella/banyu/tugas1/install/interfaces/share/interfaces/environment/pythonpath.dsv
[0.528s] -- Up-to-date: /home/agnella/banyu/tugas1/install/interfaces/local/lib/python3.10/dist-packages/interfaces-0.0.0-py3.10.egg-info
[0.529s] -- Installing: /home/agnella/banyu/tugas1/install/interfaces/local/lib/python3.10/dist-packages/interfaces-0.0.0-py3.10.egg-info/dependency_links.txt
[0.529s] -- Installing: /home/agnella/banyu/tugas1/install/interfaces/local/lib/python3.10/dist-packages/interfaces-0.0.0-py3.10.egg-info/PKG-INFO
[0.529s] -- Installing: /home/agnella/banyu/tugas1/install/interfaces/local/lib/python3.10/dist-packages/interfaces-0.0.0-py3.10.egg-info/SOURCES.txt
[0.529s] -- Installing: /home/agnella/banyu/tugas1/install/interfaces/local/lib/python3.10/dist-packages/interfaces-0.0.0-py3.10.egg-info/top_level.txt
[0.529s] -- Up-to-date: /home/agnella/banyu/tugas1/install/interfaces/local/lib/python3.10/dist-packages/interfaces
[0.529s] -- Up-to-date: /home/agnella/banyu/tugas1/install/interfaces/local/lib/python3.10/dist-packages/interfaces/libinterfaces__rosidl_generator_py.so
[0.529s] -- Up-to-date: /home/agnella/banyu/tugas1/install/interfaces/local/lib/python3.10/dist-packages/interfaces/msg
[0.529s] -- Up-to-date: /home/agnella/banyu/tugas1/install/interfaces/local/lib/python3.10/dist-packages/interfaces/msg/__init__.py
[0.529s] -- Up-to-date: /home/agnella/banyu/tugas1/install/interfaces/local/lib/python3.10/dist-packages/interfaces/msg/_command_s.c
[0.530s] -- Up-to-date: /home/agnella/banyu/tugas1/install/interfaces/local/lib/python3.10/dist-packages/interfaces/msg/_command.py
[0.530s] -- Up-to-date: /home/agnella/banyu/tugas1/install/interfaces/local/lib/python3.10/dist-packages/interfaces/__init__.py
[0.530s] -- Up-to-date: /home/agnella/banyu/tugas1/install/interfaces/local/lib/python3.10/dist-packages/interfaces/_interfaces_s.ep.rosidl_typesupport_c.c
[0.530s] -- Up-to-date: /home/agnella/banyu/tugas1/install/interfaces/local/lib/python3.10/dist-packages/interfaces/_interfaces_s.ep.rosidl_typesupport_introspection_c.c
[0.530s] -- Up-to-date: /home/agnella/banyu/tugas1/install/interfaces/local/lib/python3.10/dist-packages/interfaces/_interfaces_s.ep.rosidl_typesupport_fastrtps_c.c
[0.530s] -- Up-to-date: /home/agnella/banyu/tugas1/install/interfaces/local/lib/python3.10/dist-packages/interfaces/interfaces_s__rosidl_typesupport_introspection_c.cpython-310-aarch64-linux-gnu.so
[0.530s] -- Up-to-date: /home/agnella/banyu/tugas1/install/interfaces/local/lib/python3.10/dist-packages/interfaces/interfaces_s__rosidl_typesupport_fastrtps_c.cpython-310-aarch64-linux-gnu.so
[0.530s] -- Up-to-date: /home/agnella/banyu/tugas1/install/interfaces/local/lib/python3.10/dist-packages/interfaces/interfaces_s__rosidl_typesupport_c.cpython-310-aarch64-linux-gnu.so
[0.573s] Listing '/home/agnella/banyu/tugas1/install/interfaces/local/lib/python3.10/dist-packages/interfaces'...
[0.573s] Listing '/home/agnella/banyu/tugas1/install/interfaces/local/lib/python3.10/dist-packages/interfaces/msg'...
[0.578s] -- Up-to-date: /home/agnella/banyu/tugas1/install/interfaces/local/lib/python3.10/dist-packages/interfaces/interfaces_s__rosidl_typesupport_fastrtps_c.cpython-310-aarch64-linux-gnu.so
[0.578s] -- Up-to-date: /home/agnella/banyu/tugas1/install/interfaces/local/lib/python3.10/dist-packages/interfaces/interfaces_s__rosidl_typesupport_introspection_c.cpython-310-aarch64-linux-gnu.so
[0.578s] -- Up-to-date: /home/agnella/banyu/tugas1/install/interfaces/local/lib/python3.10/dist-packages/interfaces/interfaces_s__rosidl_typesupport_c.cpython-310-aarch64-linux-gnu.so
[0.579s] -- Up-to-date: /home/agnella/banyu/tugas1/install/interfaces/lib/libinterfaces__rosidl_generator_py.so
[0.579s] -- Up-to-date: /home/agnella/banyu/tugas1/install/interfaces/share/interfaces/msg/Command.idl
[0.579s] -- Up-to-date: /home/agnella/banyu/tugas1/install/interfaces/share/interfaces/msg/Command.msg
[0.579s] -- Up-to-date: /home/agnella/banyu/tugas1/install/interfaces/share/ament_index/resource_index/package_run_dependencies/interfaces
[0.579s] -- Up-to-date: /home/agnella/banyu/tugas1/install/interfaces/share/ament_index/resource_index/parent_prefix_path/interfaces
[0.580s] -- Up-to-date: /home/agnella/banyu/tugas1/install/interfaces/share/interfaces/environment/ament_prefix_path.sh
[0.580s] -- Up-to-date: /home/agnella/banyu/tugas1/install/interfaces/share/interfaces/environment/ament_prefix_path.dsv
[0.580s] -- Up-to-date: /home/agnella/banyu/tugas1/install/interfaces/share/interfaces/environment/path.sh
[0.580s] -- Up-to-date: /home/agnella/banyu/tugas1/install/interfaces/share/interfaces/environment/path.dsv
[0.580s] -- Up-to-date: /home/agnella/banyu/tugas1/install/interfaces/share/interfaces/local_setup.bash
[0.580s] -- Up-to-date: /home/agnella/banyu/tugas1/install/interfaces/share/interfaces/local_setup.sh
[0.580s] -- Up-to-date: /home/agnella/banyu/tugas1/install/interfaces/share/interfaces/local_setup.zsh
[0.580s] -- Up-to-date: /home/agnella/banyu/tugas1/install/interfaces/share/interfaces/local_setup.dsv
[0.580s] -- Installing: /home/agnella/banyu/tugas1/install/interfaces/share/interfaces/package.dsv
[0.581s] -- Up-to-date: /home/agnella/banyu/tugas1/install/interfaces/share/ament_index/resource_index/packages/interfaces
[0.581s] -- Up-to-date: /home/agnella/banyu/tugas1/install/interfaces/share/interfaces/cmake/export_interfaces__rosidl_generator_cExport.cmake
[0.581s] -- Up-to-date: /home/agnella/banyu/tugas1/install/interfaces/share/interfaces/cmake/export_interfaces__rosidl_generator_cExport-noconfig.cmake
[0.581s] -- Up-to-date: /home/agnella/banyu/tugas1/install/interfaces/share/interfaces/cmake/export_interfaces__rosidl_typesupport_fastrtps_cExport.cmake
[0.581s] -- Up-to-date: /home/agnella/banyu/tugas1/install/interfaces/share/interfaces/cmake/export_interfaces__rosidl_typesupport_fastrtps_cExport-noconfig.cmake
[0.581s] -- Up-to-date: /home/agnella/banyu/tugas1/install/interfaces/share/interfaces/cmake/interfaces__rosidl_typesupport_introspection_cExport.cmake
[0.581s] -- Up-to-date: /home/agnella/banyu/tugas1/install/interfaces/share/interfaces/cmake/interfaces__rosidl_typesupport_introspection_cExport-noconfig.cmake
[0.581s] -- Up-to-date: /home/agnella/banyu/tugas1/install/interfaces/share/interfaces/cmake/interfaces__rosidl_typesupport_cExport.cmake
[0.581s] -- Up-to-date: /home/agnella/banyu/tugas1/install/interfaces/share/interfaces/cmake/interfaces__rosidl_typesupport_cExport-noconfig.cmake
[0.581s] -- Up-to-date: /home/agnella/banyu/tugas1/install/interfaces/share/interfaces/cmake/export_interfaces__rosidl_generator_cppExport.cmake
[0.582s] -- Up-to-date: /home/agnella/banyu/tugas1/install/interfaces/share/interfaces/cmake/export_interfaces__rosidl_typesupport_fastrtps_cppExport.cmake
[0.582s] -- Up-to-date: /home/agnella/banyu/tugas1/install/interfaces/share/interfaces/cmake/export_interfaces__rosidl_typesupport_fastrtps_cppExport-noconfig.cmake
[0.582s] -- Up-to-date: /home/agnella/banyu/tugas1/install/interfaces/share/interfaces/cmake/interfaces__rosidl_typesupport_introspection_cppExport.cmake
[0.582s] -- Up-to-date: /home/agnella/banyu/tugas1/install/interfaces/share/interfaces/cmake/interfaces__rosidl_typesupport_introspection_cppExport-noconfig.cmake
[0.583s] -- Up-to-date: /home/agnella/banyu/tugas1/install/interfaces/share/interfaces/cmake/interfaces__rosidl_typesupport_cppExport.cmake
[0.584s] -- Up-to-date: /home/agnella/banyu/tugas1/install/interfaces/share/interfaces/cmake/interfaces__rosidl_typesupport_cppExport-noconfig.cmake
[0.584s] -- Up-to-date: /home/agnella/banyu/tugas1/install/interfaces/share/interfaces/cmake/export_interfaces__rosidl_generator_pyExport.cmake
[0.584s] -- Up-to-date: /home/agnella/banyu/tugas1/install/interfaces/share/interfaces/cmake/export_interfaces__rosidl_generator_pyExport-noconfig.cmake
[0.584s] -- Up-to-date: /home/agnella/banyu/tugas1/install/interfaces/share/interfaces/cmake/rosidl_cmake-extras.cmake
[0.584s] -- Up-to-date: /home/agnella/banyu/tugas1/install/interfaces/share/interfaces/cmake/ament_cmake_export_include_directories-extras.cmake
[0.584s] -- Up-to-date: /home/agnella/banyu/tugas1/install/interfaces/share/interfaces/cmake/ament_cmake_export_libraries-extras.cmake
[0.584s] -- Up-to-date: /home/agnella/banyu/tugas1/install/interfaces/share/interfaces/cmake/ament_cmake_export_targets-extras.cmake
[0.584s] -- Up-to-date: /home/agnella/banyu/tugas1/install/interfaces/share/interfaces/cmake/rosidl_cmake_export_typesupport_targets-extras.cmake
[0.584s] -- Up-to-date: /home/agnella/banyu/tugas1/install/interfaces/share/interfaces/cmake/ament_cmake_export_dependencies-extras.cmake
[0.584s] -- Up-to-date: /home/agnella/banyu/tugas1/install/interfaces/share/interfaces/cmake/rosidl_cmake_export_typesupport_libraries-extras.cmake
[0.584s] -- Up-to-date: /home/agnella/banyu/tugas1/install/interfaces/share/interfaces/cmake/interfacesConfig.cmake
[0.584s] -- Up-to-date: /home/agnella/banyu/tugas1/install/interfaces/share/interfaces/cmake/interfacesConfig-version.cmake
[0.584s] -- Up-to-date: /home/agnella/banyu/tugas1/install/interfaces/share/interfaces/package.xml
[0.590s] Invoked command in '/home/agnella/banyu/tugas1/build/interfaces' returned '0': CMAKE_PREFIX_PATH=${CMAKE_PREFIX_PATH}:/opt/ros/humble /usr/bin/cmake --install /home/agnella/banyu/tugas1/build/interfaces
