[0.095s] DEBUG:colcon:Command line arguments: ['/usr/bin/colcon', 'build']
[0.095s] DEBUG:colcon:Parsed command line arguments: Namespace(log_base=None, log_level=None, verb_name='build', build_base='build', install_base='install', merge_install=False, symlink_install=False, test_result_base=None, continue_on_error=False, executor='parallel', parallel_workers=4, event_handlers=None, ignore_user_meta=False, metas=['./colcon.meta'], base_paths=['.'], packages_ignore=None, packages_ignore_regex=None, paths=None, packages_up_to=None, packages_up_to_regex=None, packages_above=None, packages_above_and_dependencies=None, packages_above_depth=None, packages_select_by_dep=None, packages_skip_by_dep=None, packages_skip_up_to=None, packages_select_build_failed=False, packages_skip_build_finished=False, packages_select_test_failures=False, packages_skip_test_passed=False, packages_select=None, packages_skip=None, packages_select_regex=None, packages_skip_regex=None, packages_start=None, packages_end=None, allow_overriding=[], cmake_args=None, cmake_target=None, cmake_target_skip_unavailable=False, cmake_clean_cache=False, cmake_clean_first=False, cmake_force_configure=False, ament_cmake_args=None, catkin_cmake_args=None, catkin_skip_building_tests=False, verb_parser=<colcon_defaults.argument_parser.defaults.DefaultArgumentsDecorator object at 0xffff95864340>, verb_extension=<colcon_core.verb.build.BuildVerb object at 0xffff95a54fa0>, main=<bound method BuildVerb.main of <colcon_core.verb.build.BuildVerb object at 0xffff95a54fa0>>)
[0.583s] Level 1:colcon.colcon_core.package_discovery:discover_packages(colcon_meta) check parameters
[0.584s] Level 1:colcon.colcon_core.package_discovery:discover_packages(recursive) check parameters
[0.584s] Level 1:colcon.colcon_core.package_discovery:discover_packages(ignore) check parameters
[0.584s] Level 1:colcon.colcon_core.package_discovery:discover_packages(path) check parameters
[0.584s] Level 1:colcon.colcon_core.package_discovery:discover_packages(colcon_meta) discover
[0.584s] Level 1:colcon.colcon_core.package_discovery:discover_packages(recursive) discover
[0.584s] INFO:colcon.colcon_core.package_discovery:Crawling recursively for packages in '/home/agnella/banyu/tugas1'
[0.584s] Level 1:colcon.colcon_core.package_identification:_identify(.) by extensions ['ignore', 'ignore_ament_install']
[0.585s] Level 1:colcon.colcon_core.package_identification:_identify(.) by extension 'ignore'
[0.585s] Level 1:colcon.colcon_core.package_identification:_identify(.) by extension 'ignore_ament_install'
[0.585s] Level 1:colcon.colcon_core.package_identification:_identify(.) by extensions ['colcon_pkg']
[0.585s] Level 1:colcon.colcon_core.package_identification:_identify(.) by extension 'colcon_pkg'
[0.585s] Level 1:colcon.colcon_core.package_identification:_identify(.) by extensions ['colcon_meta']
[0.585s] Level 1:colcon.colcon_core.package_identification:_identify(.) by extension 'colcon_meta'
[0.585s] Level 1:colcon.colcon_core.package_identification:_identify(.) by extensions ['ros']
[0.585s] Level 1:colcon.colcon_core.package_identification:_identify(.) by extension 'ros'
[0.597s] Level 1:colcon.colcon_core.package_identification:_identify(.) by extensions ['cmake', 'python']
[0.598s] Level 1:colcon.colcon_core.package_identification:_identify(.) by extension 'cmake'
[0.598s] Level 1:colcon.colcon_core.package_identification:_identify(.) by extension 'python'
[0.598s] Level 1:colcon.colcon_core.package_identification:_identify(.) by extensions ['python_setup_py']
[0.598s] Level 1:colcon.colcon_core.package_identification:_identify(.) by extension 'python_setup_py'
[0.598s] Level 1:colcon.colcon_core.package_identification:_identify(build) by extensions ['ignore', 'ignore_ament_install']
[0.598s] Level 1:colcon.colcon_core.package_identification:_identify(build) by extension 'ignore'
[0.599s] Level 1:colcon.colcon_core.package_identification:_identify(build) ignored
[0.599s] Level 1:colcon.colcon_core.package_identification:_identify(install) by extensions ['ignore', 'ignore_ament_install']
[0.599s] Level 1:colcon.colcon_core.package_identification:_identify(install) by extension 'ignore'
[0.599s] Level 1:colcon.colcon_core.package_identification:_identify(install) ignored
[0.599s] Level 1:colcon.colcon_core.package_identification:_identify(log) by extensions ['ignore', 'ignore_ament_install']
[0.599s] Level 1:colcon.colcon_core.package_identification:_identify(log) by extension 'ignore'
[0.599s] Level 1:colcon.colcon_core.package_identification:_identify(log) ignored
[0.599s] Level 1:colcon.colcon_core.package_identification:_identify(src) by extensions ['ignore', 'ignore_ament_install']
[0.599s] Level 1:colcon.colcon_core.package_identification:_identify(src) by extension 'ignore'
[0.600s] Level 1:colcon.colcon_core.package_identification:_identify(src) by extension 'ignore_ament_install'
[0.600s] Level 1:colcon.colcon_core.package_identification:_identify(src) by extensions ['colcon_pkg']
[0.600s] Level 1:colcon.colcon_core.package_identification:_identify(src) by extension 'colcon_pkg'
[0.600s] Level 1:colcon.colcon_core.package_identification:_identify(src) by extensions ['colcon_meta']
[0.600s] Level 1:colcon.colcon_core.package_identification:_identify(src) by extension 'colcon_meta'
[0.600s] Level 1:colcon.colcon_core.package_identification:_identify(src) by extensions ['ros']
[0.600s] Level 1:colcon.colcon_core.package_identification:_identify(src) by extension 'ros'
[0.600s] Level 1:colcon.colcon_core.package_identification:_identify(src) by extensions ['cmake', 'python']
[0.600s] Level 1:colcon.colcon_core.package_identification:_identify(src) by extension 'cmake'
[0.600s] Level 1:colcon.colcon_core.package_identification:_identify(src) by extension 'python'
[0.600s] Level 1:colcon.colcon_core.package_identification:_identify(src) by extensions ['python_setup_py']
[0.600s] Level 1:colcon.colcon_core.package_identification:_identify(src) by extension 'python_setup_py'
[0.600s] Level 1:colcon.colcon_core.package_identification:_identify(src/interfaces) by extensions ['ignore', 'ignore_ament_install']
[0.600s] Level 1:colcon.colcon_core.package_identification:_identify(src/interfaces) by extension 'ignore'
[0.600s] Level 1:colcon.colcon_core.package_identification:_identify(src/interfaces) by extension 'ignore_ament_install'
[0.600s] Level 1:colcon.colcon_core.package_identification:_identify(src/interfaces) by extensions ['colcon_pkg']
[0.600s] Level 1:colcon.colcon_core.package_identification:_identify(src/interfaces) by extension 'colcon_pkg'
[0.600s] Level 1:colcon.colcon_core.package_identification:_identify(src/interfaces) by extensions ['colcon_meta']
[0.600s] Level 1:colcon.colcon_core.package_identification:_identify(src/interfaces) by extension 'colcon_meta'
[0.600s] Level 1:colcon.colcon_core.package_identification:_identify(src/interfaces) by extensions ['ros']
[0.600s] Level 1:colcon.colcon_core.package_identification:_identify(src/interfaces) by extension 'ros'
[0.603s] DEBUG:colcon.colcon_core.package_identification:Package 'src/interfaces' with type 'ros.ament_cmake' and name 'interfaces'
[0.603s] Level 1:colcon.colcon_core.package_identification:_identify(src/pubsub) by extensions ['ignore', 'ignore_ament_install']
[0.603s] Level 1:colcon.colcon_core.package_identification:_identify(src/pubsub) by extension 'ignore'
[0.603s] Level 1:colcon.colcon_core.package_identification:_identify(src/pubsub) by extension 'ignore_ament_install'
[0.603s] Level 1:colcon.colcon_core.package_identification:_identify(src/pubsub) by extensions ['colcon_pkg']
[0.603s] Level 1:colcon.colcon_core.package_identification:_identify(src/pubsub) by extension 'colcon_pkg'
[0.603s] Level 1:colcon.colcon_core.package_identification:_identify(src/pubsub) by extensions ['colcon_meta']
[0.603s] Level 1:colcon.colcon_core.package_identification:_identify(src/pubsub) by extension 'colcon_meta'
[0.603s] Level 1:colcon.colcon_core.package_identification:_identify(src/pubsub) by extensions ['ros']
[0.603s] Level 1:colcon.colcon_core.package_identification:_identify(src/pubsub) by extension 'ros'
[0.604s] DEBUG:colcon.colcon_core.package_identification:Package 'src/pubsub' with type 'ros.ament_cmake' and name 'pubsub'
[0.604s] Level 1:colcon.colcon_core.package_discovery:discover_packages(recursive) using defaults
[0.604s] Level 1:colcon.colcon_core.package_discovery:discover_packages(ignore) discover
[0.604s] Level 1:colcon.colcon_core.package_discovery:discover_packages(ignore) using defaults
[0.604s] Level 1:colcon.colcon_core.package_discovery:discover_packages(path) discover
[0.604s] Level 1:colcon.colcon_core.package_discovery:discover_packages(path) using defaults
[0.624s] Level 1:colcon.colcon_core.package_discovery:discover_packages(prefix_path) check parameters
[0.624s] Level 1:colcon.colcon_core.package_discovery:discover_packages(prefix_path) discover
[0.626s] DEBUG:colcon.colcon_installed_package_information.package_discovery:Found 2 installed packages in /home/agnella/banyu/tugas1/install
[0.627s] DEBUG:colcon.colcon_installed_package_information.package_discovery:Found 270 installed packages in /opt/ros/humble
[0.639s] Level 1:colcon.colcon_core.package_discovery:discover_packages(prefix_path) using defaults
[0.678s] Level 5:colcon.colcon_core.verb:set package 'interfaces' build argument 'cmake_args' from command line to 'None'
[0.678s] Level 5:colcon.colcon_core.verb:set package 'interfaces' build argument 'cmake_target' from command line to 'None'
[0.678s] Level 5:colcon.colcon_core.verb:set package 'interfaces' build argument 'cmake_target_skip_unavailable' from command line to 'False'
[0.678s] Level 5:colcon.colcon_core.verb:set package 'interfaces' build argument 'cmake_clean_cache' from command line to 'False'
[0.678s] Level 5:colcon.colcon_core.verb:set package 'interfaces' build argument 'cmake_clean_first' from command line to 'False'
[0.678s] Level 5:colcon.colcon_core.verb:set package 'interfaces' build argument 'cmake_force_configure' from command line to 'False'
[0.678s] Level 5:colcon.colcon_core.verb:set package 'interfaces' build argument 'ament_cmake_args' from command line to 'None'
[0.678s] Level 5:colcon.colcon_core.verb:set package 'interfaces' build argument 'catkin_cmake_args' from command line to 'None'
[0.678s] Level 5:colcon.colcon_core.verb:set package 'interfaces' build argument 'catkin_skip_building_tests' from command line to 'False'
[0.678s] DEBUG:colcon.colcon_core.verb:Building package 'interfaces' with the following arguments: {'ament_cmake_args': None, 'build_base': '/home/agnella/banyu/tugas1/build/interfaces', 'catkin_cmake_args': None, 'catkin_skip_building_tests': False, 'cmake_args': None, 'cmake_clean_cache': False, 'cmake_clean_first': False, 'cmake_force_configure': False, 'cmake_target': None, 'cmake_target_skip_unavailable': False, 'install_base': '/home/agnella/banyu/tugas1/install/interfaces', 'merge_install': False, 'path': '/home/agnella/banyu/tugas1/src/interfaces', 'symlink_install': False, 'test_result_base': None}
[0.678s] Level 5:colcon.colcon_core.verb:set package 'pubsub' build argument 'cmake_args' from command line to 'None'
[0.679s] Level 5:colcon.colcon_core.verb:set package 'pubsub' build argument 'cmake_target' from command line to 'None'
[0.679s] Level 5:colcon.colcon_core.verb:set package 'pubsub' build argument 'cmake_target_skip_unavailable' from command line to 'False'
[0.679s] Level 5:colcon.colcon_core.verb:set package 'pubsub' build argument 'cmake_clean_cache' from command line to 'False'
[0.679s] Level 5:colcon.colcon_core.verb:set package 'pubsub' build argument 'cmake_clean_first' from command line to 'False'
[0.679s] Level 5:colcon.colcon_core.verb:set package 'pubsub' build argument 'cmake_force_configure' from command line to 'False'
[0.679s] Level 5:colcon.colcon_core.verb:set package 'pubsub' build argument 'ament_cmake_args' from command line to 'None'
[0.679s] Level 5:colcon.colcon_core.verb:set package 'pubsub' build argument 'catkin_cmake_args' from command line to 'None'
[0.679s] Level 5:colcon.colcon_core.verb:set package 'pubsub' build argument 'catkin_skip_building_tests' from command line to 'False'
[0.679s] DEBUG:colcon.colcon_core.verb:Building package 'pubsub' with the following arguments: {'ament_cmake_args': None, 'build_base': '/home/agnella/banyu/tugas1/build/pubsub', 'catkin_cmake_args': None, 'catkin_skip_building_tests': False, 'cmake_args': None, 'cmake_clean_cache': False, 'cmake_clean_first': False, 'cmake_force_configure': False, 'cmake_target': None, 'cmake_target_skip_unavailable': False, 'install_base': '/home/agnella/banyu/tugas1/install/pubsub', 'merge_install': False, 'path': '/home/agnella/banyu/tugas1/src/pubsub', 'symlink_install': False, 'test_result_base': None}
[0.679s] INFO:colcon.colcon_core.executor:Executing jobs using 'parallel' executor
[0.680s] DEBUG:colcon.colcon_parallel_executor.executor.parallel:run_until_complete
[0.681s] INFO:colcon.colcon_ros.task.ament_cmake.build:Building ROS package in '/home/agnella/banyu/tugas1/src/interfaces' with build type 'ament_cmake'
[0.681s] INFO:colcon.colcon_cmake.task.cmake.build:Building CMake package in '/home/agnella/banyu/tugas1/src/interfaces'
[0.683s] INFO:colcon.colcon_core.plugin_system:Skipping extension 'colcon_core.shell.bat': Not used on non-Windows systems
[0.683s] INFO:colcon.colcon_core.shell:Skip shell extension 'powershell' for command environment: Not usable outside of PowerShell
[0.683s] DEBUG:colcon.colcon_core.shell:Skip shell extension 'dsv' for command environment
[0.688s] INFO:colcon.colcon_ros.task.ament_cmake.build:Building ROS package in '/home/agnella/banyu/tugas1/src/pubsub' with build type 'ament_cmake'
[0.688s] INFO:colcon.colcon_cmake.task.cmake.build:Building CMake package in '/home/agnella/banyu/tugas1/src/pubsub'
[0.689s] INFO:colcon.colcon_core.shell:Skip shell extension 'powershell' for command environment: Not usable outside of PowerShell
[0.689s] DEBUG:colcon.colcon_core.shell:Skip shell extension 'dsv' for command environment
[0.700s] DEBUG:colcon.colcon_core.event_handler.log_command:Invoking command in '/home/agnella/banyu/tugas1/build/interfaces': CMAKE_PREFIX_PATH=${CMAKE_PREFIX_PATH}:/opt/ros/humble /usr/bin/cmake --build /home/agnella/banyu/tugas1/build/interfaces -- -j4 -l4
[0.715s] DEBUG:colcon.colcon_core.event_handler.log_command:Invoking command in '/home/agnella/banyu/tugas1/build/pubsub': CMAKE_PREFIX_PATH=${CMAKE_PREFIX_PATH}:/opt/ros/humble /usr/bin/cmake --build /home/agnella/banyu/tugas1/build/pubsub -- -j4 -l4
[1.146s] DEBUG:colcon.colcon_core.event_handler.log_command:Invoked command in '/home/agnella/banyu/tugas1/build/interfaces' returned '0': CMAKE_PREFIX_PATH=${CMAKE_PREFIX_PATH}:/opt/ros/humble /usr/bin/cmake --build /home/agnella/banyu/tugas1/build/interfaces -- -j4 -l4
[1.273s] DEBUG:colcon.colcon_core.event_handler.log_command:Invoking command in '/home/agnella/banyu/tugas1/build/interfaces': CMAKE_PREFIX_PATH=${CMAKE_PREFIX_PATH}:/opt/ros/humble /usr/bin/cmake --install /home/agnella/banyu/tugas1/build/interfaces
[1.388s] Level 1:colcon.colcon_core.environment:create_environment_scripts_only(interfaces)
[1.391s] Level 1:colcon.colcon_core.environment:checking '/home/agnella/banyu/tugas1/install/interfaces' for CMake module files
[1.392s] Level 1:colcon.colcon_core.environment:checking '/home/agnella/banyu/tugas1/install/interfaces' for CMake config files
[1.393s] Level 1:colcon.colcon_core.shell:create_environment_hook('interfaces', 'cmake_prefix_path')
[1.394s] INFO:colcon.colcon_core.shell:Creating environment hook '/home/agnella/banyu/tugas1/install/interfaces/share/interfaces/hook/cmake_prefix_path.ps1'
[1.395s] DEBUG:colcon.colcon_core.event_handler.log_command:Invoked command in '/home/agnella/banyu/tugas1/build/interfaces' returned '0': CMAKE_PREFIX_PATH=${CMAKE_PREFIX_PATH}:/opt/ros/humble /usr/bin/cmake --install /home/agnella/banyu/tugas1/build/interfaces
[1.396s] INFO:colcon.colcon_core.shell:Creating environment descriptor '/home/agnella/banyu/tugas1/install/interfaces/share/interfaces/hook/cmake_prefix_path.dsv'
[1.396s] INFO:colcon.colcon_core.shell:Creating environment hook '/home/agnella/banyu/tugas1/install/interfaces/share/interfaces/hook/cmake_prefix_path.sh'
[1.398s] Level 1:colcon.colcon_core.environment:checking '/home/agnella/banyu/tugas1/install/interfaces/lib'
[1.398s] Level 1:colcon.colcon_core.shell:create_environment_hook('interfaces', 'ld_library_path_lib')
[1.399s] INFO:colcon.colcon_core.shell:Creating environment hook '/home/agnella/banyu/tugas1/install/interfaces/share/interfaces/hook/ld_library_path_lib.ps1'
[1.399s] INFO:colcon.colcon_core.shell:Creating environment descriptor '/home/agnella/banyu/tugas1/install/interfaces/share/interfaces/hook/ld_library_path_lib.dsv'
[1.399s] INFO:colcon.colcon_core.shell:Creating environment hook '/home/agnella/banyu/tugas1/install/interfaces/share/interfaces/hook/ld_library_path_lib.sh'
[1.405s] Level 1:colcon.colcon_core.environment:checking '/home/agnella/banyu/tugas1/install/interfaces/bin'
[1.405s] Level 1:colcon.colcon_core.environment:checking '/home/agnella/banyu/tugas1/install/interfaces/lib/pkgconfig/interfaces.pc'
[1.409s] Level 1:colcon.colcon_core.environment:checking '/home/agnella/banyu/tugas1/install/interfaces/lib/python3.10/site-packages'
[1.410s] Level 1:colcon.colcon_core.environment:checking '/home/agnella/banyu/tugas1/install/interfaces/bin'
[1.410s] INFO:colcon.colcon_core.shell:Creating package script '/home/agnella/banyu/tugas1/install/interfaces/share/interfaces/package.ps1'
[1.412s] INFO:colcon.colcon_core.shell:Creating package descriptor '/home/agnella/banyu/tugas1/install/interfaces/share/interfaces/package.dsv'
[1.416s] INFO:colcon.colcon_core.shell:Creating package script '/home/agnella/banyu/tugas1/install/interfaces/share/interfaces/package.sh'
[1.424s] INFO:colcon.colcon_core.shell:Creating package script '/home/agnella/banyu/tugas1/install/interfaces/share/interfaces/package.bash'
[1.425s] INFO:colcon.colcon_core.shell:Creating package script '/home/agnella/banyu/tugas1/install/interfaces/share/interfaces/package.zsh'
[1.429s] Level 1:colcon.colcon_core.environment:create_file_with_runtime_dependencies(/home/agnella/banyu/tugas1/install/interfaces/share/colcon-core/packages/interfaces)
[1.532s] Level 1:colcon.colcon_core.environment:create_environment_scripts_only(interfaces)
[1.533s] Level 1:colcon.colcon_core.environment:checking '/home/agnella/banyu/tugas1/install/interfaces' for CMake module files
[1.534s] Level 1:colcon.colcon_core.environment:checking '/home/agnella/banyu/tugas1/install/interfaces' for CMake config files
[1.534s] Level 1:colcon.colcon_core.shell:create_environment_hook('interfaces', 'cmake_prefix_path')
[1.535s] INFO:colcon.colcon_core.shell:Creating environment hook '/home/agnella/banyu/tugas1/install/interfaces/share/interfaces/hook/cmake_prefix_path.ps1'
[1.535s] INFO:colcon.colcon_core.shell:Creating environment descriptor '/home/agnella/banyu/tugas1/install/interfaces/share/interfaces/hook/cmake_prefix_path.dsv'
[1.536s] INFO:colcon.colcon_core.shell:Creating environment hook '/home/agnella/banyu/tugas1/install/interfaces/share/interfaces/hook/cmake_prefix_path.sh'
[1.539s] Level 1:colcon.colcon_core.environment:checking '/home/agnella/banyu/tugas1/install/interfaces/lib'
[1.540s] Level 1:colcon.colcon_core.shell:create_environment_hook('interfaces', 'ld_library_path_lib')
[1.540s] INFO:colcon.colcon_core.shell:Creating environment hook '/home/agnella/banyu/tugas1/install/interfaces/share/interfaces/hook/ld_library_path_lib.ps1'
[1.542s] INFO:colcon.colcon_core.shell:Creating environment descriptor '/home/agnella/banyu/tugas1/install/interfaces/share/interfaces/hook/ld_library_path_lib.dsv'
[1.543s] INFO:colcon.colcon_core.shell:Creating environment hook '/home/agnella/banyu/tugas1/install/interfaces/share/interfaces/hook/ld_library_path_lib.sh'
[1.548s] Level 1:colcon.colcon_core.environment:checking '/home/agnella/banyu/tugas1/install/interfaces/bin'
[1.548s] Level 1:colcon.colcon_core.environment:checking '/home/agnella/banyu/tugas1/install/interfaces/lib/pkgconfig/interfaces.pc'
[1.548s] Level 1:colcon.colcon_core.environment:checking '/home/agnella/banyu/tugas1/install/interfaces/lib/python3.10/site-packages'
[1.550s] Level 1:colcon.colcon_core.environment:checking '/home/agnella/banyu/tugas1/install/interfaces/bin'
[1.550s] INFO:colcon.colcon_core.shell:Creating package script '/home/agnella/banyu/tugas1/install/interfaces/share/interfaces/package.ps1'
[1.552s] INFO:colcon.colcon_core.shell:Creating package descriptor '/home/agnella/banyu/tugas1/install/interfaces/share/interfaces/package.dsv'
[1.553s] INFO:colcon.colcon_core.shell:Creating package script '/home/agnella/banyu/tugas1/install/interfaces/share/interfaces/package.sh'
[1.554s] INFO:colcon.colcon_core.shell:Creating package script '/home/agnella/banyu/tugas1/install/interfaces/share/interfaces/package.bash'
[1.555s] INFO:colcon.colcon_core.shell:Creating package script '/home/agnella/banyu/tugas1/install/interfaces/share/interfaces/package.zsh'
[1.555s] Level 1:colcon.colcon_core.environment:create_file_with_runtime_dependencies(/home/agnella/banyu/tugas1/install/interfaces/share/colcon-core/packages/interfaces)
[9.966s] DEBUG:colcon.colcon_core.event_handler.log_command:Invoked command in '/home/agnella/banyu/tugas1/build/pubsub' returned '0': CMAKE_PREFIX_PATH=${CMAKE_PREFIX_PATH}:/opt/ros/humble /usr/bin/cmake --build /home/agnella/banyu/tugas1/build/pubsub -- -j4 -l4
[9.989s] DEBUG:colcon.colcon_core.event_handler.log_command:Invoking command in '/home/agnella/banyu/tugas1/build/pubsub': CMAKE_PREFIX_PATH=${CMAKE_PREFIX_PATH}:/opt/ros/humble /usr/bin/cmake --install /home/agnella/banyu/tugas1/build/pubsub
[10.011s] Level 1:colcon.colcon_core.environment:create_environment_scripts_only(pubsub)
[10.012s] Level 1:colcon.colcon_core.environment:checking '/home/agnella/banyu/tugas1/install/pubsub' for CMake module files
[10.012s] DEBUG:colcon.colcon_core.event_handler.log_command:Invoked command in '/home/agnella/banyu/tugas1/build/pubsub' returned '0': CMAKE_PREFIX_PATH=${CMAKE_PREFIX_PATH}:/opt/ros/humble /usr/bin/cmake --install /home/agnella/banyu/tugas1/build/pubsub
[10.013s] Level 1:colcon.colcon_core.environment:checking '/home/agnella/banyu/tugas1/install/pubsub' for CMake config files
[10.013s] Level 1:colcon.colcon_core.shell:create_environment_hook('pubsub', 'cmake_prefix_path')
[10.014s] INFO:colcon.colcon_core.shell:Creating environment hook '/home/agnella/banyu/tugas1/install/pubsub/share/pubsub/hook/cmake_prefix_path.ps1'
[10.015s] INFO:colcon.colcon_core.shell:Creating environment descriptor '/home/agnella/banyu/tugas1/install/pubsub/share/pubsub/hook/cmake_prefix_path.dsv'
[10.015s] INFO:colcon.colcon_core.shell:Creating environment hook '/home/agnella/banyu/tugas1/install/pubsub/share/pubsub/hook/cmake_prefix_path.sh'
[10.016s] Level 1:colcon.colcon_core.environment:checking '/home/agnella/banyu/tugas1/install/pubsub/lib'
[10.016s] Level 1:colcon.colcon_core.environment:checking '/home/agnella/banyu/tugas1/install/pubsub/bin'
[10.016s] Level 1:colcon.colcon_core.environment:checking '/home/agnella/banyu/tugas1/install/pubsub/lib/pkgconfig/pubsub.pc'
[10.016s] Level 1:colcon.colcon_core.environment:checking '/home/agnella/banyu/tugas1/install/pubsub/lib/python3.10/site-packages'
[10.016s] Level 1:colcon.colcon_core.environment:checking '/home/agnella/banyu/tugas1/install/pubsub/bin'
[10.017s] INFO:colcon.colcon_core.shell:Creating package script '/home/agnella/banyu/tugas1/install/pubsub/share/pubsub/package.ps1'
[10.017s] INFO:colcon.colcon_core.shell:Creating package descriptor '/home/agnella/banyu/tugas1/install/pubsub/share/pubsub/package.dsv'
[10.018s] INFO:colcon.colcon_core.shell:Creating package script '/home/agnella/banyu/tugas1/install/pubsub/share/pubsub/package.sh'
[10.019s] INFO:colcon.colcon_core.shell:Creating package script '/home/agnella/banyu/tugas1/install/pubsub/share/pubsub/package.bash'
[10.020s] INFO:colcon.colcon_core.shell:Creating package script '/home/agnella/banyu/tugas1/install/pubsub/share/pubsub/package.zsh'
[10.020s] Level 1:colcon.colcon_core.environment:create_file_with_runtime_dependencies(/home/agnella/banyu/tugas1/install/pubsub/share/colcon-core/packages/pubsub)
[10.040s] Level 1:colcon.colcon_core.environment:create_environment_scripts_only(pubsub)
[10.040s] Level 1:colcon.colcon_core.environment:checking '/home/agnella/banyu/tugas1/install/pubsub' for CMake module files
[10.040s] Level 1:colcon.colcon_core.environment:checking '/home/agnella/banyu/tugas1/install/pubsub' for CMake config files
[10.040s] Level 1:colcon.colcon_core.shell:create_environment_hook('pubsub', 'cmake_prefix_path')
[10.041s] INFO:colcon.colcon_core.shell:Creating environment hook '/home/agnella/banyu/tugas1/install/pubsub/share/pubsub/hook/cmake_prefix_path.ps1'
[10.041s] INFO:colcon.colcon_core.shell:Creating environment descriptor '/home/agnella/banyu/tugas1/install/pubsub/share/pubsub/hook/cmake_prefix_path.dsv'
[10.042s] INFO:colcon.colcon_core.shell:Creating environment hook '/home/agnella/banyu/tugas1/install/pubsub/share/pubsub/hook/cmake_prefix_path.sh'
[10.042s] Level 1:colcon.colcon_core.environment:checking '/home/agnella/banyu/tugas1/install/pubsub/lib'
[10.043s] Level 1:colcon.colcon_core.environment:checking '/home/agnella/banyu/tugas1/install/pubsub/bin'
[10.043s] Level 1:colcon.colcon_core.environment:checking '/home/agnella/banyu/tugas1/install/pubsub/lib/pkgconfig/pubsub.pc'
[10.043s] Level 1:colcon.colcon_core.environment:checking '/home/agnella/banyu/tugas1/install/pubsub/lib/python3.10/site-packages'
[10.043s] Level 1:colcon.colcon_core.environment:checking '/home/agnella/banyu/tugas1/install/pubsub/bin'
[10.043s] INFO:colcon.colcon_core.shell:Creating package script '/home/agnella/banyu/tugas1/install/pubsub/share/pubsub/package.ps1'
[10.044s] INFO:colcon.colcon_core.shell:Creating package descriptor '/home/agnella/banyu/tugas1/install/pubsub/share/pubsub/package.dsv'
[10.045s] INFO:colcon.colcon_core.shell:Creating package script '/home/agnella/banyu/tugas1/install/pubsub/share/pubsub/package.sh'
[10.045s] INFO:colcon.colcon_core.shell:Creating package script '/home/agnella/banyu/tugas1/install/pubsub/share/pubsub/package.bash'
[10.046s] INFO:colcon.colcon_core.shell:Creating package script '/home/agnella/banyu/tugas1/install/pubsub/share/pubsub/package.zsh'
[10.046s] Level 1:colcon.colcon_core.environment:create_file_with_runtime_dependencies(/home/agnella/banyu/tugas1/install/pubsub/share/colcon-core/packages/pubsub)
[10.046s] DEBUG:colcon.colcon_parallel_executor.executor.parallel:closing loop
[10.047s] DEBUG:colcon.colcon_parallel_executor.executor.parallel:loop closed
[10.047s] DEBUG:colcon.colcon_parallel_executor.executor.parallel:run_until_complete finished with '0'
[10.047s] DEBUG:colcon.colcon_core.event_reactor:joining thread
[10.057s] INFO:colcon.colcon_core.plugin_system:Skipping extension 'colcon_notification.desktop_notification.terminal_notifier': Not used on non-Darwin systems
[10.057s] INFO:colcon.colcon_core.plugin_system:Skipping extension 'colcon_notification.desktop_notification.win32': Not used on non-Windows systems
[10.058s] INFO:colcon.colcon_notification.desktop_notification:Sending desktop notification using 'notify2'
[10.154s] DEBUG:colcon.colcon_core.event_reactor:joined thread
[10.154s] INFO:colcon.colcon_core.shell:Creating prefix script '/home/agnella/banyu/tugas1/install/local_setup.ps1'
[10.156s] INFO:colcon.colcon_core.shell:Creating prefix util module '/home/agnella/banyu/tugas1/install/_local_setup_util_ps1.py'
[10.157s] INFO:colcon.colcon_core.shell:Creating prefix chain script '/home/agnella/banyu/tugas1/install/setup.ps1'
[10.162s] INFO:colcon.colcon_core.shell:Creating prefix script '/home/agnella/banyu/tugas1/install/local_setup.sh'
[10.163s] INFO:colcon.colcon_core.shell:Creating prefix util module '/home/agnella/banyu/tugas1/install/_local_setup_util_sh.py'
[10.164s] INFO:colcon.colcon_core.shell:Creating prefix chain script '/home/agnella/banyu/tugas1/install/setup.sh'
[10.170s] INFO:colcon.colcon_core.shell:Creating prefix script '/home/agnella/banyu/tugas1/install/local_setup.bash'
[10.171s] INFO:colcon.colcon_core.shell:Creating prefix chain script '/home/agnella/banyu/tugas1/install/setup.bash'
[10.173s] INFO:colcon.colcon_core.shell:Creating prefix script '/home/agnella/banyu/tugas1/install/local_setup.zsh'
[10.174s] INFO:colcon.colcon_core.shell:Creating prefix chain script '/home/agnella/banyu/tugas1/install/setup.zsh'
