[0.010s] Invoking command in '/home/agnella/banyu/tugas1/build/pubsub': CMAKE_PREFIX_PATH=/opt/ros/humble /usr/bin/cmake /home/agnella/banyu/tugas1/src/pubsub -DCMAKE_INSTALL_PREFIX=/home/agnella/banyu/tugas1/install/pubsub
[0.034s] -- Found ament_cmake: 1.3.10 (/opt/ros/humble/share/ament_cmake/cmake)
[0.189s] -- Found Python3: /usr/bin/python3 (found version "3.10.12") found components: Interpreter 
[0.297s] -- Found rclcpp: 16.0.10 (/opt/ros/humble/share/rclcpp/cmake)
[0.379s] -- Found rosidl_generator_c: 3.1.5 (/opt/ros/humble/share/rosidl_generator_c/cmake)
[0.387s] -- Found rosidl_adapter: 3.1.5 (/opt/ros/humble/share/rosidl_adapter/cmake)
[0.400s] -- Found rosidl_generator_cpp: 3.1.5 (/opt/ros/humble/share/rosidl_generator_cpp/cmake)
[0.424s] -- Using all available rosidl_typesupport_c: rosidl_typesupport_fastrtps_c;rosidl_typesupport_introspection_c
[0.452s] -- Using all available rosidl_typesupport_cpp: rosidl_typesupport_fastrtps_cpp;rosidl_typesupport_introspection_cpp
[0.526s] -- Found rmw_implementation_cmake: 6.1.2 (/opt/ros/humble/share/rmw_implementation_cmake/cmake)
[0.530s] -- Found rmw_fastrtps_cpp: 6.2.7 (/opt/ros/humble/share/rmw_fastrtps_cpp/cmake)
[0.623s] -- Found OpenSSL: /usr/lib/aarch64-linux-gnu/libcrypto.so (found version "3.0.2")  
[0.655s] -- Found FastRTPS: /opt/ros/humble/include  
[0.695s] -- Using RMW implementation 'rmw_fastrtps_cpp' as default
[0.711s] -- Looking for pthread.h
[0.838s] -- Looking for pthread.h - found
[0.838s] -- Performing Test CMAKE_HAVE_LIBC_PTHREAD
[0.909s] -- Performing Test CMAKE_HAVE_LIBC_PTHREAD - Success
[0.910s] -- Found Threads: TRUE  
[0.994s] -- Found sensor_msgs: 4.2.4 (/opt/ros/humble/share/sensor_msgs/cmake)
[1.054s] [31mCMake Error at CMakeLists.txt:12 (find_package):
[1.055s]   By not providing "Findinterfaces.cmake" in CMAKE_MODULE_PATH this project
[1.055s]   has asked CMake to find a package configuration file provided by
[1.055s]   "interfaces", but CMake did not find one.
[1.055s] 
[1.055s]   Could not find a package configuration file provided by "interfaces" with
[1.055s]   any of the following names:
[1.055s] 
[1.055s]     interfacesConfig.cmake
[1.055s]     interfaces-config.cmake
[1.055s] 
[1.055s]   Add the installation prefix of "interfaces" to CMAKE_PREFIX_PATH or set
[1.055s]   "interfaces_DIR" to a directory containing one of the above files.  If
[1.055s]   "interfaces" provides a separate development package or SDK, be sure it has
[1.055s]   been installed.
[1.055s] 
[1.055s] [0m
[1.056s] -- Configuring incomplete, errors occurred!
[1.056s] See also "/home/agnella/banyu/tugas1/build/pubsub/CMakeFiles/CMakeOutput.log".
[1.060s] Invoked command in '/home/agnella/banyu/tugas1/build/pubsub' returned '1': CMAKE_PREFIX_PATH=/opt/ros/humble /usr/bin/cmake /home/agnella/banyu/tugas1/src/pubsub -DCMAKE_INSTALL_PREFIX=/home/agnella/banyu/tugas1/install/pubsub
