[35m[1mConsolidate compiler generated dependencies of target node[0m
[ 50%] [32mBuilding CXX object CMakeFiles/node.dir/src/node.cpp.o[0m
[100%] [32m[1mLinking CXX executable node[0m
[100%] Built target node
-- Install configuration: ""
-- Installing: /home/agnella/banyu/tugas1/install/pubsub/lib/pubsub/node
-- Set runtime path of "/home/agnella/banyu/tugas1/install/pubsub/lib/pubsub/node" to ""
-- Up-to-date: /home/agnella/banyu/tugas1/install/pubsub/share/ament_index/resource_index/package_run_dependencies/pubsub
-- Up-to-date: /home/agnella/banyu/tugas1/install/pubsub/share/ament_index/resource_index/parent_prefix_path/pubsub
-- Up-to-date: /home/agnella/banyu/tugas1/install/pubsub/share/pubsub/environment/ament_prefix_path.sh
-- Up-to-date: /home/agnella/banyu/tugas1/install/pubsub/share/pubsub/environment/ament_prefix_path.dsv
-- Up-to-date: /home/agnella/banyu/tugas1/install/pubsub/share/pubsub/environment/path.sh
-- Up-to-date: /home/agnella/banyu/tugas1/install/pubsub/share/pubsub/environment/path.dsv
-- Up-to-date: /home/agnella/banyu/tugas1/install/pubsub/share/pubsub/local_setup.bash
-- Up-to-date: /home/agnella/banyu/tugas1/install/pubsub/share/pubsub/local_setup.sh
-- Up-to-date: /home/agnella/banyu/tugas1/install/pubsub/share/pubsub/local_setup.zsh
-- Up-to-date: /home/agnella/banyu/tugas1/install/pubsub/share/pubsub/local_setup.dsv
-- Installing: /home/agnella/banyu/tugas1/install/pubsub/share/pubsub/package.dsv
-- Up-to-date: /home/agnella/banyu/tugas1/install/pubsub/share/ament_index/resource_index/packages/pubsub
-- Up-to-date: /home/agnella/banyu/tugas1/install/pubsub/share/pubsub/cmake/pubsubConfig.cmake
-- Up-to-date: /home/agnella/banyu/tugas1/install/pubsub/share/pubsub/cmake/pubsubConfig-version.cmake
-- Up-to-date: /home/agnella/banyu/tugas1/install/pubsub/share/pubsub/package.xml
