[0.028s] Invoking command in '/home/agnella/banyu/tugas1/build/pubsub': CMAKE_PREFIX_PATH=${CMAKE_PREFIX_PATH}:/opt/ros/humble /usr/bin/cmake --build /home/agnella/banyu/tugas1/build/pubsub -- -j4 -l4
[0.089s] [35m[1mConsolidate compiler generated dependencies of target node[0m
[0.116s] [ 50%] [32mBuilding CXX object CMakeFiles/node.dir/src/node.cpp.o[0m
[8.328s] [100%] [32m[1mLinking CXX executable node[0m
[8.804s] [100%] Built target node
[8.820s] Invoked command in '/home/agnella/banyu/tugas1/build/pubsub' returned '0': CMAKE_PREFIX_PATH=${CMAKE_PREFIX_PATH}:/opt/ros/humble /usr/bin/cmake --build /home/agnella/banyu/tugas1/build/pubsub -- -j4 -l4
[8.856s] Invoking command in '/home/agnella/banyu/tugas1/build/pubsub': CMAKE_PREFIX_PATH=${CMAKE_PREFIX_PATH}:/opt/ros/humble /usr/bin/cmake --install /home/agnella/banyu/tugas1/build/pubsub
[8.863s] -- Install configuration: ""
[8.863s] -- Installing: /home/agnella/banyu/tugas1/install/pubsub/lib/pubsub/node
[8.873s] -- Set runtime path of "/home/agnella/banyu/tugas1/install/pubsub/lib/pubsub/node" to ""
[8.873s] -- Up-to-date: /home/agnella/banyu/tugas1/install/pubsub/share/ament_index/resource_index/package_run_dependencies/pubsub
[8.874s] -- Up-to-date: /home/agnella/banyu/tugas1/install/pubsub/share/ament_index/resource_index/parent_prefix_path/pubsub
[8.874s] -- Up-to-date: /home/agnella/banyu/tugas1/install/pubsub/share/pubsub/environment/ament_prefix_path.sh
[8.874s] -- Up-to-date: /home/agnella/banyu/tugas1/install/pubsub/share/pubsub/environment/ament_prefix_path.dsv
[8.874s] -- Up-to-date: /home/agnella/banyu/tugas1/install/pubsub/share/pubsub/environment/path.sh
[8.875s] -- Up-to-date: /home/agnella/banyu/tugas1/install/pubsub/share/pubsub/environment/path.dsv
[8.875s] -- Up-to-date: /home/agnella/banyu/tugas1/install/pubsub/share/pubsub/local_setup.bash
[8.875s] -- Up-to-date: /home/agnella/banyu/tugas1/install/pubsub/share/pubsub/local_setup.sh
[8.876s] -- Up-to-date: /home/agnella/banyu/tugas1/install/pubsub/share/pubsub/local_setup.zsh
[8.876s] -- Up-to-date: /home/agnella/banyu/tugas1/install/pubsub/share/pubsub/local_setup.dsv
[8.876s] -- Installing: /home/agnella/banyu/tugas1/install/pubsub/share/pubsub/package.dsv
[8.876s] -- Up-to-date: /home/agnella/banyu/tugas1/install/pubsub/share/ament_index/resource_index/packages/pubsub
[8.876s] -- Up-to-date: /home/agnella/banyu/tugas1/install/pubsub/share/pubsub/cmake/pubsubConfig.cmake
[8.876s] -- Up-to-date: /home/agnella/banyu/tugas1/install/pubsub/share/pubsub/cmake/pubsubConfig-version.cmake
[8.876s] -- Up-to-date: /home/agnella/banyu/tugas1/install/pubsub/share/pubsub/package.xml
[8.878s] Invoked command in '/home/agnella/banyu/tugas1/build/pubsub' returned '0': CMAKE_PREFIX_PATH=${CMAKE_PREFIX_PATH}:/opt/ros/humble /usr/bin/cmake --install /home/agnella/banyu/tugas1/build/pubsub
