[0.035s] Invoking command in '/home/agnella/banyu/tugas1/build/pubsub': CMAKE_PREFIX_PATH=${CMAKE_PREFIX_PATH}:/opt/ros/humble /usr/bin/cmake --build /home/agnella/banyu/tugas1/build/pubsub -- -j4 -l4
[0.089s] [35m[1mConsolidate compiler generated dependencies of target node[0m
[0.110s] [ 50%] [32mBuilding CXX object CMakeFiles/node.dir/src/node.cpp.o[0m
[2.716s] [01m[K/home/agnella/banyu/tugas1/src/pubsub/src/node.cpp:[m[K In member function ‘[01m[Kfloat Publisher::fungsi_subscribe(const Joy&)[m[K’:
[2.716s] [01m[K/home/agnella/banyu/tugas1/src/pubsub/src/node.cpp:28:31:[m[K [01;31m[Kerror: [m[Kbase operand of ‘[01m[K->[m[K’ has non-pointer type ‘[01m[Kconst Joy[m[K’ {aka ‘[01m[Kconst sensor_msgs::msg::Joy_<std::allocator<void> >[m[K’}
[2.717s]    28 |         float stick_x_left=msg[01;31m[K->[m[Kaxes[0];
[2.717s]       |                               [01;31m[K^~[m[K
[2.717s] [01m[K/home/agnella/banyu/tugas1/src/pubsub/src/node.cpp:29:31:[m[K [01;31m[Kerror: [m[Kbase operand of ‘[01m[K->[m[K’ has non-pointer type ‘[01m[Kconst Joy[m[K’ {aka ‘[01m[Kconst sensor_msgs::msg::Joy_<std::allocator<void> >[m[K’}
[2.717s]    29 |         float stick_y_left=msg[01;31m[K->[m[Kaxes[1];
[2.717s]       |                               [01;31m[K^~[m[K
[2.717s] [01m[K/home/agnella/banyu/tugas1/src/pubsub/src/node.cpp:30:32:[m[K [01;31m[Kerror: [m[Kbase operand of ‘[01m[K->[m[K’ has non-pointer type ‘[01m[Kconst Joy[m[K’ {aka ‘[01m[Kconst sensor_msgs::msg::Joy_<std::allocator<void> >[m[K’}
[2.717s]    30 |         float stick_x_right=msg[01;31m[K->[m[Kaxes[3];
[2.717s]       |                                [01;31m[K^~[m[K
[2.717s] [01m[K/home/agnella/banyu/tugas1/src/pubsub/src/node.cpp:34:21:[m[K [01;31m[Kerror: [m[Kbase operand of ‘[01m[K->[m[K’ has non-pointer type ‘[01m[Kconst Joy[m[K’ {aka ‘[01m[Kconst sensor_msgs::msg::Joy_<std::allocator<void> >[m[K’}
[2.717s]    34 |         float lt=msg[01;31m[K->[m[Kaxes[2];
[2.717s]       |                     [01;31m[K^~[m[K
[2.717s] [01m[K/home/agnella/banyu/tugas1/src/pubsub/src/node.cpp:48:5:[m[K [01;35m[Kwarning: [m[Kno return statement in function returning non-void [[01;35m[K]8;;https://gcc.gnu.org/onlinedocs/gcc/Warning-Options.html#index-Wreturn-type-Wreturn-type]8;;[m[K]
[2.717s]    48 |     [01;35m[K}[m[K
[2.717s]       |     [01;35m[K^[m[K
[5.526s] gmake[2]: *** [CMakeFiles/node.dir/build.make:76: CMakeFiles/node.dir/src/node.cpp.o] Error 1
[5.527s] gmake[1]: *** [CMakeFiles/Makefile2:137: CMakeFiles/node.dir/all] Error 2
[5.527s] gmake: *** [Makefile:146: all] Error 2
[5.545s] Invoked command in '/home/agnella/banyu/tugas1/build/pubsub' returned '2': CMAKE_PREFIX_PATH=${CMAKE_PREFIX_PATH}:/opt/ros/humble /usr/bin/cmake --build /home/agnella/banyu/tugas1/build/pubsub -- -j4 -l4
