[0.026s] Invoking command in '/home/agnella/banyu/tugas1/build/interfaces': CMAKE_PREFIX_PATH=${CMAKE_PREFIX_PATH}:/opt/ros/humble /usr/bin/cmake --build /home/agnella/banyu/tugas1/build/interfaces -- -j4 -l4
[0.091s] [  3%] Built target interfaces__cpp
[0.092s] [ 12%] Built target interfaces__rosidl_generator_c
[0.120s] [ 12%] Built target ament_cmake_python_copy_interfaces
[0.121s] [ 22%] Built target interfaces__rosidl_typesupport_cpp
[0.126s] [ 32%] Built target interfaces__rosidl_typesupport_fastrtps_cpp
[0.146s] [ 41%] Built target interfaces__rosidl_typesupport_introspection_cpp
[0.150s] [ 51%] Built target interfaces__rosidl_typesupport_introspection_c
[0.155s] [ 61%] Built target interfaces__rosidl_typesupport_fastrtps_c
[0.163s] [ 70%] Built target interfaces__rosidl_typesupport_c
[0.180s] [ 70%] Built target interfaces
[0.200s] [ 74%] Built target interfaces__py
[0.245s] [ 80%] Built target interfaces__rosidl_generator_py
[0.290s] [ 87%] Built target interfaces__rosidl_typesupport_fastrtps_c__pyext
[0.291s] [ 93%] Built target interfaces__rosidl_typesupport_c__pyext
[0.299s] [100%] Built target interfaces__rosidl_typesupport_introspection_c__pyext
[0.479s] running egg_info
[0.481s] writing interfaces.egg-info/PKG-INFO
[0.482s] writing dependency_links to interfaces.egg-info/dependency_links.txt
[0.484s] writing top-level names to interfaces.egg-info/top_level.txt
[0.487s] reading manifest file 'interfaces.egg-info/SOURCES.txt'
[0.488s] writing manifest file 'interfaces.egg-info/SOURCES.txt'
[0.542s] [100%] Built target ament_cmake_python_build_interfaces_egg
[0.567s] Invoked command in '/home/agnella/banyu/tugas1/build/interfaces' returned '0': CMAKE_PREFIX_PATH=${CMAKE_PREFIX_PATH}:/opt/ros/humble /usr/bin/cmake --build /home/agnella/banyu/tugas1/build/interfaces -- -j4 -l4
[0.685s] Invoking command in '/home/agnella/banyu/tugas1/build/interfaces': CMAKE_PREFIX_PATH=${CMAKE_PREFIX_PATH}:/opt/ros/humble /usr/bin/cmake --install /home/agnella/banyu/tugas1/build/interfaces
[0.694s] -- Install configuration: ""
[0.694s] -- Up-to-date: /home/agnella/banyu/tugas1/install/interfaces/share/ament_index/resource_index/rosidl_interfaces/interfaces
[0.695s] -- Up-to-date: /home/agnella/banyu/tugas1/install/interfaces/include/interfaces/interfaces
[0.696s] -- Up-to-date: /home/agnella/banyu/tugas1/install/interfaces/include/interfaces/interfaces/msg
[0.696s] -- Up-to-date: /home/agnella/banyu/tugas1/install/interfaces/include/interfaces/interfaces/msg/command.h
[0.697s] -- Up-to-date: /home/agnella/banyu/tugas1/install/interfaces/include/interfaces/interfaces/msg/rosidl_generator_c__visibility_control.h
[0.697s] -- Up-to-date: /home/agnella/banyu/tugas1/install/interfaces/include/interfaces/interfaces/msg/detail
[0.698s] -- Up-to-date: /home/agnella/banyu/tugas1/install/interfaces/include/interfaces/interfaces/msg/detail/command__type_support.h
[0.698s] -- Up-to-date: /home/agnella/banyu/tugas1/install/interfaces/include/interfaces/interfaces/msg/detail/command__struct.h
[0.699s] -- Up-to-date: /home/agnella/banyu/tugas1/install/interfaces/include/interfaces/interfaces/msg/detail/command__functions.h
[0.699s] -- Up-to-date: /home/agnella/banyu/tugas1/install/interfaces/include/interfaces/interfaces/msg/detail/command__functions.c
[0.700s] -- Up-to-date: /home/agnella/banyu/tugas1/install/interfaces/share/interfaces/environment/library_path.sh
[0.700s] -- Up-to-date: /home/agnella/banyu/tugas1/install/interfaces/share/interfaces/environment/library_path.dsv
[0.701s] -- Up-to-date: /home/agnella/banyu/tugas1/install/interfaces/lib/libinterfaces__rosidl_generator_c.so
[0.702s] -- Up-to-date: /home/agnella/banyu/tugas1/install/interfaces/include/interfaces/interfaces
[0.702s] -- Up-to-date: /home/agnella/banyu/tugas1/install/interfaces/include/interfaces/interfaces/msg
[0.703s] -- Up-to-date: /home/agnella/banyu/tugas1/install/interfaces/include/interfaces/interfaces/msg/rosidl_typesupport_fastrtps_c__visibility_control.h
[0.704s] -- Up-to-date: /home/agnella/banyu/tugas1/install/interfaces/include/interfaces/interfaces/msg/detail
[0.704s] -- Up-to-date: /home/agnella/banyu/tugas1/install/interfaces/include/interfaces/interfaces/msg/detail/command__rosidl_typesupport_fastrtps_c.h
[0.705s] -- Up-to-date: /home/agnella/banyu/tugas1/install/interfaces/lib/libinterfaces__rosidl_typesupport_fastrtps_c.so
[0.706s] -- Up-to-date: /home/agnella/banyu/tugas1/install/interfaces/include/interfaces/interfaces
[0.707s] -- Up-to-date: /home/agnella/banyu/tugas1/install/interfaces/include/interfaces/interfaces/msg
[0.708s] -- Up-to-date: /home/agnella/banyu/tugas1/install/interfaces/include/interfaces/interfaces/msg/detail
[0.709s] -- Up-to-date: /home/agnella/banyu/tugas1/install/interfaces/include/interfaces/interfaces/msg/detail/command__type_support.c
[0.709s] -- Up-to-date: /home/agnella/banyu/tugas1/install/interfaces/include/interfaces/interfaces/msg/detail/command__rosidl_typesupport_introspection_c.h
[0.710s] -- Up-to-date: /home/agnella/banyu/tugas1/install/interfaces/include/interfaces/interfaces/msg/rosidl_typesupport_introspection_c__visibility_control.h
[0.711s] -- Up-to-date: /home/agnella/banyu/tugas1/install/interfaces/lib/libinterfaces__rosidl_typesupport_introspection_c.so
[0.713s] -- Up-to-date: /home/agnella/banyu/tugas1/install/interfaces/lib/libinterfaces__rosidl_typesupport_c.so
[0.714s] -- Up-to-date: /home/agnella/banyu/tugas1/install/interfaces/include/interfaces/interfaces
[0.714s] -- Up-to-date: /home/agnella/banyu/tugas1/install/interfaces/include/interfaces/interfaces/msg
[0.714s] -- Up-to-date: /home/agnella/banyu/tugas1/install/interfaces/include/interfaces/interfaces/msg/command.hpp
[0.714s] -- Up-to-date: /home/agnella/banyu/tugas1/install/interfaces/include/interfaces/interfaces/msg/detail
[0.715s] -- Up-to-date: /home/agnella/banyu/tugas1/install/interfaces/include/interfaces/interfaces/msg/detail/command__traits.hpp
[0.715s] -- Up-to-date: /home/agnella/banyu/tugas1/install/interfaces/include/interfaces/interfaces/msg/detail/command__struct.hpp
[0.715s] -- Up-to-date: /home/agnella/banyu/tugas1/install/interfaces/include/interfaces/interfaces/msg/detail/command__builder.hpp
[0.715s] -- Up-to-date: /home/agnella/banyu/tugas1/install/interfaces/include/interfaces/interfaces
[0.715s] -- Up-to-date: /home/agnella/banyu/tugas1/install/interfaces/include/interfaces/interfaces/msg
[0.720s] -- Up-to-date: /home/agnella/banyu/tugas1/install/interfaces/include/interfaces/interfaces/msg/detail
[0.720s] -- Up-to-date: /home/agnella/banyu/tugas1/install/interfaces/include/interfaces/interfaces/msg/detail/command__rosidl_typesupport_fastrtps_cpp.hpp
[0.720s] -- Up-to-date: /home/agnella/banyu/tugas1/install/interfaces/include/interfaces/interfaces/msg/detail/dds_fastrtps
[0.720s] -- Up-to-date: /home/agnella/banyu/tugas1/install/interfaces/include/interfaces/interfaces/msg/rosidl_typesupport_fastrtps_cpp__visibility_control.h
[0.720s] -- Up-to-date: /home/agnella/banyu/tugas1/install/interfaces/lib/libinterfaces__rosidl_typesupport_fastrtps_cpp.so
[0.721s] -- Up-to-date: /home/agnella/banyu/tugas1/install/interfaces/include/interfaces/interfaces
[0.721s] -- Up-to-date: /home/agnella/banyu/tugas1/install/interfaces/include/interfaces/interfaces/msg
[0.721s] -- Up-to-date: /home/agnella/banyu/tugas1/install/interfaces/include/interfaces/interfaces/msg/detail
[0.721s] -- Up-to-date: /home/agnella/banyu/tugas1/install/interfaces/include/interfaces/interfaces/msg/detail/command__type_support.cpp
[0.721s] -- Up-to-date: /home/agnella/banyu/tugas1/install/interfaces/include/interfaces/interfaces/msg/detail/command__rosidl_typesupport_introspection_cpp.hpp
[0.721s] -- Up-to-date: /home/agnella/banyu/tugas1/install/interfaces/lib/libinterfaces__rosidl_typesupport_introspection_cpp.so
[0.722s] -- Up-to-date: /home/agnella/banyu/tugas1/install/interfaces/lib/libinterfaces__rosidl_typesupport_cpp.so
[0.722s] -- Up-to-date: /home/agnella/banyu/tugas1/install/interfaces/share/interfaces/environment/pythonpath.sh
[0.722s] -- Up-to-date: /home/agnella/banyu/tugas1/install/interfaces/share/interfaces/environment/pythonpath.dsv
[0.722s] -- Up-to-date: /home/agnella/banyu/tugas1/install/interfaces/local/lib/python3.10/dist-packages/interfaces-0.0.0-py3.10.egg-info
[0.722s] -- Installing: /home/agnella/banyu/tugas1/install/interfaces/local/lib/python3.10/dist-packages/interfaces-0.0.0-py3.10.egg-info/dependency_links.txt
[0.723s] -- Installing: /home/agnella/banyu/tugas1/install/interfaces/local/lib/python3.10/dist-packages/interfaces-0.0.0-py3.10.egg-info/PKG-INFO
[0.723s] -- Installing: /home/agnella/banyu/tugas1/install/interfaces/local/lib/python3.10/dist-packages/interfaces-0.0.0-py3.10.egg-info/SOURCES.txt
[0.723s] -- Installing: /home/agnella/banyu/tugas1/install/interfaces/local/lib/python3.10/dist-packages/interfaces-0.0.0-py3.10.egg-info/top_level.txt
[0.723s] -- Up-to-date: /home/agnella/banyu/tugas1/install/interfaces/local/lib/python3.10/dist-packages/interfaces
[0.724s] -- Up-to-date: /home/agnella/banyu/tugas1/install/interfaces/local/lib/python3.10/dist-packages/interfaces/libinterfaces__rosidl_generator_py.so
[0.724s] -- Up-to-date: /home/agnella/banyu/tugas1/install/interfaces/local/lib/python3.10/dist-packages/interfaces/msg
[0.724s] -- Up-to-date: /home/agnella/banyu/tugas1/install/interfaces/local/lib/python3.10/dist-packages/interfaces/msg/__init__.py
[0.724s] -- Up-to-date: /home/agnella/banyu/tugas1/install/interfaces/local/lib/python3.10/dist-packages/interfaces/msg/_command_s.c
[0.724s] -- Up-to-date: /home/agnella/banyu/tugas1/install/interfaces/local/lib/python3.10/dist-packages/interfaces/msg/_command.py
[0.724s] -- Up-to-date: /home/agnella/banyu/tugas1/install/interfaces/local/lib/python3.10/dist-packages/interfaces/__init__.py
[0.724s] -- Up-to-date: /home/agnella/banyu/tugas1/install/interfaces/local/lib/python3.10/dist-packages/interfaces/_interfaces_s.ep.rosidl_typesupport_c.c
[0.725s] -- Up-to-date: /home/agnella/banyu/tugas1/install/interfaces/local/lib/python3.10/dist-packages/interfaces/_interfaces_s.ep.rosidl_typesupport_introspection_c.c
[0.725s] -- Up-to-date: /home/agnella/banyu/tugas1/install/interfaces/local/lib/python3.10/dist-packages/interfaces/_interfaces_s.ep.rosidl_typesupport_fastrtps_c.c
[0.725s] -- Up-to-date: /home/agnella/banyu/tugas1/install/interfaces/local/lib/python3.10/dist-packages/interfaces/interfaces_s__rosidl_typesupport_introspection_c.cpython-310-aarch64-linux-gnu.so
[0.725s] -- Up-to-date: /home/agnella/banyu/tugas1/install/interfaces/local/lib/python3.10/dist-packages/interfaces/interfaces_s__rosidl_typesupport_fastrtps_c.cpython-310-aarch64-linux-gnu.so
[0.725s] -- Up-to-date: /home/agnella/banyu/tugas1/install/interfaces/local/lib/python3.10/dist-packages/interfaces/interfaces_s__rosidl_typesupport_c.cpython-310-aarch64-linux-gnu.so
[0.771s] Listing '/home/agnella/banyu/tugas1/install/interfaces/local/lib/python3.10/dist-packages/interfaces'...
[0.771s] Listing '/home/agnella/banyu/tugas1/install/interfaces/local/lib/python3.10/dist-packages/interfaces/msg'...
[0.776s] -- Up-to-date: /home/agnella/banyu/tugas1/install/interfaces/local/lib/python3.10/dist-packages/interfaces/interfaces_s__rosidl_typesupport_fastrtps_c.cpython-310-aarch64-linux-gnu.so
[0.777s] -- Up-to-date: /home/agnella/banyu/tugas1/install/interfaces/local/lib/python3.10/dist-packages/interfaces/interfaces_s__rosidl_typesupport_introspection_c.cpython-310-aarch64-linux-gnu.so
[0.777s] -- Up-to-date: /home/agnella/banyu/tugas1/install/interfaces/local/lib/python3.10/dist-packages/interfaces/interfaces_s__rosidl_typesupport_c.cpython-310-aarch64-linux-gnu.so
[0.778s] -- Up-to-date: /home/agnella/banyu/tugas1/install/interfaces/lib/libinterfaces__rosidl_generator_py.so
[0.778s] -- Up-to-date: /home/agnella/banyu/tugas1/install/interfaces/share/interfaces/msg/Command.idl
[0.778s] -- Up-to-date: /home/agnella/banyu/tugas1/install/interfaces/share/interfaces/msg/Command.msg
[0.778s] -- Up-to-date: /home/agnella/banyu/tugas1/install/interfaces/share/ament_index/resource_index/package_run_dependencies/interfaces
[0.779s] -- Up-to-date: /home/agnella/banyu/tugas1/install/interfaces/share/ament_index/resource_index/parent_prefix_path/interfaces
[0.779s] -- Up-to-date: /home/agnella/banyu/tugas1/install/interfaces/share/interfaces/environment/ament_prefix_path.sh
[0.779s] -- Up-to-date: /home/agnella/banyu/tugas1/install/interfaces/share/interfaces/environment/ament_prefix_path.dsv
[0.779s] -- Up-to-date: /home/agnella/banyu/tugas1/install/interfaces/share/interfaces/environment/path.sh
[0.780s] -- Up-to-date: /home/agnella/banyu/tugas1/install/interfaces/share/interfaces/environment/path.dsv
[0.780s] -- Up-to-date: /home/agnella/banyu/tugas1/install/interfaces/share/interfaces/local_setup.bash
[0.780s] -- Up-to-date: /home/agnella/banyu/tugas1/install/interfaces/share/interfaces/local_setup.sh
[0.780s] -- Up-to-date: /home/agnella/banyu/tugas1/install/interfaces/share/interfaces/local_setup.zsh
[0.780s] -- Up-to-date: /home/agnella/banyu/tugas1/install/interfaces/share/interfaces/local_setup.dsv
[0.780s] -- Installing: /home/agnella/banyu/tugas1/install/interfaces/share/interfaces/package.dsv
[0.781s] -- Up-to-date: /home/agnella/banyu/tugas1/install/interfaces/share/ament_index/resource_index/packages/interfaces
[0.781s] -- Up-to-date: /home/agnella/banyu/tugas1/install/interfaces/share/interfaces/cmake/export_interfaces__rosidl_generator_cExport.cmake
[0.781s] -- Up-to-date: /home/agnella/banyu/tugas1/install/interfaces/share/interfaces/cmake/export_interfaces__rosidl_generator_cExport-noconfig.cmake
[0.782s] -- Up-to-date: /home/agnella/banyu/tugas1/install/interfaces/share/interfaces/cmake/export_interfaces__rosidl_typesupport_fastrtps_cExport.cmake
[0.782s] -- Up-to-date: /home/agnella/banyu/tugas1/install/interfaces/share/interfaces/cmake/export_interfaces__rosidl_typesupport_fastrtps_cExport-noconfig.cmake
[0.782s] -- Up-to-date: /home/agnella/banyu/tugas1/install/interfaces/share/interfaces/cmake/interfaces__rosidl_typesupport_introspection_cExport.cmake
[0.782s] -- Up-to-date: /home/agnella/banyu/tugas1/install/interfaces/share/interfaces/cmake/interfaces__rosidl_typesupport_introspection_cExport-noconfig.cmake
[0.782s] -- Up-to-date: /home/agnella/banyu/tugas1/install/interfaces/share/interfaces/cmake/interfaces__rosidl_typesupport_cExport.cmake
[0.783s] -- Up-to-date: /home/agnella/banyu/tugas1/install/interfaces/share/interfaces/cmake/interfaces__rosidl_typesupport_cExport-noconfig.cmake
[0.783s] -- Up-to-date: /home/agnella/banyu/tugas1/install/interfaces/share/interfaces/cmake/export_interfaces__rosidl_generator_cppExport.cmake
[0.784s] -- Up-to-date: /home/agnella/banyu/tugas1/install/interfaces/share/interfaces/cmake/export_interfaces__rosidl_typesupport_fastrtps_cppExport.cmake
[0.784s] -- Up-to-date: /home/agnella/banyu/tugas1/install/interfaces/share/interfaces/cmake/export_interfaces__rosidl_typesupport_fastrtps_cppExport-noconfig.cmake
[0.785s] -- Up-to-date: /home/agnella/banyu/tugas1/install/interfaces/share/interfaces/cmake/interfaces__rosidl_typesupport_introspection_cppExport.cmake
[0.785s] -- Up-to-date: /home/agnella/banyu/tugas1/install/interfaces/share/interfaces/cmake/interfaces__rosidl_typesupport_introspection_cppExport-noconfig.cmake
[0.785s] -- Up-to-date: /home/agnella/banyu/tugas1/install/interfaces/share/interfaces/cmake/interfaces__rosidl_typesupport_cppExport.cmake
[0.786s] -- Up-to-date: /home/agnella/banyu/tugas1/install/interfaces/share/interfaces/cmake/interfaces__rosidl_typesupport_cppExport-noconfig.cmake
[0.786s] -- Up-to-date: /home/agnella/banyu/tugas1/install/interfaces/share/interfaces/cmake/export_interfaces__rosidl_generator_pyExport.cmake
[0.786s] -- Up-to-date: /home/agnella/banyu/tugas1/install/interfaces/share/interfaces/cmake/export_interfaces__rosidl_generator_pyExport-noconfig.cmake
[0.786s] -- Up-to-date: /home/agnella/banyu/tugas1/install/interfaces/share/interfaces/cmake/rosidl_cmake-extras.cmake
[0.786s] -- Up-to-date: /home/agnella/banyu/tugas1/install/interfaces/share/interfaces/cmake/ament_cmake_export_include_directories-extras.cmake
[0.787s] -- Up-to-date: /home/agnella/banyu/tugas1/install/interfaces/share/interfaces/cmake/ament_cmake_export_libraries-extras.cmake
[0.787s] -- Up-to-date: /home/agnella/banyu/tugas1/install/interfaces/share/interfaces/cmake/ament_cmake_export_targets-extras.cmake
[0.787s] -- Up-to-date: /home/agnella/banyu/tugas1/install/interfaces/share/interfaces/cmake/rosidl_cmake_export_typesupport_targets-extras.cmake
[0.787s] -- Up-to-date: /home/agnella/banyu/tugas1/install/interfaces/share/interfaces/cmake/ament_cmake_export_dependencies-extras.cmake
[0.787s] -- Up-to-date: /home/agnella/banyu/tugas1/install/interfaces/share/interfaces/cmake/rosidl_cmake_export_typesupport_libraries-extras.cmake
[0.788s] -- Up-to-date: /home/agnella/banyu/tugas1/install/interfaces/share/interfaces/cmake/interfacesConfig.cmake
[0.788s] -- Up-to-date: /home/agnella/banyu/tugas1/install/interfaces/share/interfaces/cmake/interfacesConfig-version.cmake
[0.788s] -- Up-to-date: /home/agnella/banyu/tugas1/install/interfaces/share/interfaces/package.xml
[0.791s] Invoked command in '/home/agnella/banyu/tugas1/build/interfaces' returned '0': CMAKE_PREFIX_PATH=${CMAKE_PREFIX_PATH}:/opt/ros/humble /usr/bin/cmake --install /home/agnella/banyu/tugas1/build/interfaces
