[0.015s] Invoking command in '/home/agnella/banyu/tugas1/build/interfaces': CMAKE_PREFIX_PATH=${CMAKE_PREFIX_PATH}:/opt/ros/humble /usr/bin/cmake --build /home/agnella/banyu/tugas1/build/interfaces -- -j4 -l4
[0.069s] [35m[1mConsolidate compiler generated dependencies of target interfaces__rosidl_generator_c[0m
[0.079s] [  3%] Built target interfaces__cpp
[0.082s] [ 12%] Built target interfaces__rosidl_generator_c
[0.091s] [35m[1mConsolidate compiler generated dependencies of target interfaces__rosidl_typesupport_cpp[0m
[0.094s] [ 12%] Built target ament_cmake_python_copy_interfaces
[0.101s] [35m[1mConsolidate compiler generated dependencies of target interfaces__rosidl_typesupport_fastrtps_cpp[0m
[0.104s] [ 22%] Built target interfaces__rosidl_typesupport_cpp
[0.109s] [35m[1mConsolidate compiler generated dependencies of target interfaces__rosidl_typesupport_introspection_cpp[0m
[0.112s] [35m[1mConsolidate compiler generated dependencies of target interfaces__rosidl_typesupport_fastrtps_c[0m
[0.114s] [ 32%] Built target interfaces__rosidl_typesupport_fastrtps_cpp
[0.125s] [35m[1mConsolidate compiler generated dependencies of target interfaces__rosidl_typesupport_c[0m
[0.134s] [35m[1mConsolidate compiler generated dependencies of target interfaces__rosidl_typesupport_introspection_c[0m
[0.136s] [ 41%] Built target interfaces__rosidl_typesupport_introspection_cpp
[0.143s] [ 51%] Built target interfaces__rosidl_typesupport_fastrtps_c
[0.148s] [ 61%] Built target interfaces__rosidl_typesupport_introspection_c
[0.153s] [ 70%] Built target interfaces__rosidl_typesupport_c
[0.170s] [ 70%] Built target interfaces
[0.188s] [ 74%] Built target interfaces__py
[0.197s] [35m[1mConsolidate compiler generated dependencies of target interfaces__rosidl_generator_py[0m
[0.210s] [ 80%] Built target interfaces__rosidl_generator_py
[0.224s] [35m[1mConsolidate compiler generated dependencies of target interfaces__rosidl_typesupport_fastrtps_c__pyext[0m
[0.235s] [35m[1mConsolidate compiler generated dependencies of target interfaces__rosidl_typesupport_c__pyext[0m
[0.238s] [35m[1mConsolidate compiler generated dependencies of target interfaces__rosidl_typesupport_introspection_c__pyext[0m
[0.251s] [ 87%] Built target interfaces__rosidl_typesupport_c__pyext
[0.254s] [ 93%] Built target interfaces__rosidl_typesupport_fastrtps_c__pyext
[0.268s] [100%] Built target interfaces__rosidl_typesupport_introspection_c__pyext
[0.418s] running egg_info
[0.419s] writing interfaces.egg-info/PKG-INFO
[0.420s] writing dependency_links to interfaces.egg-info/dependency_links.txt
[0.420s] writing top-level names to interfaces.egg-info/top_level.txt
[0.423s] reading manifest file 'interfaces.egg-info/SOURCES.txt'
[0.424s] writing manifest file 'interfaces.egg-info/SOURCES.txt'
[0.462s] [100%] Built target ament_cmake_python_build_interfaces_egg
[0.474s] Invoked command in '/home/agnella/banyu/tugas1/build/interfaces' returned '0': CMAKE_PREFIX_PATH=${CMAKE_PREFIX_PATH}:/opt/ros/humble /usr/bin/cmake --build /home/agnella/banyu/tugas1/build/interfaces -- -j4 -l4
[0.535s] Invoking command in '/home/agnella/banyu/tugas1/build/interfaces': CMAKE_PREFIX_PATH=${CMAKE_PREFIX_PATH}:/opt/ros/humble /usr/bin/cmake --install /home/agnella/banyu/tugas1/build/interfaces
[0.541s] -- Install configuration: ""
[0.541s] -- Up-to-date: /home/agnella/banyu/tugas1/install/interfaces/share/ament_index/resource_index/rosidl_interfaces/interfaces
[0.542s] -- Up-to-date: /home/agnella/banyu/tugas1/install/interfaces/include/interfaces/interfaces
[0.542s] -- Up-to-date: /home/agnella/banyu/tugas1/install/interfaces/include/interfaces/interfaces/msg
[0.542s] -- Up-to-date: /home/agnella/banyu/tugas1/install/interfaces/include/interfaces/interfaces/msg/command.h
[0.542s] -- Up-to-date: /home/agnella/banyu/tugas1/install/interfaces/include/interfaces/interfaces/msg/rosidl_generator_c__visibility_control.h
[0.542s] -- Up-to-date: /home/agnella/banyu/tugas1/install/interfaces/include/interfaces/interfaces/msg/detail
[0.542s] -- Up-to-date: /home/agnella/banyu/tugas1/install/interfaces/include/interfaces/interfaces/msg/detail/command__type_support.h
[0.542s] -- Up-to-date: /home/agnella/banyu/tugas1/install/interfaces/include/interfaces/interfaces/msg/detail/command__struct.h
[0.542s] -- Up-to-date: /home/agnella/banyu/tugas1/install/interfaces/include/interfaces/interfaces/msg/detail/command__functions.h
[0.542s] -- Up-to-date: /home/agnella/banyu/tugas1/install/interfaces/include/interfaces/interfaces/msg/detail/command__functions.c
[0.542s] -- Up-to-date: /home/agnella/banyu/tugas1/install/interfaces/share/interfaces/environment/library_path.sh
[0.542s] -- Up-to-date: /home/agnella/banyu/tugas1/install/interfaces/share/interfaces/environment/library_path.dsv
[0.542s] -- Up-to-date: /home/agnella/banyu/tugas1/install/interfaces/lib/libinterfaces__rosidl_generator_c.so
[0.542s] -- Up-to-date: /home/agnella/banyu/tugas1/install/interfaces/include/interfaces/interfaces
[0.543s] -- Up-to-date: /home/agnella/banyu/tugas1/install/interfaces/include/interfaces/interfaces/msg
[0.543s] -- Up-to-date: /home/agnella/banyu/tugas1/install/interfaces/include/interfaces/interfaces/msg/rosidl_typesupport_fastrtps_c__visibility_control.h
[0.543s] -- Up-to-date: /home/agnella/banyu/tugas1/install/interfaces/include/interfaces/interfaces/msg/detail
[0.548s] -- Up-to-date: /home/agnella/banyu/tugas1/install/interfaces/include/interfaces/interfaces/msg/detail/command__rosidl_typesupport_fastrtps_c.h
[0.548s] -- Up-to-date: /home/agnella/banyu/tugas1/install/interfaces/lib/libinterfaces__rosidl_typesupport_fastrtps_c.so
[0.548s] -- Up-to-date: /home/agnella/banyu/tugas1/install/interfaces/include/interfaces/interfaces
[0.548s] -- Up-to-date: /home/agnella/banyu/tugas1/install/interfaces/include/interfaces/interfaces/msg
[0.548s] -- Up-to-date: /home/agnella/banyu/tugas1/install/interfaces/include/interfaces/interfaces/msg/detail
[0.548s] -- Up-to-date: /home/agnella/banyu/tugas1/install/interfaces/include/interfaces/interfaces/msg/detail/command__type_support.c
[0.548s] -- Up-to-date: /home/agnella/banyu/tugas1/install/interfaces/include/interfaces/interfaces/msg/detail/command__rosidl_typesupport_introspection_c.h
[0.548s] -- Up-to-date: /home/agnella/banyu/tugas1/install/interfaces/include/interfaces/interfaces/msg/rosidl_typesupport_introspection_c__visibility_control.h
[0.549s] -- Up-to-date: /home/agnella/banyu/tugas1/install/interfaces/lib/libinterfaces__rosidl_typesupport_introspection_c.so
[0.549s] -- Up-to-date: /home/agnella/banyu/tugas1/install/interfaces/lib/libinterfaces__rosidl_typesupport_c.so
[0.549s] -- Up-to-date: /home/agnella/banyu/tugas1/install/interfaces/include/interfaces/interfaces
[0.549s] -- Up-to-date: /home/agnella/banyu/tugas1/install/interfaces/include/interfaces/interfaces/msg
[0.549s] -- Up-to-date: /home/agnella/banyu/tugas1/install/interfaces/include/interfaces/interfaces/msg/command.hpp
[0.549s] -- Up-to-date: /home/agnella/banyu/tugas1/install/interfaces/include/interfaces/interfaces/msg/detail
[0.549s] -- Up-to-date: /home/agnella/banyu/tugas1/install/interfaces/include/interfaces/interfaces/msg/detail/command__traits.hpp
[0.549s] -- Up-to-date: /home/agnella/banyu/tugas1/install/interfaces/include/interfaces/interfaces/msg/detail/command__struct.hpp
[0.549s] -- Up-to-date: /home/agnella/banyu/tugas1/install/interfaces/include/interfaces/interfaces/msg/detail/command__builder.hpp
[0.549s] -- Up-to-date: /home/agnella/banyu/tugas1/install/interfaces/include/interfaces/interfaces
[0.549s] -- Up-to-date: /home/agnella/banyu/tugas1/install/interfaces/include/interfaces/interfaces/msg
[0.549s] -- Up-to-date: /home/agnella/banyu/tugas1/install/interfaces/include/interfaces/interfaces/msg/detail
[0.549s] -- Up-to-date: /home/agnella/banyu/tugas1/install/interfaces/include/interfaces/interfaces/msg/detail/command__rosidl_typesupport_fastrtps_cpp.hpp
[0.549s] -- Up-to-date: /home/agnella/banyu/tugas1/install/interfaces/include/interfaces/interfaces/msg/detail/dds_fastrtps
[0.549s] -- Up-to-date: /home/agnella/banyu/tugas1/install/interfaces/include/interfaces/interfaces/msg/rosidl_typesupport_fastrtps_cpp__visibility_control.h
[0.549s] -- Up-to-date: /home/agnella/banyu/tugas1/install/interfaces/lib/libinterfaces__rosidl_typesupport_fastrtps_cpp.so
[0.550s] -- Up-to-date: /home/agnella/banyu/tugas1/install/interfaces/include/interfaces/interfaces
[0.550s] -- Up-to-date: /home/agnella/banyu/tugas1/install/interfaces/include/interfaces/interfaces/msg
[0.550s] -- Up-to-date: /home/agnella/banyu/tugas1/install/interfaces/include/interfaces/interfaces/msg/detail
[0.550s] -- Up-to-date: /home/agnella/banyu/tugas1/install/interfaces/include/interfaces/interfaces/msg/detail/command__type_support.cpp
[0.550s] -- Up-to-date: /home/agnella/banyu/tugas1/install/interfaces/include/interfaces/interfaces/msg/detail/command__rosidl_typesupport_introspection_cpp.hpp
[0.550s] -- Up-to-date: /home/agnella/banyu/tugas1/install/interfaces/lib/libinterfaces__rosidl_typesupport_introspection_cpp.so
[0.550s] -- Up-to-date: /home/agnella/banyu/tugas1/install/interfaces/lib/libinterfaces__rosidl_typesupport_cpp.so
[0.551s] -- Up-to-date: /home/agnella/banyu/tugas1/install/interfaces/share/interfaces/environment/pythonpath.sh
[0.551s] -- Up-to-date: /home/agnella/banyu/tugas1/install/interfaces/share/interfaces/environment/pythonpath.dsv
[0.551s] -- Up-to-date: /home/agnella/banyu/tugas1/install/interfaces/local/lib/python3.10/dist-packages/interfaces-0.0.0-py3.10.egg-info
[0.551s] -- Installing: /home/agnella/banyu/tugas1/install/interfaces/local/lib/python3.10/dist-packages/interfaces-0.0.0-py3.10.egg-info/dependency_links.txt
[0.551s] -- Installing: /home/agnella/banyu/tugas1/install/interfaces/local/lib/python3.10/dist-packages/interfaces-0.0.0-py3.10.egg-info/PKG-INFO
[0.551s] -- Installing: /home/agnella/banyu/tugas1/install/interfaces/local/lib/python3.10/dist-packages/interfaces-0.0.0-py3.10.egg-info/SOURCES.txt
[0.551s] -- Installing: /home/agnella/banyu/tugas1/install/interfaces/local/lib/python3.10/dist-packages/interfaces-0.0.0-py3.10.egg-info/top_level.txt
[0.551s] -- Up-to-date: /home/agnella/banyu/tugas1/install/interfaces/local/lib/python3.10/dist-packages/interfaces
[0.551s] -- Up-to-date: /home/agnella/banyu/tugas1/install/interfaces/local/lib/python3.10/dist-packages/interfaces/libinterfaces__rosidl_generator_py.so
[0.551s] -- Up-to-date: /home/agnella/banyu/tugas1/install/interfaces/local/lib/python3.10/dist-packages/interfaces/msg
[0.551s] -- Up-to-date: /home/agnella/banyu/tugas1/install/interfaces/local/lib/python3.10/dist-packages/interfaces/msg/__init__.py
[0.551s] -- Up-to-date: /home/agnella/banyu/tugas1/install/interfaces/local/lib/python3.10/dist-packages/interfaces/msg/_command_s.c
[0.551s] -- Up-to-date: /home/agnella/banyu/tugas1/install/interfaces/local/lib/python3.10/dist-packages/interfaces/msg/_command.py
[0.551s] -- Up-to-date: /home/agnella/banyu/tugas1/install/interfaces/local/lib/python3.10/dist-packages/interfaces/__init__.py
[0.552s] -- Up-to-date: /home/agnella/banyu/tugas1/install/interfaces/local/lib/python3.10/dist-packages/interfaces/_interfaces_s.ep.rosidl_typesupport_c.c
[0.552s] -- Up-to-date: /home/agnella/banyu/tugas1/install/interfaces/local/lib/python3.10/dist-packages/interfaces/_interfaces_s.ep.rosidl_typesupport_introspection_c.c
[0.552s] -- Up-to-date: /home/agnella/banyu/tugas1/install/interfaces/local/lib/python3.10/dist-packages/interfaces/_interfaces_s.ep.rosidl_typesupport_fastrtps_c.c
[0.552s] -- Up-to-date: /home/agnella/banyu/tugas1/install/interfaces/local/lib/python3.10/dist-packages/interfaces/interfaces_s__rosidl_typesupport_introspection_c.cpython-310-aarch64-linux-gnu.so
[0.552s] -- Up-to-date: /home/agnella/banyu/tugas1/install/interfaces/local/lib/python3.10/dist-packages/interfaces/interfaces_s__rosidl_typesupport_fastrtps_c.cpython-310-aarch64-linux-gnu.so
[0.552s] -- Up-to-date: /home/agnella/banyu/tugas1/install/interfaces/local/lib/python3.10/dist-packages/interfaces/interfaces_s__rosidl_typesupport_c.cpython-310-aarch64-linux-gnu.so
[0.583s] Listing '/home/agnella/banyu/tugas1/install/interfaces/local/lib/python3.10/dist-packages/interfaces'...
[0.583s] Listing '/home/agnella/banyu/tugas1/install/interfaces/local/lib/python3.10/dist-packages/interfaces/msg'...
[0.588s] -- Up-to-date: /home/agnella/banyu/tugas1/install/interfaces/local/lib/python3.10/dist-packages/interfaces/interfaces_s__rosidl_typesupport_fastrtps_c.cpython-310-aarch64-linux-gnu.so
[0.588s] -- Up-to-date: /home/agnella/banyu/tugas1/install/interfaces/local/lib/python3.10/dist-packages/interfaces/interfaces_s__rosidl_typesupport_introspection_c.cpython-310-aarch64-linux-gnu.so
[0.589s] -- Up-to-date: /home/agnella/banyu/tugas1/install/interfaces/local/lib/python3.10/dist-packages/interfaces/interfaces_s__rosidl_typesupport_c.cpython-310-aarch64-linux-gnu.so
[0.589s] -- Up-to-date: /home/agnella/banyu/tugas1/install/interfaces/lib/libinterfaces__rosidl_generator_py.so
[0.589s] -- Up-to-date: /home/agnella/banyu/tugas1/install/interfaces/share/interfaces/msg/Command.idl
[0.589s] -- Up-to-date: /home/agnella/banyu/tugas1/install/interfaces/share/interfaces/msg/Command.msg
[0.589s] -- Up-to-date: /home/agnella/banyu/tugas1/install/interfaces/share/ament_index/resource_index/package_run_dependencies/interfaces
[0.590s] -- Up-to-date: /home/agnella/banyu/tugas1/install/interfaces/share/ament_index/resource_index/parent_prefix_path/interfaces
[0.590s] -- Up-to-date: /home/agnella/banyu/tugas1/install/interfaces/share/interfaces/environment/ament_prefix_path.sh
[0.590s] -- Up-to-date: /home/agnella/banyu/tugas1/install/interfaces/share/interfaces/environment/ament_prefix_path.dsv
[0.590s] -- Up-to-date: /home/agnella/banyu/tugas1/install/interfaces/share/interfaces/environment/path.sh
[0.590s] -- Up-to-date: /home/agnella/banyu/tugas1/install/interfaces/share/interfaces/environment/path.dsv
[0.590s] -- Up-to-date: /home/agnella/banyu/tugas1/install/interfaces/share/interfaces/local_setup.bash
[0.590s] -- Up-to-date: /home/agnella/banyu/tugas1/install/interfaces/share/interfaces/local_setup.sh
[0.590s] -- Up-to-date: /home/agnella/banyu/tugas1/install/interfaces/share/interfaces/local_setup.zsh
[0.590s] -- Up-to-date: /home/agnella/banyu/tugas1/install/interfaces/share/interfaces/local_setup.dsv
[0.591s] -- Installing: /home/agnella/banyu/tugas1/install/interfaces/share/interfaces/package.dsv
[0.591s] -- Up-to-date: /home/agnella/banyu/tugas1/install/interfaces/share/ament_index/resource_index/packages/interfaces
[0.591s] -- Up-to-date: /home/agnella/banyu/tugas1/install/interfaces/share/interfaces/cmake/export_interfaces__rosidl_generator_cExport.cmake
[0.591s] -- Up-to-date: /home/agnella/banyu/tugas1/install/interfaces/share/interfaces/cmake/export_interfaces__rosidl_generator_cExport-noconfig.cmake
[0.591s] -- Up-to-date: /home/agnella/banyu/tugas1/install/interfaces/share/interfaces/cmake/export_interfaces__rosidl_typesupport_fastrtps_cExport.cmake
[0.591s] -- Up-to-date: /home/agnella/banyu/tugas1/install/interfaces/share/interfaces/cmake/export_interfaces__rosidl_typesupport_fastrtps_cExport-noconfig.cmake
[0.591s] -- Up-to-date: /home/agnella/banyu/tugas1/install/interfaces/share/interfaces/cmake/interfaces__rosidl_typesupport_introspection_cExport.cmake
[0.591s] -- Up-to-date: /home/agnella/banyu/tugas1/install/interfaces/share/interfaces/cmake/interfaces__rosidl_typesupport_introspection_cExport-noconfig.cmake
[0.592s] -- Up-to-date: /home/agnella/banyu/tugas1/install/interfaces/share/interfaces/cmake/interfaces__rosidl_typesupport_cExport.cmake
[0.592s] -- Up-to-date: /home/agnella/banyu/tugas1/install/interfaces/share/interfaces/cmake/interfaces__rosidl_typesupport_cExport-noconfig.cmake
[0.592s] -- Up-to-date: /home/agnella/banyu/tugas1/install/interfaces/share/interfaces/cmake/export_interfaces__rosidl_generator_cppExport.cmake
[0.592s] -- Up-to-date: /home/agnella/banyu/tugas1/install/interfaces/share/interfaces/cmake/export_interfaces__rosidl_typesupport_fastrtps_cppExport.cmake
[0.592s] -- Up-to-date: /home/agnella/banyu/tugas1/install/interfaces/share/interfaces/cmake/export_interfaces__rosidl_typesupport_fastrtps_cppExport-noconfig.cmake
[0.592s] -- Up-to-date: /home/agnella/banyu/tugas1/install/interfaces/share/interfaces/cmake/interfaces__rosidl_typesupport_introspection_cppExport.cmake
[0.592s] -- Up-to-date: /home/agnella/banyu/tugas1/install/interfaces/share/interfaces/cmake/interfaces__rosidl_typesupport_introspection_cppExport-noconfig.cmake
[0.592s] -- Up-to-date: /home/agnella/banyu/tugas1/install/interfaces/share/interfaces/cmake/interfaces__rosidl_typesupport_cppExport.cmake
[0.592s] -- Up-to-date: /home/agnella/banyu/tugas1/install/interfaces/share/interfaces/cmake/interfaces__rosidl_typesupport_cppExport-noconfig.cmake
[0.592s] -- Up-to-date: /home/agnella/banyu/tugas1/install/interfaces/share/interfaces/cmake/export_interfaces__rosidl_generator_pyExport.cmake
[0.592s] -- Up-to-date: /home/agnella/banyu/tugas1/install/interfaces/share/interfaces/cmake/export_interfaces__rosidl_generator_pyExport-noconfig.cmake
[0.592s] -- Up-to-date: /home/agnella/banyu/tugas1/install/interfaces/share/interfaces/cmake/rosidl_cmake-extras.cmake
[0.592s] -- Up-to-date: /home/agnella/banyu/tugas1/install/interfaces/share/interfaces/cmake/ament_cmake_export_include_directories-extras.cmake
[0.592s] -- Up-to-date: /home/agnella/banyu/tugas1/install/interfaces/share/interfaces/cmake/ament_cmake_export_libraries-extras.cmake
[0.592s] -- Up-to-date: /home/agnella/banyu/tugas1/install/interfaces/share/interfaces/cmake/ament_cmake_export_targets-extras.cmake
[0.592s] -- Up-to-date: /home/agnella/banyu/tugas1/install/interfaces/share/interfaces/cmake/rosidl_cmake_export_typesupport_targets-extras.cmake
[0.592s] -- Up-to-date: /home/agnella/banyu/tugas1/install/interfaces/share/interfaces/cmake/ament_cmake_export_dependencies-extras.cmake
[0.593s] -- Up-to-date: /home/agnella/banyu/tugas1/install/interfaces/share/interfaces/cmake/rosidl_cmake_export_typesupport_libraries-extras.cmake
[0.593s] -- Up-to-date: /home/agnella/banyu/tugas1/install/interfaces/share/interfaces/cmake/interfacesConfig.cmake
[0.593s] -- Up-to-date: /home/agnella/banyu/tugas1/install/interfaces/share/interfaces/cmake/interfacesConfig-version.cmake
[0.593s] -- Up-to-date: /home/agnella/banyu/tugas1/install/interfaces/share/interfaces/package.xml
[0.598s] Invoked command in '/home/agnella/banyu/tugas1/build/interfaces' returned '0': CMAKE_PREFIX_PATH=${CMAKE_PREFIX_PATH}:/opt/ros/humble /usr/bin/cmake --install /home/agnella/banyu/tugas1/build/interfaces
