[0.016s] Invoking command in '/home/agnella/banyu/tugas1/build/interfaces': CMAKE_PREFIX_PATH=/opt/ros/humble /usr/bin/cmake /home/agnella/banyu/tugas1/src/interfaces -DCMAKE_INSTALL_PREFIX=/home/agnella/banyu/tugas1/install/interfaces
[0.157s] -- The C compiler identification is GNU 11.4.0
[0.281s] -- The CXX compiler identification is GNU 11.4.0
[0.290s] -- Detecting C compiler ABI info
[0.379s] -- Detecting C compiler ABI info - done
[0.392s] -- Check for working C compiler: /usr/bin/cc - skipped
[0.393s] -- Detecting C compile features
[0.393s] -- Detecting C compile features - done
[0.398s] -- Detecting CXX compiler ABI info
[0.629s] -- Detecting CXX compiler ABI info - done
[0.640s] -- Check for working CXX compiler: /usr/bin/c++ - skipped
[0.640s] -- Detecting CXX compile features
[0.641s] -- Detecting CXX compile features - done
[0.645s] -- Found ament_cmake: 1.3.10 (/opt/ros/humble/share/ament_cmake/cmake)
[0.785s] -- Found Python3: /usr/bin/python3 (found version "3.10.12") found components: Interpreter 
[0.866s] -- Found rosidl_default_generators: 1.2.0 (/opt/ros/humble/share/rosidl_default_generators/cmake)
[0.871s] -- Using all available rosidl_typesupport_c: rosidl_typesupport_fastrtps_c;rosidl_typesupport_introspection_c
[0.878s] -- Found rosidl_adapter: 3.1.5 (/opt/ros/humble/share/rosidl_adapter/cmake)
[0.928s] -- Using all available rosidl_typesupport_cpp: rosidl_typesupport_fastrtps_cpp;rosidl_typesupport_introspection_cpp
[1.142s] [31mCMake Error at /opt/ros/humble/share/rosidl_cmake/cmake/rosidl_generate_interfaces.cmake:229 (message):
[1.142s]   Packages installing interfaces must include
[1.142s]   '<member_of_group>rosidl_interface_packages</member_of_group>' in their
[1.142s]   package.xml
[1.142s] Call Stack (most recent call first):
[1.142s]   CMakeLists.txt:12 (rosidl_generate_interfaces)
[1.142s] 
[1.142s] [0m
[1.142s] -- Configuring incomplete, errors occurred!
[1.142s] See also "/home/agnella/banyu/tugas1/build/interfaces/CMakeFiles/CMakeOutput.log".
[1.149s] Invoked command in '/home/agnella/banyu/tugas1/build/interfaces' returned '1': CMAKE_PREFIX_PATH=/opt/ros/humble /usr/bin/cmake /home/agnella/banyu/tugas1/src/interfaces -DCMAKE_INSTALL_PREFIX=/home/agnella/banyu/tugas1/install/interfaces
