[0.101s] DEBUG:colcon:Command line arguments: ['/usr/bin/colcon', 'build']
[0.101s] DEBUG:colcon:Parsed command line arguments: Namespace(log_base=None, log_level=None, verb_name='build', build_base='build', install_base='install', merge_install=False, symlink_install=False, test_result_base=None, continue_on_error=False, executor='parallel', parallel_workers=4, event_handlers=None, ignore_user_meta=False, metas=['./colcon.meta'], base_paths=['.'], packages_ignore=None, packages_ignore_regex=None, paths=None, packages_up_to=None, packages_up_to_regex=None, packages_above=None, packages_above_and_dependencies=None, packages_above_depth=None, packages_select_by_dep=None, packages_skip_by_dep=None, packages_skip_up_to=None, packages_select_build_failed=False, packages_skip_build_finished=False, packages_select_test_failures=False, packages_skip_test_passed=False, packages_select=None, packages_skip=None, packages_select_regex=None, packages_skip_regex=None, packages_start=None, packages_end=None, allow_overriding=[], cmake_args=None, cmake_target=None, cmake_target_skip_unavailable=False, cmake_clean_cache=False, cmake_clean_first=False, cmake_force_configure=False, ament_cmake_args=None, catkin_cmake_args=None, catkin_skip_building_tests=False, verb_parser=<colcon_defaults.argument_parser.defaults.DefaultArgumentsDecorator object at 0xffffb26c4340>, verb_extension=<colcon_core.verb.build.BuildVerb object at 0xffffb28b4fa0>, main=<bound method BuildVerb.main of <colcon_core.verb.build.BuildVerb object at 0xffffb28b4fa0>>)
[0.256s] Level 1:colcon.colcon_core.package_discovery:discover_packages(colcon_meta) check parameters
[0.256s] Level 1:colcon.colcon_core.package_discovery:discover_packages(recursive) check parameters
[0.257s] Level 1:colcon.colcon_core.package_discovery:discover_packages(ignore) check parameters
[0.257s] Level 1:colcon.colcon_core.package_discovery:discover_packages(path) check parameters
[0.257s] Level 1:colcon.colcon_core.package_discovery:discover_packages(colcon_meta) discover
[0.257s] Level 1:colcon.colcon_core.package_discovery:discover_packages(recursive) discover
[0.257s] INFO:colcon.colcon_core.package_discovery:Crawling recursively for packages in '/home/agnella/banyu/tugas1'
[0.257s] Level 1:colcon.colcon_core.package_identification:_identify(.) by extensions ['ignore', 'ignore_ament_install']
[0.257s] Level 1:colcon.colcon_core.package_identification:_identify(.) by extension 'ignore'
[0.257s] Level 1:colcon.colcon_core.package_identification:_identify(.) by extension 'ignore_ament_install'
[0.257s] Level 1:colcon.colcon_core.package_identification:_identify(.) by extensions ['colcon_pkg']
[0.257s] Level 1:colcon.colcon_core.package_identification:_identify(.) by extension 'colcon_pkg'
[0.257s] Level 1:colcon.colcon_core.package_identification:_identify(.) by extensions ['colcon_meta']
[0.257s] Level 1:colcon.colcon_core.package_identification:_identify(.) by extension 'colcon_meta'
[0.257s] Level 1:colcon.colcon_core.package_identification:_identify(.) by extensions ['ros']
[0.257s] Level 1:colcon.colcon_core.package_identification:_identify(.) by extension 'ros'
[0.268s] Level 1:colcon.colcon_core.package_identification:_identify(.) by extensions ['cmake', 'python']
[0.268s] Level 1:colcon.colcon_core.package_identification:_identify(.) by extension 'cmake'
[0.268s] Level 1:colcon.colcon_core.package_identification:_identify(.) by extension 'python'
[0.268s] Level 1:colcon.colcon_core.package_identification:_identify(.) by extensions ['python_setup_py']
[0.268s] Level 1:colcon.colcon_core.package_identification:_identify(.) by extension 'python_setup_py'
[0.268s] Level 1:colcon.colcon_core.package_identification:_identify(build) by extensions ['ignore', 'ignore_ament_install']
[0.268s] Level 1:colcon.colcon_core.package_identification:_identify(build) by extension 'ignore'
[0.268s] Level 1:colcon.colcon_core.package_identification:_identify(build) ignored
[0.268s] Level 1:colcon.colcon_core.package_identification:_identify(install) by extensions ['ignore', 'ignore_ament_install']
[0.268s] Level 1:colcon.colcon_core.package_identification:_identify(install) by extension 'ignore'
[0.268s] Level 1:colcon.colcon_core.package_identification:_identify(install) ignored
[0.269s] Level 1:colcon.colcon_core.package_identification:_identify(log) by extensions ['ignore', 'ignore_ament_install']
[0.269s] Level 1:colcon.colcon_core.package_identification:_identify(log) by extension 'ignore'
[0.269s] Level 1:colcon.colcon_core.package_identification:_identify(log) ignored
[0.269s] Level 1:colcon.colcon_core.package_identification:_identify(src) by extensions ['ignore', 'ignore_ament_install']
[0.269s] Level 1:colcon.colcon_core.package_identification:_identify(src) by extension 'ignore'
[0.269s] Level 1:colcon.colcon_core.package_identification:_identify(src) by extension 'ignore_ament_install'
[0.269s] Level 1:colcon.colcon_core.package_identification:_identify(src) by extensions ['colcon_pkg']
[0.269s] Level 1:colcon.colcon_core.package_identification:_identify(src) by extension 'colcon_pkg'
[0.269s] Level 1:colcon.colcon_core.package_identification:_identify(src) by extensions ['colcon_meta']
[0.269s] Level 1:colcon.colcon_core.package_identification:_identify(src) by extension 'colcon_meta'
[0.269s] Level 1:colcon.colcon_core.package_identification:_identify(src) by extensions ['ros']
[0.269s] Level 1:colcon.colcon_core.package_identification:_identify(src) by extension 'ros'
[0.269s] Level 1:colcon.colcon_core.package_identification:_identify(src) by extensions ['cmake', 'python']
[0.269s] Level 1:colcon.colcon_core.package_identification:_identify(src) by extension 'cmake'
[0.269s] Level 1:colcon.colcon_core.package_identification:_identify(src) by extension 'python'
[0.269s] Level 1:colcon.colcon_core.package_identification:_identify(src) by extensions ['python_setup_py']
[0.269s] Level 1:colcon.colcon_core.package_identification:_identify(src) by extension 'python_setup_py'
[0.269s] Level 1:colcon.colcon_core.package_identification:_identify(src/interfaces) by extensions ['ignore', 'ignore_ament_install']
[0.269s] Level 1:colcon.colcon_core.package_identification:_identify(src/interfaces) by extension 'ignore'
[0.269s] Level 1:colcon.colcon_core.package_identification:_identify(src/interfaces) by extension 'ignore_ament_install'
[0.269s] Level 1:colcon.colcon_core.package_identification:_identify(src/interfaces) by extensions ['colcon_pkg']
[0.269s] Level 1:colcon.colcon_core.package_identification:_identify(src/interfaces) by extension 'colcon_pkg'
[0.269s] Level 1:colcon.colcon_core.package_identification:_identify(src/interfaces) by extensions ['colcon_meta']
[0.269s] Level 1:colcon.colcon_core.package_identification:_identify(src/interfaces) by extension 'colcon_meta'
[0.270s] Level 1:colcon.colcon_core.package_identification:_identify(src/interfaces) by extensions ['ros']
[0.270s] Level 1:colcon.colcon_core.package_identification:_identify(src/interfaces) by extension 'ros'
[0.272s] DEBUG:colcon.colcon_core.package_identification:Package 'src/interfaces' with type 'ros.ament_cmake' and name 'interfaces'
[0.272s] Level 1:colcon.colcon_core.package_identification:_identify(src/pubsub) by extensions ['ignore', 'ignore_ament_install']
[0.272s] Level 1:colcon.colcon_core.package_identification:_identify(src/pubsub) by extension 'ignore'
[0.272s] Level 1:colcon.colcon_core.package_identification:_identify(src/pubsub) by extension 'ignore_ament_install'
[0.272s] Level 1:colcon.colcon_core.package_identification:_identify(src/pubsub) by extensions ['colcon_pkg']
[0.272s] Level 1:colcon.colcon_core.package_identification:_identify(src/pubsub) by extension 'colcon_pkg'
[0.272s] Level 1:colcon.colcon_core.package_identification:_identify(src/pubsub) by extensions ['colcon_meta']
[0.272s] Level 1:colcon.colcon_core.package_identification:_identify(src/pubsub) by extension 'colcon_meta'
[0.272s] Level 1:colcon.colcon_core.package_identification:_identify(src/pubsub) by extensions ['ros']
[0.272s] Level 1:colcon.colcon_core.package_identification:_identify(src/pubsub) by extension 'ros'
[0.273s] DEBUG:colcon.colcon_core.package_identification:Package 'src/pubsub' with type 'ros.ament_cmake' and name 'pubsub'
[0.273s] Level 1:colcon.colcon_core.package_discovery:discover_packages(recursive) using defaults
[0.273s] Level 1:colcon.colcon_core.package_discovery:discover_packages(ignore) discover
[0.273s] Level 1:colcon.colcon_core.package_discovery:discover_packages(ignore) using defaults
[0.273s] Level 1:colcon.colcon_core.package_discovery:discover_packages(path) discover
[0.273s] Level 1:colcon.colcon_core.package_discovery:discover_packages(path) using defaults
[0.291s] Level 1:colcon.colcon_core.package_discovery:discover_packages(prefix_path) check parameters
[0.291s] Level 1:colcon.colcon_core.package_discovery:discover_packages(prefix_path) discover
[0.292s] DEBUG:colcon.colcon_installed_package_information.package_discovery:Found 2 installed packages in /home/agnella/banyu/tugas1/install
[0.294s] DEBUG:colcon.colcon_installed_package_information.package_discovery:Found 270 installed packages in /opt/ros/humble
[0.304s] Level 1:colcon.colcon_core.package_discovery:discover_packages(prefix_path) using defaults
[0.341s] Level 5:colcon.colcon_core.verb:set package 'interfaces' build argument 'cmake_args' from command line to 'None'
[0.341s] Level 5:colcon.colcon_core.verb:set package 'interfaces' build argument 'cmake_target' from command line to 'None'
[0.341s] Level 5:colcon.colcon_core.verb:set package 'interfaces' build argument 'cmake_target_skip_unavailable' from command line to 'False'
[0.341s] Level 5:colcon.colcon_core.verb:set package 'interfaces' build argument 'cmake_clean_cache' from command line to 'False'
[0.341s] Level 5:colcon.colcon_core.verb:set package 'interfaces' build argument 'cmake_clean_first' from command line to 'False'
[0.341s] Level 5:colcon.colcon_core.verb:set package 'interfaces' build argument 'cmake_force_configure' from command line to 'False'
[0.341s] Level 5:colcon.colcon_core.verb:set package 'interfaces' build argument 'ament_cmake_args' from command line to 'None'
[0.341s] Level 5:colcon.colcon_core.verb:set package 'interfaces' build argument 'catkin_cmake_args' from command line to 'None'
[0.341s] Level 5:colcon.colcon_core.verb:set package 'interfaces' build argument 'catkin_skip_building_tests' from command line to 'False'
[0.341s] DEBUG:colcon.colcon_core.verb:Building package 'interfaces' with the following arguments: {'ament_cmake_args': None, 'build_base': '/home/agnella/banyu/tugas1/build/interfaces', 'catkin_cmake_args': None, 'catkin_skip_building_tests': False, 'cmake_args': None, 'cmake_clean_cache': False, 'cmake_clean_first': False, 'cmake_force_configure': False, 'cmake_target': None, 'cmake_target_skip_unavailable': False, 'install_base': '/home/agnella/banyu/tugas1/install/interfaces', 'merge_install': False, 'path': '/home/agnella/banyu/tugas1/src/interfaces', 'symlink_install': False, 'test_result_base': None}
[0.342s] Level 5:colcon.colcon_core.verb:set package 'pubsub' build argument 'cmake_args' from command line to 'None'
[0.342s] Level 5:colcon.colcon_core.verb:set package 'pubsub' build argument 'cmake_target' from command line to 'None'
[0.342s] Level 5:colcon.colcon_core.verb:set package 'pubsub' build argument 'cmake_target_skip_unavailable' from command line to 'False'
[0.342s] Level 5:colcon.colcon_core.verb:set package 'pubsub' build argument 'cmake_clean_cache' from command line to 'False'
[0.342s] Level 5:colcon.colcon_core.verb:set package 'pubsub' build argument 'cmake_clean_first' from command line to 'False'
[0.342s] Level 5:colcon.colcon_core.verb:set package 'pubsub' build argument 'cmake_force_configure' from command line to 'False'
[0.342s] Level 5:colcon.colcon_core.verb:set package 'pubsub' build argument 'ament_cmake_args' from command line to 'None'
[0.342s] Level 5:colcon.colcon_core.verb:set package 'pubsub' build argument 'catkin_cmake_args' from command line to 'None'
[0.342s] Level 5:colcon.colcon_core.verb:set package 'pubsub' build argument 'catkin_skip_building_tests' from command line to 'False'
[0.342s] DEBUG:colcon.colcon_core.verb:Building package 'pubsub' with the following arguments: {'ament_cmake_args': None, 'build_base': '/home/agnella/banyu/tugas1/build/pubsub', 'catkin_cmake_args': None, 'catkin_skip_building_tests': False, 'cmake_args': None, 'cmake_clean_cache': False, 'cmake_clean_first': False, 'cmake_force_configure': False, 'cmake_target': None, 'cmake_target_skip_unavailable': False, 'install_base': '/home/agnella/banyu/tugas1/install/pubsub', 'merge_install': False, 'path': '/home/agnella/banyu/tugas1/src/pubsub', 'symlink_install': False, 'test_result_base': None}
[0.342s] INFO:colcon.colcon_core.executor:Executing jobs using 'parallel' executor
[0.344s] DEBUG:colcon.colcon_parallel_executor.executor.parallel:run_until_complete
[0.344s] INFO:colcon.colcon_ros.task.ament_cmake.build:Building ROS package in '/home/agnella/banyu/tugas1/src/interfaces' with build type 'ament_cmake'
[0.344s] INFO:colcon.colcon_cmake.task.cmake.build:Building CMake package in '/home/agnella/banyu/tugas1/src/interfaces'
[0.349s] INFO:colcon.colcon_core.plugin_system:Skipping extension 'colcon_core.shell.bat': Not used on non-Windows systems
[0.349s] INFO:colcon.colcon_core.shell:Skip shell extension 'powershell' for command environment: Not usable outside of PowerShell
[0.349s] DEBUG:colcon.colcon_core.shell:Skip shell extension 'dsv' for command environment
[0.355s] INFO:colcon.colcon_ros.task.ament_cmake.build:Building ROS package in '/home/agnella/banyu/tugas1/src/pubsub' with build type 'ament_cmake'
[0.355s] INFO:colcon.colcon_cmake.task.cmake.build:Building CMake package in '/home/agnella/banyu/tugas1/src/pubsub'
[0.355s] INFO:colcon.colcon_core.shell:Skip shell extension 'powershell' for command environment: Not usable outside of PowerShell
[0.355s] DEBUG:colcon.colcon_core.shell:Skip shell extension 'dsv' for command environment
[0.381s] DEBUG:colcon.colcon_core.event_handler.log_command:Invoking command in '/home/agnella/banyu/tugas1/build/interfaces': CMAKE_PREFIX_PATH=${CMAKE_PREFIX_PATH}:/opt/ros/humble /usr/bin/cmake --build /home/agnella/banyu/tugas1/build/interfaces -- -j4 -l4
[0.396s] DEBUG:colcon.colcon_core.event_handler.log_command:Invoking command in '/home/agnella/banyu/tugas1/build/pubsub': CMAKE_PREFIX_PATH=${CMAKE_PREFIX_PATH}:/opt/ros/humble /usr/bin/cmake --build /home/agnella/banyu/tugas1/build/pubsub -- -j4 -l4
[0.888s] DEBUG:colcon.colcon_core.event_handler.log_command:Invoked command in '/home/agnella/banyu/tugas1/build/interfaces' returned '0': CMAKE_PREFIX_PATH=${CMAKE_PREFIX_PATH}:/opt/ros/humble /usr/bin/cmake --build /home/agnella/banyu/tugas1/build/interfaces -- -j4 -l4
[1.127s] DEBUG:colcon.colcon_core.event_handler.log_command:Invoking command in '/home/agnella/banyu/tugas1/build/interfaces': CMAKE_PREFIX_PATH=${CMAKE_PREFIX_PATH}:/opt/ros/humble /usr/bin/cmake --install /home/agnella/banyu/tugas1/build/interfaces
[1.204s] Level 1:colcon.colcon_core.environment:create_environment_scripts_only(interfaces)
[1.207s] Level 1:colcon.colcon_core.environment:checking '/home/agnella/banyu/tugas1/install/interfaces' for CMake module files
[1.208s] Level 1:colcon.colcon_core.environment:checking '/home/agnella/banyu/tugas1/install/interfaces' for CMake config files
[1.209s] Level 1:colcon.colcon_core.shell:create_environment_hook('interfaces', 'cmake_prefix_path')
[1.209s] INFO:colcon.colcon_core.shell:Creating environment hook '/home/agnella/banyu/tugas1/install/interfaces/share/interfaces/hook/cmake_prefix_path.ps1'
[1.210s] INFO:colcon.colcon_core.shell:Creating environment descriptor '/home/agnella/banyu/tugas1/install/interfaces/share/interfaces/hook/cmake_prefix_path.dsv'
[1.210s] INFO:colcon.colcon_core.shell:Creating environment hook '/home/agnella/banyu/tugas1/install/interfaces/share/interfaces/hook/cmake_prefix_path.sh'
[1.211s] Level 1:colcon.colcon_core.environment:checking '/home/agnella/banyu/tugas1/install/interfaces/lib'
[1.212s] Level 1:colcon.colcon_core.shell:create_environment_hook('interfaces', 'ld_library_path_lib')
[1.212s] INFO:colcon.colcon_core.shell:Creating environment hook '/home/agnella/banyu/tugas1/install/interfaces/share/interfaces/hook/ld_library_path_lib.ps1'
[1.212s] INFO:colcon.colcon_core.shell:Creating environment descriptor '/home/agnella/banyu/tugas1/install/interfaces/share/interfaces/hook/ld_library_path_lib.dsv'
[1.213s] DEBUG:colcon.colcon_core.event_handler.log_command:Invoked command in '/home/agnella/banyu/tugas1/build/interfaces' returned '0': CMAKE_PREFIX_PATH=${CMAKE_PREFIX_PATH}:/opt/ros/humble /usr/bin/cmake --install /home/agnella/banyu/tugas1/build/interfaces
[1.213s] INFO:colcon.colcon_core.shell:Creating environment hook '/home/agnella/banyu/tugas1/install/interfaces/share/interfaces/hook/ld_library_path_lib.sh'
[1.213s] Level 1:colcon.colcon_core.environment:checking '/home/agnella/banyu/tugas1/install/interfaces/bin'
[1.213s] Level 1:colcon.colcon_core.environment:checking '/home/agnella/banyu/tugas1/install/interfaces/lib/pkgconfig/interfaces.pc'
[1.214s] Level 1:colcon.colcon_core.environment:checking '/home/agnella/banyu/tugas1/install/interfaces/lib/python3.10/site-packages'
[1.214s] Level 1:colcon.colcon_core.environment:checking '/home/agnella/banyu/tugas1/install/interfaces/bin'
[1.214s] INFO:colcon.colcon_core.shell:Creating package script '/home/agnella/banyu/tugas1/install/interfaces/share/interfaces/package.ps1'
[1.215s] INFO:colcon.colcon_core.shell:Creating package descriptor '/home/agnella/banyu/tugas1/install/interfaces/share/interfaces/package.dsv'
[1.216s] INFO:colcon.colcon_core.shell:Creating package script '/home/agnella/banyu/tugas1/install/interfaces/share/interfaces/package.sh'
[1.217s] INFO:colcon.colcon_core.shell:Creating package script '/home/agnella/banyu/tugas1/install/interfaces/share/interfaces/package.bash'
[1.218s] INFO:colcon.colcon_core.shell:Creating package script '/home/agnella/banyu/tugas1/install/interfaces/share/interfaces/package.zsh'
[1.219s] Level 1:colcon.colcon_core.environment:create_file_with_runtime_dependencies(/home/agnella/banyu/tugas1/install/interfaces/share/colcon-core/packages/interfaces)
[1.274s] Level 1:colcon.colcon_core.environment:create_environment_scripts_only(interfaces)
[1.274s] Level 1:colcon.colcon_core.environment:checking '/home/agnella/banyu/tugas1/install/interfaces' for CMake module files
[1.275s] Level 1:colcon.colcon_core.environment:checking '/home/agnella/banyu/tugas1/install/interfaces' for CMake config files
[1.276s] Level 1:colcon.colcon_core.shell:create_environment_hook('interfaces', 'cmake_prefix_path')
[1.276s] INFO:colcon.colcon_core.shell:Creating environment hook '/home/agnella/banyu/tugas1/install/interfaces/share/interfaces/hook/cmake_prefix_path.ps1'
[1.276s] INFO:colcon.colcon_core.shell:Creating environment descriptor '/home/agnella/banyu/tugas1/install/interfaces/share/interfaces/hook/cmake_prefix_path.dsv'
[1.277s] INFO:colcon.colcon_core.shell:Creating environment hook '/home/agnella/banyu/tugas1/install/interfaces/share/interfaces/hook/cmake_prefix_path.sh'
[1.278s] Level 1:colcon.colcon_core.environment:checking '/home/agnella/banyu/tugas1/install/interfaces/lib'
[1.278s] Level 1:colcon.colcon_core.shell:create_environment_hook('interfaces', 'ld_library_path_lib')
[1.279s] INFO:colcon.colcon_core.shell:Creating environment hook '/home/agnella/banyu/tugas1/install/interfaces/share/interfaces/hook/ld_library_path_lib.ps1'
[1.280s] INFO:colcon.colcon_core.shell:Creating environment descriptor '/home/agnella/banyu/tugas1/install/interfaces/share/interfaces/hook/ld_library_path_lib.dsv'
[1.280s] INFO:colcon.colcon_core.shell:Creating environment hook '/home/agnella/banyu/tugas1/install/interfaces/share/interfaces/hook/ld_library_path_lib.sh'
[1.281s] Level 1:colcon.colcon_core.environment:checking '/home/agnella/banyu/tugas1/install/interfaces/bin'
[1.282s] Level 1:colcon.colcon_core.environment:checking '/home/agnella/banyu/tugas1/install/interfaces/lib/pkgconfig/interfaces.pc'
[1.282s] Level 1:colcon.colcon_core.environment:checking '/home/agnella/banyu/tugas1/install/interfaces/lib/python3.10/site-packages'
[1.282s] Level 1:colcon.colcon_core.environment:checking '/home/agnella/banyu/tugas1/install/interfaces/bin'
[1.283s] INFO:colcon.colcon_core.shell:Creating package script '/home/agnella/banyu/tugas1/install/interfaces/share/interfaces/package.ps1'
[1.284s] INFO:colcon.colcon_core.shell:Creating package descriptor '/home/agnella/banyu/tugas1/install/interfaces/share/interfaces/package.dsv'
[1.285s] INFO:colcon.colcon_core.shell:Creating package script '/home/agnella/banyu/tugas1/install/interfaces/share/interfaces/package.sh'
[1.285s] INFO:colcon.colcon_core.shell:Creating package script '/home/agnella/banyu/tugas1/install/interfaces/share/interfaces/package.bash'
[1.286s] INFO:colcon.colcon_core.shell:Creating package script '/home/agnella/banyu/tugas1/install/interfaces/share/interfaces/package.zsh'
[1.287s] Level 1:colcon.colcon_core.environment:create_file_with_runtime_dependencies(/home/agnella/banyu/tugas1/install/interfaces/share/colcon-core/packages/interfaces)
[9.686s] DEBUG:colcon.colcon_core.event_handler.log_command:Invoked command in '/home/agnella/banyu/tugas1/build/pubsub' returned '0': CMAKE_PREFIX_PATH=${CMAKE_PREFIX_PATH}:/opt/ros/humble /usr/bin/cmake --build /home/agnella/banyu/tugas1/build/pubsub -- -j4 -l4
[9.706s] DEBUG:colcon.colcon_core.event_handler.log_command:Invoking command in '/home/agnella/banyu/tugas1/build/pubsub': CMAKE_PREFIX_PATH=${CMAKE_PREFIX_PATH}:/opt/ros/humble /usr/bin/cmake --install /home/agnella/banyu/tugas1/build/pubsub
[9.722s] Level 1:colcon.colcon_core.environment:create_environment_scripts_only(pubsub)
[9.723s] Level 1:colcon.colcon_core.environment:checking '/home/agnella/banyu/tugas1/install/pubsub' for CMake module files
[9.724s] DEBUG:colcon.colcon_core.event_handler.log_command:Invoked command in '/home/agnella/banyu/tugas1/build/pubsub' returned '0': CMAKE_PREFIX_PATH=${CMAKE_PREFIX_PATH}:/opt/ros/humble /usr/bin/cmake --install /home/agnella/banyu/tugas1/build/pubsub
[9.724s] Level 1:colcon.colcon_core.environment:checking '/home/agnella/banyu/tugas1/install/pubsub' for CMake config files
[9.725s] Level 1:colcon.colcon_core.shell:create_environment_hook('pubsub', 'cmake_prefix_path')
[9.725s] INFO:colcon.colcon_core.shell:Creating environment hook '/home/agnella/banyu/tugas1/install/pubsub/share/pubsub/hook/cmake_prefix_path.ps1'
[9.726s] INFO:colcon.colcon_core.shell:Creating environment descriptor '/home/agnella/banyu/tugas1/install/pubsub/share/pubsub/hook/cmake_prefix_path.dsv'
[9.727s] INFO:colcon.colcon_core.shell:Creating environment hook '/home/agnella/banyu/tugas1/install/pubsub/share/pubsub/hook/cmake_prefix_path.sh'
[9.728s] Level 1:colcon.colcon_core.environment:checking '/home/agnella/banyu/tugas1/install/pubsub/lib'
[9.728s] Level 1:colcon.colcon_core.environment:checking '/home/agnella/banyu/tugas1/install/pubsub/bin'
[9.728s] Level 1:colcon.colcon_core.environment:checking '/home/agnella/banyu/tugas1/install/pubsub/lib/pkgconfig/pubsub.pc'
[9.728s] Level 1:colcon.colcon_core.environment:checking '/home/agnella/banyu/tugas1/install/pubsub/lib/python3.10/site-packages'
[9.728s] Level 1:colcon.colcon_core.environment:checking '/home/agnella/banyu/tugas1/install/pubsub/bin'
[9.729s] INFO:colcon.colcon_core.shell:Creating package script '/home/agnella/banyu/tugas1/install/pubsub/share/pubsub/package.ps1'
[9.729s] INFO:colcon.colcon_core.shell:Creating package descriptor '/home/agnella/banyu/tugas1/install/pubsub/share/pubsub/package.dsv'
[9.730s] INFO:colcon.colcon_core.shell:Creating package script '/home/agnella/banyu/tugas1/install/pubsub/share/pubsub/package.sh'
[9.731s] INFO:colcon.colcon_core.shell:Creating package script '/home/agnella/banyu/tugas1/install/pubsub/share/pubsub/package.bash'
[9.732s] INFO:colcon.colcon_core.shell:Creating package script '/home/agnella/banyu/tugas1/install/pubsub/share/pubsub/package.zsh'
[9.733s] Level 1:colcon.colcon_core.environment:create_file_with_runtime_dependencies(/home/agnella/banyu/tugas1/install/pubsub/share/colcon-core/packages/pubsub)
[9.756s] Level 1:colcon.colcon_core.environment:create_environment_scripts_only(pubsub)
[9.756s] Level 1:colcon.colcon_core.environment:checking '/home/agnella/banyu/tugas1/install/pubsub' for CMake module files
[9.757s] Level 1:colcon.colcon_core.environment:checking '/home/agnella/banyu/tugas1/install/pubsub' for CMake config files
[9.757s] Level 1:colcon.colcon_core.shell:create_environment_hook('pubsub', 'cmake_prefix_path')
[9.757s] INFO:colcon.colcon_core.shell:Creating environment hook '/home/agnella/banyu/tugas1/install/pubsub/share/pubsub/hook/cmake_prefix_path.ps1'
[9.757s] INFO:colcon.colcon_core.shell:Creating environment descriptor '/home/agnella/banyu/tugas1/install/pubsub/share/pubsub/hook/cmake_prefix_path.dsv'
[9.758s] INFO:colcon.colcon_core.shell:Creating environment hook '/home/agnella/banyu/tugas1/install/pubsub/share/pubsub/hook/cmake_prefix_path.sh'
[9.758s] Level 1:colcon.colcon_core.environment:checking '/home/agnella/banyu/tugas1/install/pubsub/lib'
[9.760s] Level 1:colcon.colcon_core.environment:checking '/home/agnella/banyu/tugas1/install/pubsub/bin'
[9.760s] Level 1:colcon.colcon_core.environment:checking '/home/agnella/banyu/tugas1/install/pubsub/lib/pkgconfig/pubsub.pc'
[9.760s] Level 1:colcon.colcon_core.environment:checking '/home/agnella/banyu/tugas1/install/pubsub/lib/python3.10/site-packages'
[9.761s] Level 1:colcon.colcon_core.environment:checking '/home/agnella/banyu/tugas1/install/pubsub/bin'
[9.761s] INFO:colcon.colcon_core.shell:Creating package script '/home/agnella/banyu/tugas1/install/pubsub/share/pubsub/package.ps1'
[9.761s] INFO:colcon.colcon_core.shell:Creating package descriptor '/home/agnella/banyu/tugas1/install/pubsub/share/pubsub/package.dsv'
[9.762s] INFO:colcon.colcon_core.shell:Creating package script '/home/agnella/banyu/tugas1/install/pubsub/share/pubsub/package.sh'
[9.762s] INFO:colcon.colcon_core.shell:Creating package script '/home/agnella/banyu/tugas1/install/pubsub/share/pubsub/package.bash'
[9.763s] INFO:colcon.colcon_core.shell:Creating package script '/home/agnella/banyu/tugas1/install/pubsub/share/pubsub/package.zsh'
[9.763s] Level 1:colcon.colcon_core.environment:create_file_with_runtime_dependencies(/home/agnella/banyu/tugas1/install/pubsub/share/colcon-core/packages/pubsub)
[9.764s] DEBUG:colcon.colcon_parallel_executor.executor.parallel:closing loop
[9.765s] DEBUG:colcon.colcon_parallel_executor.executor.parallel:loop closed
[9.765s] DEBUG:colcon.colcon_parallel_executor.executor.parallel:run_until_complete finished with '0'
[9.765s] DEBUG:colcon.colcon_core.event_reactor:joining thread
[9.774s] INFO:colcon.colcon_core.plugin_system:Skipping extension 'colcon_notification.desktop_notification.terminal_notifier': Not used on non-Darwin systems
[9.774s] INFO:colcon.colcon_core.plugin_system:Skipping extension 'colcon_notification.desktop_notification.win32': Not used on non-Windows systems
[9.774s] INFO:colcon.colcon_notification.desktop_notification:Sending desktop notification using 'notify2'
[9.833s] DEBUG:colcon.colcon_core.event_reactor:joined thread
[9.834s] INFO:colcon.colcon_core.shell:Creating prefix script '/home/agnella/banyu/tugas1/install/local_setup.ps1'
[9.835s] INFO:colcon.colcon_core.shell:Creating prefix util module '/home/agnella/banyu/tugas1/install/_local_setup_util_ps1.py'
[9.842s] INFO:colcon.colcon_core.shell:Creating prefix chain script '/home/agnella/banyu/tugas1/install/setup.ps1'
[9.846s] INFO:colcon.colcon_core.shell:Creating prefix script '/home/agnella/banyu/tugas1/install/local_setup.sh'
[9.847s] INFO:colcon.colcon_core.shell:Creating prefix util module '/home/agnella/banyu/tugas1/install/_local_setup_util_sh.py'
[9.848s] INFO:colcon.colcon_core.shell:Creating prefix chain script '/home/agnella/banyu/tugas1/install/setup.sh'
[9.853s] INFO:colcon.colcon_core.shell:Creating prefix script '/home/agnella/banyu/tugas1/install/local_setup.bash'
[9.855s] INFO:colcon.colcon_core.shell:Creating prefix chain script '/home/agnella/banyu/tugas1/install/setup.bash'
[9.857s] INFO:colcon.colcon_core.shell:Creating prefix script '/home/agnella/banyu/tugas1/install/local_setup.zsh'
[9.859s] INFO:colcon.colcon_core.shell:Creating prefix chain script '/home/agnella/banyu/tugas1/install/setup.zsh'
